2019-05-06 00:40:25.539 INFO [main]edu.uni.UniApplication.logStarting:50 -Starting UniApplication on wcx with PID 4240 (C:\Users\MacBook\Desktop\软件项目管理作业\uniProject\uni\target\classes started by MacBook in C:\Users\MacBook\Desktop\软件项目管理作业\uniProject\uni)
2019-05-06 00:40:25.543 INFO [main]edu.uni.UniApplication.logStartupProfileInfo:675 -No active profile set, falling back to default profiles: default
2019-05-06 00:40:28.429 INFO [main]o.s.d.repository.config.RepositoryConfigurationDelegate.multipleStoresDetected:244 -Multiple Spring Data modules found, entering strict repository configuration mode!
2019-05-06 00:40:28.432 INFO [main]o.s.d.repository.config.RepositoryConfigurationDelegate.registerRepositoriesIn:126 -Bootstrapping Spring Data repositories in DEFAULT mode.
2019-05-06 00:40:28.574 INFO [main]o.s.d.repository.config.RepositoryConfigurationDelegate.registerRepositoriesIn:182 -Finished Spring Data repository scanning in 98ms. Found 0 repository interfaces.
2019-05-06 00:40:29.092 INFO [main]o.s.c.s.PostProcessorRegistrationDelegate$BeanPostProcessorChecker.postProcessAfterInitialization:330 -Bean 'druidConfiguration' of type [edu.uni.config.DruidConfiguration$$EnhancerBySpringCGLIB$$89dbc919] is not eligible for getting processed by all BeanPostProcessors (for example: not eligible for auto-proxying)
2019-05-06 00:40:29.194 INFO [main]o.s.c.s.PostProcessorRegistrationDelegate$BeanPostProcessorChecker.postProcessAfterInitialization:330 -Bean 'org.springframework.transaction.annotation.ProxyTransactionManagementConfiguration' of type [org.springframework.transaction.annotation.ProxyTransactionManagementConfiguration$$EnhancerBySpringCGLIB$$aee220ca] is not eligible for getting processed by all BeanPostProcessors (for example: not eligible for auto-proxying)
2019-05-06 00:40:29.987 INFO [main]o.s.boot.web.embedded.tomcat.TomcatWebServer.initialize:90 -Tomcat initialized with port(s): 8080 (http)
2019-05-06 00:40:30.025 INFO [main]org.apache.coyote.http11.Http11NioProtocol.log:173 -Initializing ProtocolHandler ["http-nio-8080"]
2019-05-06 00:40:30.054 INFO [main]org.apache.catalina.core.StandardService.log:173 -Starting service [Tomcat]
2019-05-06 00:40:30.054 INFO [main]org.apache.catalina.core.StandardEngine.log:173 -Starting Servlet engine: [Apache Tomcat/9.0.16]
2019-05-06 00:40:30.064 INFO [main]org.apache.catalina.core.AprLifecycleListener.log:173 -The APR based Apache Tomcat Native library which allows optimal performance in production environments was not found on the java.library.path: [C:\Program Files\Java\jdk-9.0.4\bin;C:\Windows\Sun\Java\bin;C:\Windows\system32;C:\Windows;D:\app\MacBook\product\11.2.0\dbhome_1\bin;C:\ProgramData\Oracle\Java\javapath;C:\Program Files\Java\jdk-9.0.4\bin;C:\Windows\system32;C:\Windows;C:\Windows\System32\Wbem;C:\Windows\System32\WindowsPowerShell\v1.0\;C:\Program Files\Microsoft SQL Server\Client SDK\ODBC\110\Tools\Binn\;C:\Program Files (x86)\Microsoft SQL Server\120\Tools\Binn\;C:\Program Files\Microsoft SQL Server\120\Tools\Binn\;C:\Program Files\Microsoft SQL Server\120\DTS\Binn\;C:\Program Files (x86)\Microsoft SQL Server\120\Tools\Binn\ManagementStudio\;C:\Program Files (x86)\Microsoft SQL Server\120\DTS\Binn\;D:\大学\Node.js;%;YSQL_HOME%\bin;D:\大学\MySQL\bin;D:\study\Git\cmd;D:\大学\pict测试工具\;D:\大学\Node.js\;D:\大学\apache-maven-3.6.0-bin\apache-maven-3.6.0\bin\;D:\cmder;D:\study\nvm;D:\Program Files\nodejs;C:\Users\MacBook\AppData\Local\GitHubDesktop\bin;C:\Users\MacBook\AppData\Roaming\npm;D:\大学\Microsoft VS Code\bin;D:\study\nvm;D:\Program Files\nodejs;.]
2019-05-06 00:40:30.215 INFO [main]o.a.catalina.core.ContainerBase.[Tomcat].[localhost].[/].log:173 -Initializing Spring embedded WebApplicationContext
2019-05-06 00:40:30.216 INFO [main]org.springframework.web.context.ContextLoader.prepareWebApplicationContext:296 -Root WebApplicationContext: initialization completed in 4279 ms
2019-05-06 00:40:32.765 INFO [main]o.s.scheduling.concurrent.ThreadPoolTaskExecutor.initialize:171 -Initializing ExecutorService 'applicationTaskExecutor'
2019-05-06 00:40:33.450 INFO [main]s.d.spring.web.plugins.DocumentationPluginsBootstrapper.start:120 -Context refreshed
2019-05-06 00:40:33.511 INFO [main]s.d.spring.web.plugins.DocumentationPluginsBootstrapper.start:123 -Found 1 custom documentation plugin(s)
2019-05-06 00:40:33.542 INFO [main]s.d.spring.web.scanners.ApiListingReferenceScanner.scan:41 -Scanning for api listing references
2019-05-06 00:40:33.839 INFO [main]org.apache.coyote.http11.Http11NioProtocol.log:173 -Starting ProtocolHandler ["http-nio-8080"]
2019-05-06 00:40:33.882 INFO [main]o.s.boot.web.embedded.tomcat.TomcatWebServer.start:204 -Tomcat started on port(s): 8080 (http) with context path ''
2019-05-06 00:40:33.888 INFO [main]edu.uni.UniApplication.logStarted:59 -Started UniApplication in 12.328 seconds (JVM running for 16.358)
2019-05-06 00:40:43.872 INFO [http-nio-8080-exec-1]o.a.catalina.core.ContainerBase.[Tomcat].[localhost].[/].log:173 -Initializing Spring DispatcherServlet 'dispatcherServlet'
2019-05-06 00:40:43.875 INFO [http-nio-8080-exec-1]org.springframework.web.servlet.DispatcherServlet.initServletBean:524 -Initializing Servlet 'dispatcherServlet'
2019-05-06 00:40:43.896 INFO [http-nio-8080-exec-1]org.springframework.web.servlet.DispatcherServlet.initServletBean:546 -Completed initialization in 21 ms
2019-05-06 00:41:04.688 INFO [http-nio-8080-exec-3]com.alibaba.druid.pool.DruidDataSource.init:922 -{dataSource-1} inited
2019-05-06 00:46:04.882 INFO [main]edu.uni.UniApplication.logStarting:50 -Starting UniApplication on wcx with PID 8740 (C:\Users\MacBook\Desktop\软件项目管理作业\uniProject\uni\target\classes started by MacBook in C:\Users\MacBook\Desktop\软件项目管理作业\uniProject\uni)
2019-05-06 00:46:04.889 INFO [main]edu.uni.UniApplication.logStartupProfileInfo:675 -No active profile set, falling back to default profiles: default
2019-05-06 00:46:06.728 INFO [main]o.s.d.repository.config.RepositoryConfigurationDelegate.multipleStoresDetected:244 -Multiple Spring Data modules found, entering strict repository configuration mode!
2019-05-06 00:46:06.730 INFO [main]o.s.d.repository.config.RepositoryConfigurationDelegate.registerRepositoriesIn:126 -Bootstrapping Spring Data repositories in DEFAULT mode.
2019-05-06 00:46:06.790 INFO [main]o.s.d.repository.config.RepositoryConfigurationDelegate.registerRepositoriesIn:182 -Finished Spring Data repository scanning in 46ms. Found 0 repository interfaces.
2019-05-06 00:46:07.072 INFO [main]o.s.c.s.PostProcessorRegistrationDelegate$BeanPostProcessorChecker.postProcessAfterInitialization:330 -Bean 'druidConfiguration' of type [edu.uni.config.DruidConfiguration$$EnhancerBySpringCGLIB$$78ae65ed] is not eligible for getting processed by all BeanPostProcessors (for example: not eligible for auto-proxying)
2019-05-06 00:46:07.143 INFO [main]o.s.c.s.PostProcessorRegistrationDelegate$BeanPostProcessorChecker.postProcessAfterInitialization:330 -Bean 'org.springframework.transaction.annotation.ProxyTransactionManagementConfiguration' of type [org.springframework.transaction.annotation.ProxyTransactionManagementConfiguration$$EnhancerBySpringCGLIB$$9db4bd9e] is not eligible for getting processed by all BeanPostProcessors (for example: not eligible for auto-proxying)
2019-05-06 00:46:07.558 INFO [main]o.s.boot.web.embedded.tomcat.TomcatWebServer.initialize:90 -Tomcat initialized with port(s): 8080 (http)
2019-05-06 00:46:07.575 INFO [main]org.apache.coyote.http11.Http11NioProtocol.log:173 -Initializing ProtocolHandler ["http-nio-8080"]
2019-05-06 00:46:07.589 INFO [main]org.apache.catalina.core.StandardService.log:173 -Starting service [Tomcat]
2019-05-06 00:46:07.589 INFO [main]org.apache.catalina.core.StandardEngine.log:173 -Starting Servlet engine: [Apache Tomcat/9.0.16]
2019-05-06 00:46:07.598 INFO [main]org.apache.catalina.core.AprLifecycleListener.log:173 -The APR based Apache Tomcat Native library which allows optimal performance in production environments was not found on the java.library.path: [C:\Program Files\Java\jdk-9.0.4\bin;C:\Windows\Sun\Java\bin;C:\Windows\system32;C:\Windows;D:\app\MacBook\product\11.2.0\dbhome_1\bin;C:\ProgramData\Oracle\Java\javapath;C:\Program Files\Java\jdk-9.0.4\bin;C:\Windows\system32;C:\Windows;C:\Windows\System32\Wbem;C:\Windows\System32\WindowsPowerShell\v1.0\;C:\Program Files\Microsoft SQL Server\Client SDK\ODBC\110\Tools\Binn\;C:\Program Files (x86)\Microsoft SQL Server\120\Tools\Binn\;C:\Program Files\Microsoft SQL Server\120\Tools\Binn\;C:\Program Files\Microsoft SQL Server\120\DTS\Binn\;C:\Program Files (x86)\Microsoft SQL Server\120\Tools\Binn\ManagementStudio\;C:\Program Files (x86)\Microsoft SQL Server\120\DTS\Binn\;D:\大学\Node.js;%;YSQL_HOME%\bin;D:\大学\MySQL\bin;D:\study\Git\cmd;D:\大学\pict测试工具\;D:\大学\Node.js\;D:\大学\apache-maven-3.6.0-bin\apache-maven-3.6.0\bin\;D:\cmder;D:\study\nvm;D:\Program Files\nodejs;C:\Users\MacBook\AppData\Local\GitHubDesktop\bin;C:\Users\MacBook\AppData\Roaming\npm;D:\大学\Microsoft VS Code\bin;D:\study\nvm;D:\Program Files\nodejs;.]
2019-05-06 00:46:07.708 INFO [main]o.a.catalina.core.ContainerBase.[Tomcat].[localhost].[/].log:173 -Initializing Spring embedded WebApplicationContext
2019-05-06 00:46:07.708 INFO [main]org.springframework.web.context.ContextLoader.prepareWebApplicationContext:296 -Root WebApplicationContext: initialization completed in 2689 ms
2019-05-06 00:46:09.212 INFO [main]o.s.scheduling.concurrent.ThreadPoolTaskExecutor.initialize:171 -Initializing ExecutorService 'applicationTaskExecutor'
2019-05-06 00:46:09.574 INFO [main]s.d.spring.web.plugins.DocumentationPluginsBootstrapper.start:120 -Context refreshed
2019-05-06 00:46:09.589 INFO [main]s.d.spring.web.plugins.DocumentationPluginsBootstrapper.start:123 -Found 1 custom documentation plugin(s)
2019-05-06 00:46:09.603 INFO [main]s.d.spring.web.scanners.ApiListingReferenceScanner.scan:41 -Scanning for api listing references
2019-05-06 00:46:09.800 INFO [main]org.apache.coyote.http11.Http11NioProtocol.log:173 -Starting ProtocolHandler ["http-nio-8080"]
2019-05-06 00:46:09.868 INFO [main]o.s.boot.web.embedded.tomcat.TomcatWebServer.start:204 -Tomcat started on port(s): 8080 (http) with context path ''
2019-05-06 00:46:09.873 INFO [main]edu.uni.UniApplication.logStarted:59 -Started UniApplication in 5.877 seconds (JVM running for 7.622)
2019-05-06 00:46:14.867 INFO [http-nio-8080-exec-1]o.a.catalina.core.ContainerBase.[Tomcat].[localhost].[/].log:173 -Initializing Spring DispatcherServlet 'dispatcherServlet'
2019-05-06 00:46:14.867 INFO [http-nio-8080-exec-1]org.springframework.web.servlet.DispatcherServlet.initServletBean:524 -Initializing Servlet 'dispatcherServlet'
2019-05-06 00:46:14.877 INFO [http-nio-8080-exec-1]org.springframework.web.servlet.DispatcherServlet.initServletBean:546 -Completed initialization in 10 ms
2019-05-06 00:46:19.887 INFO [http-nio-8080-exec-7]com.alibaba.druid.pool.DruidDataSource.init:922 -{dataSource-1} inited
2019-05-06 01:18:59.011 INFO [main]edu.uni.UniApplication.logStarting:50 -Starting UniApplication on wcx with PID 8368 (C:\Users\MacBook\Desktop\软件项目管理作业\uniProject\uni\target\classes started by MacBook in C:\Users\MacBook\Desktop\软件项目管理作业\uniProject\uni)
2019-05-06 01:18:59.015 INFO [main]edu.uni.UniApplication.logStartupProfileInfo:675 -No active profile set, falling back to default profiles: default
2019-05-06 01:19:00.161 INFO [main]o.s.d.repository.config.RepositoryConfigurationDelegate.multipleStoresDetected:244 -Multiple Spring Data modules found, entering strict repository configuration mode!
2019-05-06 01:19:00.165 INFO [main]o.s.d.repository.config.RepositoryConfigurationDelegate.registerRepositoriesIn:126 -Bootstrapping Spring Data repositories in DEFAULT mode.
2019-05-06 01:19:00.238 INFO [main]o.s.d.repository.config.RepositoryConfigurationDelegate.registerRepositoriesIn:182 -Finished Spring Data repository scanning in 48ms. Found 0 repository interfaces.
2019-05-06 01:19:00.520 INFO [main]o.s.c.s.PostProcessorRegistrationDelegate$BeanPostProcessorChecker.postProcessAfterInitialization:330 -Bean 'druidConfiguration' of type [edu.uni.config.DruidConfiguration$$EnhancerBySpringCGLIB$$eddd04a2] is not eligible for getting processed by all BeanPostProcessors (for example: not eligible for auto-proxying)
2019-05-06 01:19:00.593 INFO [main]o.s.c.s.PostProcessorRegistrationDelegate$BeanPostProcessorChecker.postProcessAfterInitialization:330 -Bean 'org.springframework.transaction.annotation.ProxyTransactionManagementConfiguration' of type [org.springframework.transaction.annotation.ProxyTransactionManagementConfiguration$$EnhancerBySpringCGLIB$$12e35c53] is not eligible for getting processed by all BeanPostProcessors (for example: not eligible for auto-proxying)
2019-05-06 01:19:00.995 INFO [main]o.s.boot.web.embedded.tomcat.TomcatWebServer.initialize:90 -Tomcat initialized with port(s): 8080 (http)
2019-05-06 01:19:01.012 INFO [main]org.apache.coyote.http11.Http11NioProtocol.log:173 -Initializing ProtocolHandler ["http-nio-8080"]
2019-05-06 01:19:01.026 INFO [main]org.apache.catalina.core.StandardService.log:173 -Starting service [Tomcat]
2019-05-06 01:19:01.026 INFO [main]org.apache.catalina.core.StandardEngine.log:173 -Starting Servlet engine: [Apache Tomcat/9.0.16]
2019-05-06 01:19:01.033 INFO [main]org.apache.catalina.core.AprLifecycleListener.log:173 -The APR based Apache Tomcat Native library which allows optimal performance in production environments was not found on the java.library.path: [C:\Program Files\Java\jdk-9.0.4\bin;C:\Windows\Sun\Java\bin;C:\Windows\system32;C:\Windows;D:\app\MacBook\product\11.2.0\dbhome_1\bin;C:\ProgramData\Oracle\Java\javapath;C:\Program Files\Java\jdk-9.0.4\bin;C:\Windows\system32;C:\Windows;C:\Windows\System32\Wbem;C:\Windows\System32\WindowsPowerShell\v1.0\;C:\Program Files\Microsoft SQL Server\Client SDK\ODBC\110\Tools\Binn\;C:\Program Files (x86)\Microsoft SQL Server\120\Tools\Binn\;C:\Program Files\Microsoft SQL Server\120\Tools\Binn\;C:\Program Files\Microsoft SQL Server\120\DTS\Binn\;C:\Program Files (x86)\Microsoft SQL Server\120\Tools\Binn\ManagementStudio\;C:\Program Files (x86)\Microsoft SQL Server\120\DTS\Binn\;D:\大学\Node.js;%;YSQL_HOME%\bin;D:\大学\MySQL\bin;D:\study\Git\cmd;D:\大学\pict测试工具\;D:\大学\Node.js\;D:\大学\apache-maven-3.6.0-bin\apache-maven-3.6.0\bin\;D:\cmder;D:\study\nvm;D:\Program Files\nodejs;C:\Users\MacBook\AppData\Local\GitHubDesktop\bin;C:\Users\MacBook\AppData\Roaming\npm;D:\大学\Microsoft VS Code\bin;D:\study\nvm;D:\Program Files\nodejs;.]
2019-05-06 01:19:01.151 INFO [main]o.a.catalina.core.ContainerBase.[Tomcat].[localhost].[/].log:173 -Initializing Spring embedded WebApplicationContext
2019-05-06 01:19:01.152 INFO [main]org.springframework.web.context.ContextLoader.prepareWebApplicationContext:296 -Root WebApplicationContext: initialization completed in 2072 ms
2019-05-06 01:19:02.647 INFO [main]o.s.scheduling.concurrent.ThreadPoolTaskExecutor.initialize:171 -Initializing ExecutorService 'applicationTaskExecutor'
2019-05-06 01:19:02.998 INFO [main]s.d.spring.web.plugins.DocumentationPluginsBootstrapper.start:120 -Context refreshed
2019-05-06 01:19:03.014 INFO [main]s.d.spring.web.plugins.DocumentationPluginsBootstrapper.start:123 -Found 1 custom documentation plugin(s)
2019-05-06 01:19:03.026 INFO [main]s.d.spring.web.scanners.ApiListingReferenceScanner.scan:41 -Scanning for api listing references
2019-05-06 01:19:03.255 INFO [main]org.apache.coyote.http11.Http11NioProtocol.log:173 -Starting ProtocolHandler ["http-nio-8080"]
2019-05-06 01:19:03.297 INFO [main]o.s.boot.web.embedded.tomcat.TomcatWebServer.start:204 -Tomcat started on port(s): 8080 (http) with context path ''
2019-05-06 01:19:03.302 INFO [main]edu.uni.UniApplication.logStarted:59 -Started UniApplication in 7.738 seconds (JVM running for 9.357)
2019-05-06 01:20:20.697 INFO [http-nio-8080-exec-2]o.a.catalina.core.ContainerBase.[Tomcat].[localhost].[/].log:173 -Initializing Spring DispatcherServlet 'dispatcherServlet'
2019-05-06 01:20:20.698 INFO [http-nio-8080-exec-2]org.springframework.web.servlet.DispatcherServlet.initServletBean:524 -Initializing Servlet 'dispatcherServlet'
2019-05-06 01:20:20.710 INFO [http-nio-8080-exec-2]org.springframework.web.servlet.DispatcherServlet.initServletBean:546 -Completed initialization in 10 ms
2019-05-06 01:20:55.811 INFO [http-nio-8080-exec-10]com.alibaba.druid.pool.DruidDataSource.init:922 -{dataSource-1} inited
2019-05-06 10:18:37.205 INFO [main]edu.uni.UniApplication.logStarting:50 -Starting UniApplication on wcx with PID 7548 (C:\Users\MacBook\Desktop\软件项目管理作业\uniProject\uni\target\classes started by MacBook in C:\Users\MacBook\Desktop\软件项目管理作业\uniProject\uni)
2019-05-06 10:18:37.370 INFO [main]edu.uni.UniApplication.logStartupProfileInfo:675 -No active profile set, falling back to default profiles: default
2019-05-06 10:18:41.817 INFO [main]o.s.d.repository.config.RepositoryConfigurationDelegate.multipleStoresDetected:244 -Multiple Spring Data modules found, entering strict repository configuration mode!
2019-05-06 10:18:41.817 INFO [main]o.s.d.repository.config.RepositoryConfigurationDelegate.registerRepositoriesIn:126 -Bootstrapping Spring Data repositories in DEFAULT mode.
2019-05-06 10:18:41.967 INFO [main]o.s.d.repository.config.RepositoryConfigurationDelegate.registerRepositoriesIn:182 -Finished Spring Data repository scanning in 110ms. Found 0 repository interfaces.
2019-05-06 10:18:42.677 INFO [main]o.s.c.s.PostProcessorRegistrationDelegate$BeanPostProcessorChecker.postProcessAfterInitialization:330 -Bean 'druidConfiguration' of type [edu.uni.config.DruidConfiguration$$EnhancerBySpringCGLIB$$89dbc919] is not eligible for getting processed by all BeanPostProcessors (for example: not eligible for auto-proxying)
2019-05-06 10:18:42.817 INFO [main]o.s.c.s.PostProcessorRegistrationDelegate$BeanPostProcessorChecker.postProcessAfterInitialization:330 -Bean 'org.springframework.transaction.annotation.ProxyTransactionManagementConfiguration' of type [org.springframework.transaction.annotation.ProxyTransactionManagementConfiguration$$EnhancerBySpringCGLIB$$aee220ca] is not eligible for getting processed by all BeanPostProcessors (for example: not eligible for auto-proxying)
2019-05-06 10:18:43.817 INFO [main]o.s.boot.web.embedded.tomcat.TomcatWebServer.initialize:90 -Tomcat initialized with port(s): 8080 (http)
2019-05-06 10:18:43.857 INFO [main]org.apache.coyote.http11.Http11NioProtocol.log:173 -Initializing ProtocolHandler ["http-nio-8080"]
2019-05-06 10:18:43.897 INFO [main]org.apache.catalina.core.StandardService.log:173 -Starting service [Tomcat]
2019-05-06 10:18:43.897 INFO [main]org.apache.catalina.core.StandardEngine.log:173 -Starting Servlet engine: [Apache Tomcat/9.0.16]
2019-05-06 10:18:43.907 INFO [main]org.apache.catalina.core.AprLifecycleListener.log:173 -The APR based Apache Tomcat Native library which allows optimal performance in production environments was not found on the java.library.path: [C:\Program Files\Java\jdk-9.0.4\bin;C:\Windows\Sun\Java\bin;C:\Windows\system32;C:\Windows;D:\app\MacBook\product\11.2.0\dbhome_1\bin;C:\ProgramData\Oracle\Java\javapath;C:\Program Files\Java\jdk-9.0.4\bin;C:\Windows\system32;C:\Windows;C:\Windows\System32\Wbem;C:\Windows\System32\WindowsPowerShell\v1.0\;C:\Program Files\Microsoft SQL Server\Client SDK\ODBC\110\Tools\Binn\;C:\Program Files (x86)\Microsoft SQL Server\120\Tools\Binn\;C:\Program Files\Microsoft SQL Server\120\Tools\Binn\;C:\Program Files\Microsoft SQL Server\120\DTS\Binn\;C:\Program Files (x86)\Microsoft SQL Server\120\Tools\Binn\ManagementStudio\;C:\Program Files (x86)\Microsoft SQL Server\120\DTS\Binn\;D:\大学\Node.js;%;YSQL_HOME%\bin;D:\大学\MySQL\bin;D:\study\Git\cmd;D:\大学\pict测试工具\;D:\大学\Node.js\;D:\大学\apache-maven-3.6.0-bin\apache-maven-3.6.0\bin\;D:\cmder;D:\study\nvm;D:\Program Files\nodejs;C:\Users\MacBook\AppData\Local\GitHubDesktop\bin;C:\Users\MacBook\AppData\Roaming\npm;D:\大学\Microsoft VS Code\bin;D:\study\nvm;D:\Program Files\nodejs;.]
2019-05-06 10:18:44.117 INFO [main]o.a.catalina.core.ContainerBase.[Tomcat].[localhost].[/].log:173 -Initializing Spring embedded WebApplicationContext
2019-05-06 10:18:44.117 INFO [main]org.springframework.web.context.ContextLoader.prepareWebApplicationContext:296 -Root WebApplicationContext: initialization completed in 6369 ms
2019-05-06 10:18:48.808 INFO [main]o.s.scheduling.concurrent.ThreadPoolTaskExecutor.initialize:171 -Initializing ExecutorService 'applicationTaskExecutor'
2019-05-06 10:18:49.998 INFO [main]s.d.spring.web.plugins.DocumentationPluginsBootstrapper.start:120 -Context refreshed
2019-05-06 10:18:50.088 INFO [main]s.d.spring.web.plugins.DocumentationPluginsBootstrapper.start:123 -Found 1 custom documentation plugin(s)
2019-05-06 10:18:50.113 INFO [main]s.d.spring.web.scanners.ApiListingReferenceScanner.scan:41 -Scanning for api listing references
2019-05-06 10:18:50.648 INFO [main]org.apache.coyote.http11.Http11NioProtocol.log:173 -Starting ProtocolHandler ["http-nio-8080"]
2019-05-06 10:18:50.707 INFO [main]o.s.boot.web.embedded.tomcat.TomcatWebServer.start:204 -Tomcat started on port(s): 8080 (http) with context path ''
2019-05-06 10:18:50.725 INFO [main]edu.uni.UniApplication.logStarted:59 -Started UniApplication in 15.882 seconds (JVM running for 20.514)
2019-05-06 10:18:50.867 INFO [http-nio-8080-exec-1]o.a.catalina.core.ContainerBase.[Tomcat].[localhost].[/].log:173 -Initializing Spring DispatcherServlet 'dispatcherServlet'
2019-05-06 10:18:50.868 INFO [http-nio-8080-exec-1]org.springframework.web.servlet.DispatcherServlet.initServletBean:524 -Initializing Servlet 'dispatcherServlet'
2019-05-06 10:18:50.904 INFO [http-nio-8080-exec-1]org.springframework.web.servlet.DispatcherServlet.initServletBean:546 -Completed initialization in 35 ms
2019-05-06 10:19:03.742 INFO [http-nio-8080-exec-10]com.alibaba.druid.pool.DruidDataSource.init:922 -{dataSource-1} inited
2019-05-06 19:54:53.875 INFO [main]edu.uni.UniApplication.logStarting:50 -Starting UniApplication on wcx with PID 3560 (C:\Users\MacBook\Desktop\软件项目管理作业\uniProject\uni\target\classes started by MacBook in C:\Users\MacBook\Desktop\软件项目管理作业\uniProject\uni)
2019-05-06 19:54:53.892 INFO [main]edu.uni.UniApplication.logStartupProfileInfo:675 -No active profile set, falling back to default profiles: default
2019-05-06 19:54:58.568 INFO [main]o.s.d.repository.config.RepositoryConfigurationDelegate.multipleStoresDetected:244 -Multiple Spring Data modules found, entering strict repository configuration mode!
2019-05-06 19:54:58.574 INFO [main]o.s.d.repository.config.RepositoryConfigurationDelegate.registerRepositoriesIn:126 -Bootstrapping Spring Data repositories in DEFAULT mode.
2019-05-06 19:54:58.779 INFO [main]o.s.d.repository.config.RepositoryConfigurationDelegate.registerRepositoriesIn:182 -Finished Spring Data repository scanning in 157ms. Found 0 repository interfaces.
2019-05-06 19:54:59.978 INFO [main]o.s.c.s.PostProcessorRegistrationDelegate$BeanPostProcessorChecker.postProcessAfterInitialization:330 -Bean 'druidConfiguration' of type [edu.uni.config.DruidConfiguration$$EnhancerBySpringCGLIB$$2448ce84] is not eligible for getting processed by all BeanPostProcessors (for example: not eligible for auto-proxying)
2019-05-06 19:55:00.133 INFO [main]o.s.c.s.PostProcessorRegistrationDelegate$BeanPostProcessorChecker.postProcessAfterInitialization:330 -Bean 'org.springframework.transaction.annotation.ProxyTransactionManagementConfiguration' of type [org.springframework.transaction.annotation.ProxyTransactionManagementConfiguration$$EnhancerBySpringCGLIB$$494f2635] is not eligible for getting processed by all BeanPostProcessors (for example: not eligible for auto-proxying)
2019-05-06 19:55:01.357 INFO [main]o.s.boot.web.embedded.tomcat.TomcatWebServer.initialize:90 -Tomcat initialized with port(s): 8080 (http)
2019-05-06 19:55:01.445 INFO [main]org.apache.coyote.http11.Http11NioProtocol.log:173 -Initializing ProtocolHandler ["http-nio-8080"]
2019-05-06 19:55:01.472 INFO [main]org.apache.catalina.core.StandardService.log:173 -Starting service [Tomcat]
2019-05-06 19:55:01.484 INFO [main]org.apache.catalina.core.StandardEngine.log:173 -Starting Servlet engine: [Apache Tomcat/9.0.16]
2019-05-06 19:55:01.513 INFO [main]org.apache.catalina.core.AprLifecycleListener.log:173 -The APR based Apache Tomcat Native library which allows optimal performance in production environments was not found on the java.library.path: [C:\Program Files\Java\jdk-9.0.4\bin;C:\Windows\Sun\Java\bin;C:\Windows\system32;C:\Windows;D:\app\MacBook\product\11.2.0\dbhome_1\bin;C:\ProgramData\Oracle\Java\javapath;C:\Program Files\Java\jdk-9.0.4\bin;C:\Windows\system32;C:\Windows;C:\Windows\System32\Wbem;C:\Windows\System32\WindowsPowerShell\v1.0\;C:\Program Files\Microsoft SQL Server\Client SDK\ODBC\110\Tools\Binn\;C:\Program Files (x86)\Microsoft SQL Server\120\Tools\Binn\;C:\Program Files\Microsoft SQL Server\120\Tools\Binn\;C:\Program Files\Microsoft SQL Server\120\DTS\Binn\;C:\Program Files (x86)\Microsoft SQL Server\120\Tools\Binn\ManagementStudio\;C:\Program Files (x86)\Microsoft SQL Server\120\DTS\Binn\;D:\大学\Node.js;%;YSQL_HOME%\bin;D:\大学\MySQL\bin;D:\study\Git\cmd;D:\大学\pict测试工具\;D:\大学\Node.js\;D:\大学\apache-maven-3.6.0-bin\apache-maven-3.6.0\bin\;D:\cmder;D:\study\nvm;D:\Program Files\nodejs;C:\Users\MacBook\AppData\Local\GitHubDesktop\bin;C:\Users\MacBook\AppData\Roaming\npm;D:\大学\Microsoft VS Code\bin;D:\study\nvm;D:\Program Files\nodejs;.]
2019-05-06 19:55:01.875 INFO [main]o.a.catalina.core.ContainerBase.[Tomcat].[localhost].[/].log:173 -Initializing Spring embedded WebApplicationContext
2019-05-06 19:55:01.875 INFO [main]org.springframework.web.context.ContextLoader.prepareWebApplicationContext:296 -Root WebApplicationContext: initialization completed in 7621 ms
2019-05-06 19:55:05.815 INFO [main]o.s.scheduling.concurrent.ThreadPoolTaskExecutor.initialize:171 -Initializing ExecutorService 'applicationTaskExecutor'
2019-05-06 19:55:06.753 INFO [main]s.d.spring.web.plugins.DocumentationPluginsBootstrapper.start:120 -Context refreshed
2019-05-06 19:55:06.824 INFO [main]s.d.spring.web.plugins.DocumentationPluginsBootstrapper.start:123 -Found 1 custom documentation plugin(s)
2019-05-06 19:55:06.845 INFO [main]s.d.spring.web.scanners.ApiListingReferenceScanner.scan:41 -Scanning for api listing references
2019-05-06 19:55:07.360 INFO [main]org.apache.coyote.http11.Http11NioProtocol.log:173 -Starting ProtocolHandler ["http-nio-8080"]
2019-05-06 19:55:07.416 INFO [main]o.s.boot.web.embedded.tomcat.TomcatWebServer.start:204 -Tomcat started on port(s): 8080 (http) with context path ''
2019-05-06 19:55:07.424 INFO [main]edu.uni.UniApplication.logStarted:59 -Started UniApplication in 20.138 seconds (JVM running for 23.46)
2019-05-06 19:55:11.136 INFO [http-nio-8080-exec-1]o.a.catalina.core.ContainerBase.[Tomcat].[localhost].[/].log:173 -Initializing Spring DispatcherServlet 'dispatcherServlet'
2019-05-06 19:55:11.138 INFO [http-nio-8080-exec-1]org.springframework.web.servlet.DispatcherServlet.initServletBean:524 -Initializing Servlet 'dispatcherServlet'
2019-05-06 19:55:11.350 INFO [http-nio-8080-exec-1]org.springframework.web.servlet.DispatcherServlet.initServletBean:546 -Completed initialization in 212 ms
2019-05-06 19:55:33.988 INFO [http-nio-8080-exec-10]com.alibaba.druid.pool.DruidDataSource.init:922 -{dataSource-1} inited
2019-05-06 20:57:26.542 INFO [main]edu.uni.UniApplication.logStarting:50 -Starting UniApplication on wcx with PID 8168 (C:\Users\MacBook\Desktop\软件项目管理作业\uniProject\uni\target\classes started by MacBook in C:\Users\MacBook\Desktop\软件项目管理作业\uniProject\uni)
2019-05-06 20:57:26.565 INFO [main]edu.uni.UniApplication.logStartupProfileInfo:675 -No active profile set, falling back to default profiles: default
2019-05-06 20:57:28.662 INFO [main]o.s.d.repository.config.RepositoryConfigurationDelegate.multipleStoresDetected:244 -Multiple Spring Data modules found, entering strict repository configuration mode!
2019-05-06 20:57:28.665 INFO [main]o.s.d.repository.config.RepositoryConfigurationDelegate.registerRepositoriesIn:126 -Bootstrapping Spring Data repositories in DEFAULT mode.
2019-05-06 20:57:28.727 INFO [main]o.s.d.repository.config.RepositoryConfigurationDelegate.registerRepositoriesIn:182 -Finished Spring Data repository scanning in 48ms. Found 0 repository interfaces.
2019-05-06 20:57:29.043 INFO [main]o.s.c.s.PostProcessorRegistrationDelegate$BeanPostProcessorChecker.postProcessAfterInitialization:330 -Bean 'druidConfiguration' of type [edu.uni.config.DruidConfiguration$$EnhancerBySpringCGLIB$$3e3ed3ae] is not eligible for getting processed by all BeanPostProcessors (for example: not eligible for auto-proxying)
2019-05-06 20:57:29.136 INFO [main]o.s.c.s.PostProcessorRegistrationDelegate$BeanPostProcessorChecker.postProcessAfterInitialization:330 -Bean 'org.springframework.transaction.annotation.ProxyTransactionManagementConfiguration' of type [org.springframework.transaction.annotation.ProxyTransactionManagementConfiguration$$EnhancerBySpringCGLIB$$63452b5f] is not eligible for getting processed by all BeanPostProcessors (for example: not eligible for auto-proxying)
2019-05-06 20:57:29.742 INFO [main]o.s.boot.web.embedded.tomcat.TomcatWebServer.initialize:90 -Tomcat initialized with port(s): 8080 (http)
2019-05-06 20:57:29.763 INFO [main]org.apache.coyote.http11.Http11NioProtocol.log:173 -Initializing ProtocolHandler ["http-nio-8080"]
2019-05-06 20:57:29.776 INFO [main]org.apache.catalina.core.StandardService.log:173 -Starting service [Tomcat]
2019-05-06 20:57:29.776 INFO [main]org.apache.catalina.core.StandardEngine.log:173 -Starting Servlet engine: [Apache Tomcat/9.0.16]
2019-05-06 20:57:29.785 INFO [main]org.apache.catalina.core.AprLifecycleListener.log:173 -The APR based Apache Tomcat Native library which allows optimal performance in production environments was not found on the java.library.path: [C:\Program Files\Java\jdk-9.0.4\bin;C:\Windows\Sun\Java\bin;C:\Windows\system32;C:\Windows;D:\app\MacBook\product\11.2.0\dbhome_1\bin;C:\ProgramData\Oracle\Java\javapath;C:\Program Files\Java\jdk-9.0.4\bin;C:\Windows\system32;C:\Windows;C:\Windows\System32\Wbem;C:\Windows\System32\WindowsPowerShell\v1.0\;C:\Program Files\Microsoft SQL Server\Client SDK\ODBC\110\Tools\Binn\;C:\Program Files (x86)\Microsoft SQL Server\120\Tools\Binn\;C:\Program Files\Microsoft SQL Server\120\Tools\Binn\;C:\Program Files\Microsoft SQL Server\120\DTS\Binn\;C:\Program Files (x86)\Microsoft SQL Server\120\Tools\Binn\ManagementStudio\;C:\Program Files (x86)\Microsoft SQL Server\120\DTS\Binn\;D:\大学\Node.js;%;YSQL_HOME%\bin;D:\大学\MySQL\bin;D:\study\Git\cmd;D:\大学\pict测试工具\;D:\大学\Node.js\;D:\大学\apache-maven-3.6.0-bin\apache-maven-3.6.0\bin\;D:\cmder;D:\study\nvm;D:\Program Files\nodejs;C:\Users\MacBook\AppData\Local\GitHubDesktop\bin;C:\Users\MacBook\AppData\Roaming\npm;D:\大学\Microsoft VS Code\bin;D:\study\nvm;D:\Program Files\nodejs;.]
2019-05-06 20:57:29.928 INFO [main]o.a.catalina.core.ContainerBase.[Tomcat].[localhost].[/].log:173 -Initializing Spring embedded WebApplicationContext
2019-05-06 20:57:29.928 INFO [main]org.springframework.web.context.ContextLoader.prepareWebApplicationContext:296 -Root WebApplicationContext: initialization completed in 3272 ms
2019-05-06 20:57:32.024 INFO [main]o.s.scheduling.concurrent.ThreadPoolTaskExecutor.initialize:171 -Initializing ExecutorService 'applicationTaskExecutor'
2019-05-06 20:57:32.418 INFO [main]s.d.spring.web.plugins.DocumentationPluginsBootstrapper.start:120 -Context refreshed
2019-05-06 20:57:32.433 INFO [main]s.d.spring.web.plugins.DocumentationPluginsBootstrapper.start:123 -Found 1 custom documentation plugin(s)
2019-05-06 20:57:32.472 INFO [main]s.d.spring.web.scanners.ApiListingReferenceScanner.scan:41 -Scanning for api listing references
2019-05-06 20:57:32.702 INFO [main]org.apache.coyote.http11.Http11NioProtocol.log:173 -Starting ProtocolHandler ["http-nio-8080"]
2019-05-06 20:57:32.738 INFO [main]o.s.boot.web.embedded.tomcat.TomcatWebServer.start:204 -Tomcat started on port(s): 8080 (http) with context path ''
2019-05-06 20:57:32.743 INFO [main]edu.uni.UniApplication.logStarted:59 -Started UniApplication in 6.951 seconds (JVM running for 8.778)
2019-05-06 20:58:29.068 INFO [http-nio-8080-exec-2]o.a.catalina.core.ContainerBase.[Tomcat].[localhost].[/].log:173 -Initializing Spring DispatcherServlet 'dispatcherServlet'
2019-05-06 20:58:29.069 INFO [http-nio-8080-exec-2]org.springframework.web.servlet.DispatcherServlet.initServletBean:524 -Initializing Servlet 'dispatcherServlet'
2019-05-06 20:58:29.085 INFO [http-nio-8080-exec-2]org.springframework.web.servlet.DispatcherServlet.initServletBean:546 -Completed initialization in 16 ms
2019-05-06 20:58:34.047 INFO [http-nio-8080-exec-7]com.alibaba.druid.pool.DruidDataSource.init:922 -{dataSource-1} inited
2019-05-06 21:00:03.348 INFO [main]edu.uni.UniApplication.logStarting:50 -Starting UniApplication on wcx with PID 7228 (C:\Users\MacBook\Desktop\软件项目管理作业\uniProject\uni\target\classes started by MacBook in C:\Users\MacBook\Desktop\软件项目管理作业\uniProject\uni)
2019-05-06 21:00:03.353 INFO [main]edu.uni.UniApplication.logStartupProfileInfo:675 -No active profile set, falling back to default profiles: default
2019-05-06 21:00:04.688 INFO [main]o.s.d.repository.config.RepositoryConfigurationDelegate.multipleStoresDetected:244 -Multiple Spring Data modules found, entering strict repository configuration mode!
2019-05-06 21:00:04.691 INFO [main]o.s.d.repository.config.RepositoryConfigurationDelegate.registerRepositoriesIn:126 -Bootstrapping Spring Data repositories in DEFAULT mode.
2019-05-06 21:00:04.777 INFO [main]o.s.d.repository.config.RepositoryConfigurationDelegate.registerRepositoriesIn:182 -Finished Spring Data repository scanning in 50ms. Found 0 repository interfaces.
2019-05-06 21:00:05.130 INFO [main]o.s.c.s.PostProcessorRegistrationDelegate$BeanPostProcessorChecker.postProcessAfterInitialization:330 -Bean 'druidConfiguration' of type [edu.uni.config.DruidConfiguration$$EnhancerBySpringCGLIB$$e04d9941] is not eligible for getting processed by all BeanPostProcessors (for example: not eligible for auto-proxying)
2019-05-06 21:00:05.234 INFO [main]o.s.c.s.PostProcessorRegistrationDelegate$BeanPostProcessorChecker.postProcessAfterInitialization:330 -Bean 'org.springframework.transaction.annotation.ProxyTransactionManagementConfiguration' of type [org.springframework.transaction.annotation.ProxyTransactionManagementConfiguration$$EnhancerBySpringCGLIB$$553f0f2] is not eligible for getting processed by all BeanPostProcessors (for example: not eligible for auto-proxying)
2019-05-06 21:00:05.806 INFO [main]o.s.boot.web.embedded.tomcat.TomcatWebServer.initialize:90 -Tomcat initialized with port(s): 8080 (http)
2019-05-06 21:00:05.826 INFO [main]org.apache.coyote.http11.Http11NioProtocol.log:173 -Initializing ProtocolHandler ["http-nio-8080"]
2019-05-06 21:00:05.841 INFO [main]org.apache.catalina.core.StandardService.log:173 -Starting service [Tomcat]
2019-05-06 21:00:05.842 INFO [main]org.apache.catalina.core.StandardEngine.log:173 -Starting Servlet engine: [Apache Tomcat/9.0.16]
2019-05-06 21:00:05.854 INFO [main]org.apache.catalina.core.AprLifecycleListener.log:173 -The APR based Apache Tomcat Native library which allows optimal performance in production environments was not found on the java.library.path: [C:\Program Files\Java\jdk-9.0.4\bin;C:\Windows\Sun\Java\bin;C:\Windows\system32;C:\Windows;D:\app\MacBook\product\11.2.0\dbhome_1\bin;C:\ProgramData\Oracle\Java\javapath;C:\Program Files\Java\jdk-9.0.4\bin;C:\Windows\system32;C:\Windows;C:\Windows\System32\Wbem;C:\Windows\System32\WindowsPowerShell\v1.0\;C:\Program Files\Microsoft SQL Server\Client SDK\ODBC\110\Tools\Binn\;C:\Program Files (x86)\Microsoft SQL Server\120\Tools\Binn\;C:\Program Files\Microsoft SQL Server\120\Tools\Binn\;C:\Program Files\Microsoft SQL Server\120\DTS\Binn\;C:\Program Files (x86)\Microsoft SQL Server\120\Tools\Binn\ManagementStudio\;C:\Program Files (x86)\Microsoft SQL Server\120\DTS\Binn\;D:\大学\Node.js;%;YSQL_HOME%\bin;D:\大学\MySQL\bin;D:\study\Git\cmd;D:\大学\pict测试工具\;D:\大学\Node.js\;D:\大学\apache-maven-3.6.0-bin\apache-maven-3.6.0\bin\;D:\cmder;D:\study\nvm;D:\Program Files\nodejs;C:\Users\MacBook\AppData\Local\GitHubDesktop\bin;C:\Users\MacBook\AppData\Roaming\npm;D:\大学\Microsoft VS Code\bin;D:\study\nvm;D:\Program Files\nodejs;.]
2019-05-06 21:00:06.018 INFO [main]o.a.catalina.core.ContainerBase.[Tomcat].[localhost].[/].log:173 -Initializing Spring embedded WebApplicationContext
2019-05-06 21:00:06.020 INFO [main]org.springframework.web.context.ContextLoader.prepareWebApplicationContext:296 -Root WebApplicationContext: initialization completed in 2597 ms
2019-05-06 21:00:08.142 INFO [main]o.s.scheduling.concurrent.ThreadPoolTaskExecutor.initialize:171 -Initializing ExecutorService 'applicationTaskExecutor'
2019-05-06 21:00:08.553 INFO [main]s.d.spring.web.plugins.DocumentationPluginsBootstrapper.start:120 -Context refreshed
2019-05-06 21:00:08.573 INFO [main]s.d.spring.web.plugins.DocumentationPluginsBootstrapper.start:123 -Found 1 custom documentation plugin(s)
2019-05-06 21:00:08.588 INFO [main]s.d.spring.web.scanners.ApiListingReferenceScanner.scan:41 -Scanning for api listing references
2019-05-06 21:00:08.827 INFO [main]org.apache.coyote.http11.Http11NioProtocol.log:173 -Starting ProtocolHandler ["http-nio-8080"]
2019-05-06 21:00:08.870 INFO [main]o.s.boot.web.embedded.tomcat.TomcatWebServer.start:204 -Tomcat started on port(s): 8080 (http) with context path ''
2019-05-06 21:00:08.876 INFO [main]edu.uni.UniApplication.logStarted:59 -Started UniApplication in 6.27 seconds (JVM running for 10.267)
2019-05-06 21:00:30.600 INFO [http-nio-8080-exec-3]o.a.catalina.core.ContainerBase.[Tomcat].[localhost].[/].log:173 -Initializing Spring DispatcherServlet 'dispatcherServlet'
2019-05-06 21:00:30.600 INFO [http-nio-8080-exec-3]org.springframework.web.servlet.DispatcherServlet.initServletBean:524 -Initializing Servlet 'dispatcherServlet'
2019-05-06 21:00:30.613 INFO [http-nio-8080-exec-3]org.springframework.web.servlet.DispatcherServlet.initServletBean:546 -Completed initialization in 12 ms
2019-05-06 21:00:31.192 INFO [http-nio-8080-exec-3]com.alibaba.druid.pool.DruidDataSource.init:922 -{dataSource-1} inited
2019-05-06 21:04:13.416 INFO [Thread-2]o.s.scheduling.concurrent.ThreadPoolTaskExecutor.shutdown:208 -Shutting down ExecutorService 'applicationTaskExecutor'
2019-05-06 21:04:13.653 INFO [Thread-2]com.alibaba.druid.pool.DruidDataSource.close:1817 -{dataSource-1} closed
2019-05-06 21:07:54.357 INFO [main]edu.uni.UniApplication.logStarting:50 -Starting UniApplication on wcx with PID 9044 (C:\Users\MacBook\Desktop\软件项目管理作业\uniProject\uni\target\classes started by MacBook in C:\Users\MacBook\Desktop\软件项目管理作业\uniProject\uni)
2019-05-06 21:07:54.418 INFO [main]edu.uni.UniApplication.logStartupProfileInfo:675 -No active profile set, falling back to default profiles: default
2019-05-06 21:07:56.063 INFO [main]o.s.d.repository.config.RepositoryConfigurationDelegate.multipleStoresDetected:244 -Multiple Spring Data modules found, entering strict repository configuration mode!
2019-05-06 21:07:56.066 INFO [main]o.s.d.repository.config.RepositoryConfigurationDelegate.registerRepositoriesIn:126 -Bootstrapping Spring Data repositories in DEFAULT mode.
2019-05-06 21:07:56.131 INFO [main]o.s.d.repository.config.RepositoryConfigurationDelegate.registerRepositoriesIn:182 -Finished Spring Data repository scanning in 48ms. Found 0 repository interfaces.
2019-05-06 21:07:56.424 INFO [main]o.s.c.s.PostProcessorRegistrationDelegate$BeanPostProcessorChecker.postProcessAfterInitialization:330 -Bean 'druidConfiguration' of type [edu.uni.config.DruidConfiguration$$EnhancerBySpringCGLIB$$6dbd1da3] is not eligible for getting processed by all BeanPostProcessors (for example: not eligible for auto-proxying)
2019-05-06 21:07:56.502 INFO [main]o.s.c.s.PostProcessorRegistrationDelegate$BeanPostProcessorChecker.postProcessAfterInitialization:330 -Bean 'org.springframework.transaction.annotation.ProxyTransactionManagementConfiguration' of type [org.springframework.transaction.annotation.ProxyTransactionManagementConfiguration$$EnhancerBySpringCGLIB$$92c37554] is not eligible for getting processed by all BeanPostProcessors (for example: not eligible for auto-proxying)
2019-05-06 21:07:56.918 INFO [main]o.s.boot.web.embedded.tomcat.TomcatWebServer.initialize:90 -Tomcat initialized with port(s): 8080 (http)
2019-05-06 21:07:56.937 INFO [main]org.apache.coyote.http11.Http11NioProtocol.log:173 -Initializing ProtocolHandler ["http-nio-8080"]
2019-05-06 21:07:56.950 INFO [main]org.apache.catalina.core.StandardService.log:173 -Starting service [Tomcat]
2019-05-06 21:07:56.950 INFO [main]org.apache.catalina.core.StandardEngine.log:173 -Starting Servlet engine: [Apache Tomcat/9.0.16]
2019-05-06 21:07:56.959 INFO [main]org.apache.catalina.core.AprLifecycleListener.log:173 -The APR based Apache Tomcat Native library which allows optimal performance in production environments was not found on the java.library.path: [C:\Program Files\Java\jdk-9.0.4\bin;C:\Windows\Sun\Java\bin;C:\Windows\system32;C:\Windows;D:\app\MacBook\product\11.2.0\dbhome_1\bin;C:\ProgramData\Oracle\Java\javapath;C:\Program Files\Java\jdk-9.0.4\bin;C:\Windows\system32;C:\Windows;C:\Windows\System32\Wbem;C:\Windows\System32\WindowsPowerShell\v1.0\;C:\Program Files\Microsoft SQL Server\Client SDK\ODBC\110\Tools\Binn\;C:\Program Files (x86)\Microsoft SQL Server\120\Tools\Binn\;C:\Program Files\Microsoft SQL Server\120\Tools\Binn\;C:\Program Files\Microsoft SQL Server\120\DTS\Binn\;C:\Program Files (x86)\Microsoft SQL Server\120\Tools\Binn\ManagementStudio\;C:\Program Files (x86)\Microsoft SQL Server\120\DTS\Binn\;D:\大学\Node.js;%;YSQL_HOME%\bin;D:\大学\MySQL\bin;D:\study\Git\cmd;D:\大学\pict测试工具\;D:\大学\Node.js\;D:\大学\apache-maven-3.6.0-bin\apache-maven-3.6.0\bin\;D:\cmder;D:\study\nvm;D:\Program Files\nodejs;C:\Users\MacBook\AppData\Local\GitHubDesktop\bin;C:\Users\MacBook\AppData\Roaming\npm;D:\大学\Microsoft VS Code\bin;D:\study\nvm;D:\Program Files\nodejs;.]
2019-05-06 21:07:57.072 INFO [main]o.a.catalina.core.ContainerBase.[Tomcat].[localhost].[/].log:173 -Initializing Spring embedded WebApplicationContext
2019-05-06 21:07:57.073 INFO [main]org.springframework.web.context.ContextLoader.prepareWebApplicationContext:296 -Root WebApplicationContext: initialization completed in 2486 ms
2019-05-06 21:07:58.661 INFO [main]o.s.scheduling.concurrent.ThreadPoolTaskExecutor.initialize:171 -Initializing ExecutorService 'applicationTaskExecutor'
2019-05-06 21:07:59.021 INFO [main]s.d.spring.web.plugins.DocumentationPluginsBootstrapper.start:120 -Context refreshed
2019-05-06 21:07:59.040 INFO [main]s.d.spring.web.plugins.DocumentationPluginsBootstrapper.start:123 -Found 1 custom documentation plugin(s)
2019-05-06 21:07:59.053 INFO [main]s.d.spring.web.scanners.ApiListingReferenceScanner.scan:41 -Scanning for api listing references
2019-05-06 21:07:59.288 INFO [main]org.apache.coyote.http11.Http11NioProtocol.log:173 -Starting ProtocolHandler ["http-nio-8080"]
2019-05-06 21:07:59.333 INFO [main]o.s.boot.web.embedded.tomcat.TomcatWebServer.start:204 -Tomcat started on port(s): 8080 (http) with context path ''
2019-05-06 21:07:59.339 INFO [main]edu.uni.UniApplication.logStarted:59 -Started UniApplication in 5.903 seconds (JVM running for 7.448)
2019-05-06 21:08:07.917 INFO [http-nio-8080-exec-1]o.a.catalina.core.ContainerBase.[Tomcat].[localhost].[/].log:173 -Initializing Spring DispatcherServlet 'dispatcherServlet'
2019-05-06 21:08:07.917 INFO [http-nio-8080-exec-1]org.springframework.web.servlet.DispatcherServlet.initServletBean:524 -Initializing Servlet 'dispatcherServlet'
2019-05-06 21:08:07.928 INFO [http-nio-8080-exec-1]org.springframework.web.servlet.DispatcherServlet.initServletBean:546 -Completed initialization in 10 ms
2019-05-06 21:08:11.756 INFO [http-nio-8080-exec-7]com.alibaba.druid.pool.DruidDataSource.init:922 -{dataSource-1} inited
2019-05-06 21:26:04.858 INFO [main]edu.uni.UniApplication.logStarting:50 -Starting UniApplication on wcx with PID 3056 (C:\Users\MacBook\Desktop\软件项目管理作业\uniProject\uni\target\classes started by MacBook in C:\Users\MacBook\Desktop\软件项目管理作业\uniProject\uni)
2019-05-06 21:26:04.864 INFO [main]edu.uni.UniApplication.logStartupProfileInfo:675 -No active profile set, falling back to default profiles: default
2019-05-06 21:26:06.995 INFO [main]o.s.d.repository.config.RepositoryConfigurationDelegate.multipleStoresDetected:244 -Multiple Spring Data modules found, entering strict repository configuration mode!
2019-05-06 21:26:06.998 INFO [main]o.s.d.repository.config.RepositoryConfigurationDelegate.registerRepositoriesIn:126 -Bootstrapping Spring Data repositories in DEFAULT mode.
2019-05-06 21:26:07.062 INFO [main]o.s.d.repository.config.RepositoryConfigurationDelegate.registerRepositoriesIn:182 -Finished Spring Data repository scanning in 51ms. Found 0 repository interfaces.
2019-05-06 21:26:07.338 INFO [main]o.s.c.s.PostProcessorRegistrationDelegate$BeanPostProcessorChecker.postProcessAfterInitialization:330 -Bean 'druidConfiguration' of type [edu.uni.config.DruidConfiguration$$EnhancerBySpringCGLIB$$c2cbaea8] is not eligible for getting processed by all BeanPostProcessors (for example: not eligible for auto-proxying)
2019-05-06 21:26:07.407 INFO [main]o.s.c.s.PostProcessorRegistrationDelegate$BeanPostProcessorChecker.postProcessAfterInitialization:330 -Bean 'org.springframework.transaction.annotation.ProxyTransactionManagementConfiguration' of type [org.springframework.transaction.annotation.ProxyTransactionManagementConfiguration$$EnhancerBySpringCGLIB$$e7d20659] is not eligible for getting processed by all BeanPostProcessors (for example: not eligible for auto-proxying)
2019-05-06 21:26:07.789 INFO [main]o.s.boot.web.embedded.tomcat.TomcatWebServer.initialize:90 -Tomcat initialized with port(s): 8080 (http)
2019-05-06 21:26:07.808 INFO [main]org.apache.coyote.http11.Http11NioProtocol.log:173 -Initializing ProtocolHandler ["http-nio-8080"]
2019-05-06 21:26:07.820 INFO [main]org.apache.catalina.core.StandardService.log:173 -Starting service [Tomcat]
2019-05-06 21:26:07.821 INFO [main]org.apache.catalina.core.StandardEngine.log:173 -Starting Servlet engine: [Apache Tomcat/9.0.16]
2019-05-06 21:26:07.829 INFO [main]org.apache.catalina.core.AprLifecycleListener.log:173 -The APR based Apache Tomcat Native library which allows optimal performance in production environments was not found on the java.library.path: [C:\Program Files\Java\jdk-9.0.4\bin;C:\Windows\Sun\Java\bin;C:\Windows\system32;C:\Windows;D:\app\MacBook\product\11.2.0\dbhome_1\bin;C:\ProgramData\Oracle\Java\javapath;C:\Program Files\Java\jdk-9.0.4\bin;C:\Windows\system32;C:\Windows;C:\Windows\System32\Wbem;C:\Windows\System32\WindowsPowerShell\v1.0\;C:\Program Files\Microsoft SQL Server\Client SDK\ODBC\110\Tools\Binn\;C:\Program Files (x86)\Microsoft SQL Server\120\Tools\Binn\;C:\Program Files\Microsoft SQL Server\120\Tools\Binn\;C:\Program Files\Microsoft SQL Server\120\DTS\Binn\;C:\Program Files (x86)\Microsoft SQL Server\120\Tools\Binn\ManagementStudio\;C:\Program Files (x86)\Microsoft SQL Server\120\DTS\Binn\;D:\大学\Node.js;%;YSQL_HOME%\bin;D:\大学\MySQL\bin;D:\study\Git\cmd;D:\大学\pict测试工具\;D:\大学\Node.js\;D:\大学\apache-maven-3.6.0-bin\apache-maven-3.6.0\bin\;D:\cmder;D:\study\nvm;D:\Program Files\nodejs;C:\Users\MacBook\AppData\Local\GitHubDesktop\bin;C:\Users\MacBook\AppData\Roaming\npm;D:\大学\Microsoft VS Code\bin;D:\study\nvm;D:\Program Files\nodejs;.]
2019-05-06 21:26:07.936 INFO [main]o.a.catalina.core.ContainerBase.[Tomcat].[localhost].[/].log:173 -Initializing Spring embedded WebApplicationContext
2019-05-06 21:26:07.936 INFO [main]org.springframework.web.context.ContextLoader.prepareWebApplicationContext:296 -Root WebApplicationContext: initialization completed in 2925 ms
2019-05-06 21:26:09.455 INFO [main]o.s.scheduling.concurrent.ThreadPoolTaskExecutor.initialize:171 -Initializing ExecutorService 'applicationTaskExecutor'
2019-05-06 21:26:09.875 INFO [main]s.d.spring.web.plugins.DocumentationPluginsBootstrapper.start:120 -Context refreshed
2019-05-06 21:26:09.892 INFO [main]s.d.spring.web.plugins.DocumentationPluginsBootstrapper.start:123 -Found 1 custom documentation plugin(s)
2019-05-06 21:26:09.909 INFO [main]s.d.spring.web.scanners.ApiListingReferenceScanner.scan:41 -Scanning for api listing references
2019-05-06 21:26:10.191 INFO [main]org.apache.coyote.http11.Http11NioProtocol.log:173 -Starting ProtocolHandler ["http-nio-8080"]
2019-05-06 21:26:10.241 INFO [main]o.s.boot.web.embedded.tomcat.TomcatWebServer.start:204 -Tomcat started on port(s): 8080 (http) with context path ''
2019-05-06 21:26:10.246 INFO [main]edu.uni.UniApplication.logStarted:59 -Started UniApplication in 6.351 seconds (JVM running for 7.96)
2019-05-06 21:26:13.957 INFO [http-nio-8080-exec-1]o.a.catalina.core.ContainerBase.[Tomcat].[localhost].[/].log:173 -Initializing Spring DispatcherServlet 'dispatcherServlet'
2019-05-06 21:26:13.957 INFO [http-nio-8080-exec-1]org.springframework.web.servlet.DispatcherServlet.initServletBean:524 -Initializing Servlet 'dispatcherServlet'
2019-05-06 21:26:13.965 INFO [http-nio-8080-exec-1]org.springframework.web.servlet.DispatcherServlet.initServletBean:546 -Completed initialization in 7 ms
2019-05-06 21:26:14.440 INFO [http-nio-8080-exec-1]com.alibaba.druid.pool.DruidDataSource.init:922 -{dataSource-1} inited
2019-05-06 21:30:31.324 INFO [main]edu.uni.UniApplication.logStarting:50 -Starting UniApplication on wcx with PID 9048 (C:\Users\MacBook\Desktop\软件项目管理作业\uniProject\uni\target\classes started by MacBook in C:\Users\MacBook\Desktop\软件项目管理作业\uniProject\uni)
2019-05-06 21:30:31.354 INFO [main]edu.uni.UniApplication.logStartupProfileInfo:675 -No active profile set, falling back to default profiles: default
2019-05-06 21:30:33.377 INFO [main]o.s.d.repository.config.RepositoryConfigurationDelegate.multipleStoresDetected:244 -Multiple Spring Data modules found, entering strict repository configuration mode!
2019-05-06 21:30:33.379 INFO [main]o.s.d.repository.config.RepositoryConfigurationDelegate.registerRepositoriesIn:126 -Bootstrapping Spring Data repositories in DEFAULT mode.
2019-05-06 21:30:33.466 INFO [main]o.s.d.repository.config.RepositoryConfigurationDelegate.registerRepositoriesIn:182 -Finished Spring Data repository scanning in 68ms. Found 0 repository interfaces.
2019-05-06 21:30:33.805 INFO [main]o.s.c.s.PostProcessorRegistrationDelegate$BeanPostProcessorChecker.postProcessAfterInitialization:330 -Bean 'druidConfiguration' of type [edu.uni.config.DruidConfiguration$$EnhancerBySpringCGLIB$$253230d3] is not eligible for getting processed by all BeanPostProcessors (for example: not eligible for auto-proxying)
2019-05-06 21:30:33.892 INFO [main]o.s.c.s.PostProcessorRegistrationDelegate$BeanPostProcessorChecker.postProcessAfterInitialization:330 -Bean 'org.springframework.transaction.annotation.ProxyTransactionManagementConfiguration' of type [org.springframework.transaction.annotation.ProxyTransactionManagementConfiguration$$EnhancerBySpringCGLIB$$4a388884] is not eligible for getting processed by all BeanPostProcessors (for example: not eligible for auto-proxying)
2019-05-06 21:30:34.407 INFO [main]o.s.boot.web.embedded.tomcat.TomcatWebServer.initialize:90 -Tomcat initialized with port(s): 8080 (http)
2019-05-06 21:30:34.432 INFO [main]org.apache.coyote.http11.Http11NioProtocol.log:173 -Initializing ProtocolHandler ["http-nio-8080"]
2019-05-06 21:30:34.449 INFO [main]org.apache.catalina.core.StandardService.log:173 -Starting service [Tomcat]
2019-05-06 21:30:34.452 INFO [main]org.apache.catalina.core.StandardEngine.log:173 -Starting Servlet engine: [Apache Tomcat/9.0.16]
2019-05-06 21:30:34.464 INFO [main]org.apache.catalina.core.AprLifecycleListener.log:173 -The APR based Apache Tomcat Native library which allows optimal performance in production environments was not found on the java.library.path: [C:\Program Files\Java\jdk-9.0.4\bin;C:\Windows\Sun\Java\bin;C:\Windows\system32;C:\Windows;D:\app\MacBook\product\11.2.0\dbhome_1\bin;C:\ProgramData\Oracle\Java\javapath;C:\Program Files\Java\jdk-9.0.4\bin;C:\Windows\system32;C:\Windows;C:\Windows\System32\Wbem;C:\Windows\System32\WindowsPowerShell\v1.0\;C:\Program Files\Microsoft SQL Server\Client SDK\ODBC\110\Tools\Binn\;C:\Program Files (x86)\Microsoft SQL Server\120\Tools\Binn\;C:\Program Files\Microsoft SQL Server\120\Tools\Binn\;C:\Program Files\Microsoft SQL Server\120\DTS\Binn\;C:\Program Files (x86)\Microsoft SQL Server\120\Tools\Binn\ManagementStudio\;C:\Program Files (x86)\Microsoft SQL Server\120\DTS\Binn\;D:\大学\Node.js;%;YSQL_HOME%\bin;D:\大学\MySQL\bin;D:\study\Git\cmd;D:\大学\pict测试工具\;D:\大学\Node.js\;D:\大学\apache-maven-3.6.0-bin\apache-maven-3.6.0\bin\;D:\cmder;D:\study\nvm;D:\Program Files\nodejs;C:\Users\MacBook\AppData\Local\GitHubDesktop\bin;C:\Users\MacBook\AppData\Roaming\npm;D:\大学\Microsoft VS Code\bin;D:\study\nvm;D:\Program Files\nodejs;.]
2019-05-06 21:30:34.619 INFO [main]o.a.catalina.core.ContainerBase.[Tomcat].[localhost].[/].log:173 -Initializing Spring embedded WebApplicationContext
2019-05-06 21:30:34.620 INFO [main]org.springframework.web.context.ContextLoader.prepareWebApplicationContext:296 -Root WebApplicationContext: initialization completed in 3139 ms
2019-05-06 21:30:36.370 INFO [main]o.s.scheduling.concurrent.ThreadPoolTaskExecutor.initialize:171 -Initializing ExecutorService 'applicationTaskExecutor'
2019-05-06 21:30:36.784 INFO [main]s.d.spring.web.plugins.DocumentationPluginsBootstrapper.start:120 -Context refreshed
2019-05-06 21:30:36.802 INFO [main]s.d.spring.web.plugins.DocumentationPluginsBootstrapper.start:123 -Found 1 custom documentation plugin(s)
2019-05-06 21:30:36.820 INFO [main]s.d.spring.web.scanners.ApiListingReferenceScanner.scan:41 -Scanning for api listing references
2019-05-06 21:30:37.061 INFO [main]org.apache.coyote.http11.Http11NioProtocol.log:173 -Starting ProtocolHandler ["http-nio-8080"]
2019-05-06 21:30:37.106 INFO [main]o.s.boot.web.embedded.tomcat.TomcatWebServer.start:204 -Tomcat started on port(s): 8080 (http) with context path ''
2019-05-06 21:30:37.111 INFO [main]edu.uni.UniApplication.logStarted:59 -Started UniApplication in 6.759 seconds (JVM running for 8.569)
2019-05-06 21:30:42.823 INFO [http-nio-8080-exec-1]o.a.catalina.core.ContainerBase.[Tomcat].[localhost].[/].log:173 -Initializing Spring DispatcherServlet 'dispatcherServlet'
2019-05-06 21:30:42.824 INFO [http-nio-8080-exec-1]org.springframework.web.servlet.DispatcherServlet.initServletBean:524 -Initializing Servlet 'dispatcherServlet'
2019-05-06 21:30:42.840 INFO [http-nio-8080-exec-1]org.springframework.web.servlet.DispatcherServlet.initServletBean:546 -Completed initialization in 15 ms
2019-05-06 21:30:43.716 INFO [http-nio-8080-exec-1]com.alibaba.druid.pool.DruidDataSource.init:922 -{dataSource-1} inited
2019-05-06 21:31:31.250 INFO [Thread-2]o.s.scheduling.concurrent.ThreadPoolTaskExecutor.shutdown:208 -Shutting down ExecutorService 'applicationTaskExecutor'
2019-05-06 21:31:31.348 INFO [Thread-2]com.alibaba.druid.pool.DruidDataSource.close:1817 -{dataSource-1} closed
2019-05-06 21:38:40.008 INFO [main]edu.uni.UniApplication.logStarting:50 -Starting UniApplication on wcx with PID 10120 (C:\Users\MacBook\Desktop\软件项目管理作业\uniProject\uni\target\classes started by MacBook in C:\Users\MacBook\Desktop\软件项目管理作业\uniProject\uni)
2019-05-06 21:38:40.013 INFO [main]edu.uni.UniApplication.logStartupProfileInfo:675 -No active profile set, falling back to default profiles: default
2019-05-06 21:38:42.415 INFO [main]o.s.d.repository.config.RepositoryConfigurationDelegate.multipleStoresDetected:244 -Multiple Spring Data modules found, entering strict repository configuration mode!
2019-05-06 21:38:42.420 INFO [main]o.s.d.repository.config.RepositoryConfigurationDelegate.registerRepositoriesIn:126 -Bootstrapping Spring Data repositories in DEFAULT mode.
2019-05-06 21:38:42.562 INFO [main]o.s.d.repository.config.RepositoryConfigurationDelegate.registerRepositoriesIn:182 -Finished Spring Data repository scanning in 88ms. Found 0 repository interfaces.
2019-05-06 21:38:42.927 INFO [main]o.s.c.s.PostProcessorRegistrationDelegate$BeanPostProcessorChecker.postProcessAfterInitialization:330 -Bean 'druidConfiguration' of type [edu.uni.config.DruidConfiguration$$EnhancerBySpringCGLIB$$d984e2c6] is not eligible for getting processed by all BeanPostProcessors (for example: not eligible for auto-proxying)
2019-05-06 21:38:43.004 INFO [main]o.s.c.s.PostProcessorRegistrationDelegate$BeanPostProcessorChecker.postProcessAfterInitialization:330 -Bean 'org.springframework.transaction.annotation.ProxyTransactionManagementConfiguration' of type [org.springframework.transaction.annotation.ProxyTransactionManagementConfiguration$$EnhancerBySpringCGLIB$$fe8b3a77] is not eligible for getting processed by all BeanPostProcessors (for example: not eligible for auto-proxying)
2019-05-06 21:38:43.423 INFO [main]o.s.boot.web.embedded.tomcat.TomcatWebServer.initialize:90 -Tomcat initialized with port(s): 8080 (http)
2019-05-06 21:38:43.441 INFO [main]org.apache.coyote.http11.Http11NioProtocol.log:173 -Initializing ProtocolHandler ["http-nio-8080"]
2019-05-06 21:38:43.454 INFO [main]org.apache.catalina.core.StandardService.log:173 -Starting service [Tomcat]
2019-05-06 21:38:43.455 INFO [main]org.apache.catalina.core.StandardEngine.log:173 -Starting Servlet engine: [Apache Tomcat/9.0.16]
2019-05-06 21:38:43.463 INFO [main]org.apache.catalina.core.AprLifecycleListener.log:173 -The APR based Apache Tomcat Native library which allows optimal performance in production environments was not found on the java.library.path: [C:\Program Files\Java\jdk-9.0.4\bin;C:\Windows\Sun\Java\bin;C:\Windows\system32;C:\Windows;D:\app\MacBook\product\11.2.0\dbhome_1\bin;C:\ProgramData\Oracle\Java\javapath;C:\Program Files\Java\jdk-9.0.4\bin;C:\Windows\system32;C:\Windows;C:\Windows\System32\Wbem;C:\Windows\System32\WindowsPowerShell\v1.0\;C:\Program Files\Microsoft SQL Server\Client SDK\ODBC\110\Tools\Binn\;C:\Program Files (x86)\Microsoft SQL Server\120\Tools\Binn\;C:\Program Files\Microsoft SQL Server\120\Tools\Binn\;C:\Program Files\Microsoft SQL Server\120\DTS\Binn\;C:\Program Files (x86)\Microsoft SQL Server\120\Tools\Binn\ManagementStudio\;C:\Program Files (x86)\Microsoft SQL Server\120\DTS\Binn\;D:\大学\Node.js;%;YSQL_HOME%\bin;D:\大学\MySQL\bin;D:\study\Git\cmd;D:\大学\pict测试工具\;D:\大学\Node.js\;D:\大学\apache-maven-3.6.0-bin\apache-maven-3.6.0\bin\;D:\cmder;D:\study\nvm;D:\Program Files\nodejs;C:\Users\MacBook\AppData\Local\GitHubDesktop\bin;C:\Users\MacBook\AppData\Roaming\npm;D:\大学\Microsoft VS Code\bin;D:\study\nvm;D:\Program Files\nodejs;.]
2019-05-06 21:38:43.577 INFO [main]o.a.catalina.core.ContainerBase.[Tomcat].[localhost].[/].log:173 -Initializing Spring embedded WebApplicationContext
2019-05-06 21:38:43.577 INFO [main]org.springframework.web.context.ContextLoader.prepareWebApplicationContext:296 -Root WebApplicationContext: initialization completed in 3472 ms
2019-05-06 21:38:45.456 INFO [main]o.s.scheduling.concurrent.ThreadPoolTaskExecutor.initialize:171 -Initializing ExecutorService 'applicationTaskExecutor'
2019-05-06 21:38:45.856 INFO [main]s.d.spring.web.plugins.DocumentationPluginsBootstrapper.start:120 -Context refreshed
2019-05-06 21:38:45.872 INFO [main]s.d.spring.web.plugins.DocumentationPluginsBootstrapper.start:123 -Found 1 custom documentation plugin(s)
2019-05-06 21:38:45.886 INFO [main]s.d.spring.web.scanners.ApiListingReferenceScanner.scan:41 -Scanning for api listing references
2019-05-06 21:38:46.127 INFO [main]org.apache.coyote.http11.Http11NioProtocol.log:173 -Starting ProtocolHandler ["http-nio-8080"]
2019-05-06 21:38:46.177 INFO [main]o.s.boot.web.embedded.tomcat.TomcatWebServer.start:204 -Tomcat started on port(s): 8080 (http) with context path ''
2019-05-06 21:38:46.184 INFO [main]edu.uni.UniApplication.logStarted:59 -Started UniApplication in 7.096 seconds (JVM running for 8.271)
2019-05-06 21:38:52.051 INFO [http-nio-8080-exec-1]o.a.catalina.core.ContainerBase.[Tomcat].[localhost].[/].log:173 -Initializing Spring DispatcherServlet 'dispatcherServlet'
2019-05-06 21:38:52.051 INFO [http-nio-8080-exec-1]org.springframework.web.servlet.DispatcherServlet.initServletBean:524 -Initializing Servlet 'dispatcherServlet'
2019-05-06 21:38:52.059 INFO [http-nio-8080-exec-1]org.springframework.web.servlet.DispatcherServlet.initServletBean:546 -Completed initialization in 8 ms
2019-05-06 21:38:52.545 INFO [http-nio-8080-exec-1]com.alibaba.druid.pool.DruidDataSource.init:922 -{dataSource-1} inited
