2019-04-28 11:42:34.593 INFO [main]edu.uni.UniApplication.logStarting:50 -Starting UniApplication on wcx with PID 160 (C:\Users\MacBook\Desktop\软件项目管理作业\uniProject\uni\target\classes started by MacBook in C:\Users\MacBook\Desktop\软件项目管理作业\uniProject\uni)
2019-04-28 11:42:34.603 INFO [main]edu.uni.UniApplication.logStartupProfileInfo:675 -No active profile set, falling back to default profiles: default
2019-04-28 11:42:36.599 INFO [main]edu.uni.UniApplication.logStarting:50 -Starting UniApplication on wcx with PID 6552 (C:\Users\MacBook\Desktop\软件项目管理作业\uniProject\uni\target\classes started by MacBook in C:\Users\MacBook\Desktop\软件项目管理作业\uniProject\uni)
2019-04-28 11:42:36.608 INFO [main]edu.uni.UniApplication.logStartupProfileInfo:675 -No active profile set, falling back to default profiles: default
2019-04-28 11:42:37.380 INFO [main]o.s.d.repository.config.RepositoryConfigurationDelegate.multipleStoresDetected:244 -Multiple Spring Data modules found, entering strict repository configuration mode!
2019-04-28 11:42:37.410 INFO [main]o.s.d.repository.config.RepositoryConfigurationDelegate.registerRepositoriesIn:126 -Bootstrapping Spring Data repositories in DEFAULT mode.
2019-04-28 11:42:37.606 INFO [main]o.s.d.repository.config.RepositoryConfigurationDelegate.registerRepositoriesIn:182 -Finished Spring Data repository scanning in 136ms. Found 0 repository interfaces.
2019-04-28 11:42:38.131 INFO [main]o.s.c.s.PostProcessorRegistrationDelegate$BeanPostProcessorChecker.postProcessAfterInitialization:330 -Bean 'druidConfiguration' of type [edu.uni.config.DruidConfiguration$$EnhancerBySpringCGLIB$$cffa61e8] is not eligible for getting processed by all BeanPostProcessors (for example: not eligible for auto-proxying)
2019-04-28 11:42:38.258 INFO [main]o.s.c.s.PostProcessorRegistrationDelegate$BeanPostProcessorChecker.postProcessAfterInitialization:330 -Bean 'org.springframework.transaction.annotation.ProxyTransactionManagementConfiguration' of type [org.springframework.transaction.annotation.ProxyTransactionManagementConfiguration$$EnhancerBySpringCGLIB$$f500b999] is not eligible for getting processed by all BeanPostProcessors (for example: not eligible for auto-proxying)
2019-04-28 11:42:38.726 INFO [main]o.s.d.repository.config.RepositoryConfigurationDelegate.multipleStoresDetected:244 -Multiple Spring Data modules found, entering strict repository configuration mode!
2019-04-28 11:42:38.726 INFO [main]o.s.d.repository.config.RepositoryConfigurationDelegate.registerRepositoriesIn:126 -Bootstrapping Spring Data repositories in DEFAULT mode.
2019-04-28 11:42:38.799 INFO [main]o.s.d.repository.config.RepositoryConfigurationDelegate.registerRepositoriesIn:182 -Finished Spring Data repository scanning in 53ms. Found 0 repository interfaces.
2019-04-28 11:42:39.019 INFO [main]o.s.boot.web.embedded.tomcat.TomcatWebServer.initialize:90 -Tomcat initialized with port(s): 8080 (http)
2019-04-28 11:42:39.049 INFO [main]org.apache.coyote.http11.Http11NioProtocol.log:173 -Initializing ProtocolHandler ["http-nio-8080"]
2019-04-28 11:42:39.089 INFO [main]org.apache.catalina.core.StandardService.log:173 -Starting service [Tomcat]
2019-04-28 11:42:39.089 INFO [main]org.apache.catalina.core.StandardEngine.log:173 -Starting Servlet engine: [Apache Tomcat/9.0.16]
2019-04-28 11:42:39.099 INFO [main]org.apache.catalina.core.AprLifecycleListener.log:173 -The APR based Apache Tomcat Native library which allows optimal performance in production environments was not found on the java.library.path: [C:\Program Files\Java\jdk-9.0.4\bin;C:\Windows\Sun\Java\bin;C:\Windows\system32;C:\Windows;D:\app\MacBook\product\11.2.0\dbhome_1\bin;C:\ProgramData\Oracle\Java\javapath;C:\Program Files\Java\jdk-9.0.4\bin;C:\Windows\system32;C:\Windows;C:\Windows\System32\Wbem;C:\Windows\System32\WindowsPowerShell\v1.0\;C:\Program Files\Microsoft SQL Server\Client SDK\ODBC\110\Tools\Binn\;C:\Program Files (x86)\Microsoft SQL Server\120\Tools\Binn\;C:\Program Files\Microsoft SQL Server\120\Tools\Binn\;C:\Program Files\Microsoft SQL Server\120\DTS\Binn\;C:\Program Files (x86)\Microsoft SQL Server\120\Tools\Binn\ManagementStudio\;C:\Program Files (x86)\Microsoft SQL Server\120\DTS\Binn\;D:\大学\Node.js;%;YSQL_HOME%\bin;D:\大学\MySQL\bin;;;D:\study\Git\cmd;D:\大学\pict测试工具\;D:\大学\Node.js\;D:\大学\apache-maven-3.6.0-bin\apache-maven-3.6.0\bin\;D:\cmder;C:\Users\MacBook\AppData\Local\GitHubDesktop\bin;C:\Users\MacBook\AppData\Roaming\npm;D:\大学\Microsoft VS Code\bin;.]
2019-04-28 11:42:39.350 INFO [main]o.s.c.s.PostProcessorRegistrationDelegate$BeanPostProcessorChecker.postProcessAfterInitialization:330 -Bean 'druidConfiguration' of type [edu.uni.config.DruidConfiguration$$EnhancerBySpringCGLIB$$bf2e7818] is not eligible for getting processed by all BeanPostProcessors (for example: not eligible for auto-proxying)
2019-04-28 11:42:39.370 INFO [main]o.a.catalina.core.ContainerBase.[Tomcat].[localhost].[/].log:173 -Initializing Spring embedded WebApplicationContext
2019-04-28 11:42:39.370 INFO [main]org.springframework.web.context.ContextLoader.prepareWebApplicationContext:296 -Root WebApplicationContext: initialization completed in 4667 ms
2019-04-28 11:42:39.499 INFO [main]o.s.c.s.PostProcessorRegistrationDelegate$BeanPostProcessorChecker.postProcessAfterInitialization:330 -Bean 'org.springframework.transaction.annotation.ProxyTransactionManagementConfiguration' of type [org.springframework.transaction.annotation.ProxyTransactionManagementConfiguration$$EnhancerBySpringCGLIB$$e434cfc9] is not eligible for getting processed by all BeanPostProcessors (for example: not eligible for auto-proxying)
2019-04-28 11:42:40.331 INFO [main]o.s.boot.web.embedded.tomcat.TomcatWebServer.initialize:90 -Tomcat initialized with port(s): 8080 (http)
2019-04-28 11:42:40.373 INFO [main]org.apache.coyote.http11.Http11NioProtocol.log:173 -Initializing ProtocolHandler ["http-nio-8080"]
2019-04-28 11:42:40.456 INFO [main]org.apache.catalina.core.StandardService.log:173 -Starting service [Tomcat]
2019-04-28 11:42:40.457 INFO [main]org.apache.catalina.core.StandardEngine.log:173 -Starting Servlet engine: [Apache Tomcat/9.0.16]
2019-04-28 11:42:40.513 INFO [main]org.apache.catalina.core.AprLifecycleListener.log:173 -The APR based Apache Tomcat Native library which allows optimal performance in production environments was not found on the java.library.path: [C:\Program Files\Java\jdk-9.0.4\bin;C:\Windows\Sun\Java\bin;C:\Windows\system32;C:\Windows;D:\app\MacBook\product\11.2.0\dbhome_1\bin;C:\ProgramData\Oracle\Java\javapath;C:\Program Files\Java\jdk-9.0.4\bin;C:\Windows\system32;C:\Windows;C:\Windows\System32\Wbem;C:\Windows\System32\WindowsPowerShell\v1.0\;C:\Program Files\Microsoft SQL Server\Client SDK\ODBC\110\Tools\Binn\;C:\Program Files (x86)\Microsoft SQL Server\120\Tools\Binn\;C:\Program Files\Microsoft SQL Server\120\Tools\Binn\;C:\Program Files\Microsoft SQL Server\120\DTS\Binn\;C:\Program Files (x86)\Microsoft SQL Server\120\Tools\Binn\ManagementStudio\;C:\Program Files (x86)\Microsoft SQL Server\120\DTS\Binn\;D:\大学\Node.js;%;YSQL_HOME%\bin;D:\大学\MySQL\bin;;;D:\study\Git\cmd;D:\大学\pict测试工具\;D:\大学\Node.js\;D:\大学\apache-maven-3.6.0-bin\apache-maven-3.6.0\bin\;D:\cmder;C:\Users\MacBook\AppData\Local\GitHubDesktop\bin;C:\Users\MacBook\AppData\Roaming\npm;D:\大学\Microsoft VS Code\bin;.]
2019-04-28 11:42:40.895 INFO [main]o.a.catalina.core.ContainerBase.[Tomcat].[localhost].[/].log:173 -Initializing Spring embedded WebApplicationContext
2019-04-28 11:42:40.895 INFO [main]org.springframework.web.context.ContextLoader.prepareWebApplicationContext:296 -Root WebApplicationContext: initialization completed in 4162 ms
2019-04-28 11:42:43.047 INFO [main]o.s.scheduling.concurrent.ThreadPoolTaskExecutor.initialize:171 -Initializing ExecutorService 'applicationTaskExecutor'
2019-04-28 11:42:44.117 INFO [main]s.d.spring.web.plugins.DocumentationPluginsBootstrapper.start:120 -Context refreshed
2019-04-28 11:42:44.147 INFO [main]s.d.spring.web.plugins.DocumentationPluginsBootstrapper.start:123 -Found 1 custom documentation plugin(s)
2019-04-28 11:42:44.167 INFO [main]s.d.spring.web.scanners.ApiListingReferenceScanner.scan:41 -Scanning for api listing references
2019-04-28 11:42:44.237 INFO [main]o.s.scheduling.concurrent.ThreadPoolTaskExecutor.initialize:171 -Initializing ExecutorService 'applicationTaskExecutor'
2019-04-28 11:42:44.492 INFO [main]org.apache.coyote.http11.Http11NioProtocol.log:173 -Starting ProtocolHandler ["http-nio-8080"]
2019-04-28 11:42:44.562 INFO [main]o.s.boot.web.embedded.tomcat.TomcatWebServer.start:204 -Tomcat started on port(s): 8080 (http) with context path ''
2019-04-28 11:42:44.572 INFO [main]edu.uni.UniApplication.logStarted:59 -Started UniApplication in 11.206 seconds (JVM running for 17.747)
2019-04-28 11:42:44.772 INFO [main]s.d.spring.web.plugins.DocumentationPluginsBootstrapper.start:120 -Context refreshed
2019-04-28 11:42:44.782 INFO [main]s.d.spring.web.plugins.DocumentationPluginsBootstrapper.start:123 -Found 1 custom documentation plugin(s)
2019-04-28 11:42:44.807 INFO [main]s.d.spring.web.scanners.ApiListingReferenceScanner.scan:41 -Scanning for api listing references
2019-04-28 11:42:45.107 INFO [main]org.apache.coyote.http11.Http11NioProtocol.log:173 -Starting ProtocolHandler ["http-nio-8080"]
2019-04-28 11:42:45.137 INFO [main]org.apache.coyote.http11.Http11NioProtocol.log:173 -Pausing ProtocolHandler ["http-nio-8080"]
2019-04-28 11:42:45.137 INFO [main]org.apache.catalina.core.StandardService.log:173 -Stopping service [Tomcat]
2019-04-28 11:42:45.167 INFO [main]org.apache.catalina.util.LifecycleBase.log:173 -The stop() method was called on component [StandardServer[-1]] after stop() had already been called. The second call will be ignored.
2019-04-28 11:42:45.167 INFO [main]org.apache.coyote.http11.Http11NioProtocol.log:173 -Stopping ProtocolHandler ["http-nio-8080"]
2019-04-28 11:42:45.167 INFO [main]org.apache.coyote.http11.Http11NioProtocol.log:173 -Destroying ProtocolHandler ["http-nio-8080"]
2019-04-28 11:42:45.167 INFO [main]o.s.b.a.logging.ConditionEvaluationReportLoggingListener.logMessage:142 -

Error starting ApplicationContext. To display the conditions report re-run your application with 'debug' enabled.
2019-04-28 11:42:45.186 INFO [main]o.s.scheduling.concurrent.ThreadPoolTaskExecutor.shutdown:208 -Shutting down ExecutorService 'applicationTaskExecutor'
2019-04-28 11:42:48.064 INFO [Thread-2]o.s.scheduling.concurrent.ThreadPoolTaskExecutor.shutdown:208 -Shutting down ExecutorService 'applicationTaskExecutor'
2019-04-28 11:46:15.072 INFO [main]edu.uni.UniApplication.logStarting:50 -Starting UniApplication on wcx with PID 8956 (C:\Users\MacBook\Desktop\软件项目管理作业\uniProject\uni\target\classes started by MacBook in C:\Users\MacBook\Desktop\软件项目管理作业\uniProject\uni)
2019-04-28 11:46:15.078 INFO [main]edu.uni.UniApplication.logStartupProfileInfo:675 -No active profile set, falling back to default profiles: default
2019-04-28 11:46:17.611 INFO [main]o.s.d.repository.config.RepositoryConfigurationDelegate.multipleStoresDetected:244 -Multiple Spring Data modules found, entering strict repository configuration mode!
2019-04-28 11:46:17.621 INFO [main]o.s.d.repository.config.RepositoryConfigurationDelegate.registerRepositoriesIn:126 -Bootstrapping Spring Data repositories in DEFAULT mode.
2019-04-28 11:46:17.671 INFO [main]o.s.d.repository.config.RepositoryConfigurationDelegate.registerRepositoriesIn:182 -Finished Spring Data repository scanning in 40ms. Found 0 repository interfaces.
2019-04-28 11:46:17.979 INFO [main]o.s.c.s.PostProcessorRegistrationDelegate$BeanPostProcessorChecker.postProcessAfterInitialization:330 -Bean 'druidConfiguration' of type [edu.uni.config.DruidConfiguration$$EnhancerBySpringCGLIB$$b031c1fd] is not eligible for getting processed by all BeanPostProcessors (for example: not eligible for auto-proxying)
2019-04-28 11:46:18.059 INFO [main]o.s.c.s.PostProcessorRegistrationDelegate$BeanPostProcessorChecker.postProcessAfterInitialization:330 -Bean 'org.springframework.transaction.annotation.ProxyTransactionManagementConfiguration' of type [org.springframework.transaction.annotation.ProxyTransactionManagementConfiguration$$EnhancerBySpringCGLIB$$d53819ae] is not eligible for getting processed by all BeanPostProcessors (for example: not eligible for auto-proxying)
2019-04-28 11:46:18.562 INFO [main]o.s.boot.web.embedded.tomcat.TomcatWebServer.initialize:90 -Tomcat initialized with port(s): 8080 (http)
2019-04-28 11:46:18.582 INFO [main]org.apache.coyote.http11.Http11NioProtocol.log:173 -Initializing ProtocolHandler ["http-nio-8080"]
2019-04-28 11:46:18.592 INFO [main]org.apache.catalina.core.StandardService.log:173 -Starting service [Tomcat]
2019-04-28 11:46:18.592 INFO [main]org.apache.catalina.core.StandardEngine.log:173 -Starting Servlet engine: [Apache Tomcat/9.0.16]
2019-04-28 11:46:18.613 INFO [main]org.apache.catalina.core.AprLifecycleListener.log:173 -The APR based Apache Tomcat Native library which allows optimal performance in production environments was not found on the java.library.path: [C:\Program Files\Java\jdk-9.0.4\bin;C:\Windows\Sun\Java\bin;C:\Windows\system32;C:\Windows;D:\app\MacBook\product\11.2.0\dbhome_1\bin;C:\ProgramData\Oracle\Java\javapath;C:\Program Files\Java\jdk-9.0.4\bin;C:\Windows\system32;C:\Windows;C:\Windows\System32\Wbem;C:\Windows\System32\WindowsPowerShell\v1.0\;C:\Program Files\Microsoft SQL Server\Client SDK\ODBC\110\Tools\Binn\;C:\Program Files (x86)\Microsoft SQL Server\120\Tools\Binn\;C:\Program Files\Microsoft SQL Server\120\Tools\Binn\;C:\Program Files\Microsoft SQL Server\120\DTS\Binn\;C:\Program Files (x86)\Microsoft SQL Server\120\Tools\Binn\ManagementStudio\;C:\Program Files (x86)\Microsoft SQL Server\120\DTS\Binn\;D:\大学\Node.js;%;YSQL_HOME%\bin;D:\大学\MySQL\bin;;;D:\study\Git\cmd;D:\大学\pict测试工具\;D:\大学\Node.js\;D:\大学\apache-maven-3.6.0-bin\apache-maven-3.6.0\bin\;D:\cmder;C:\Users\MacBook\AppData\Local\GitHubDesktop\bin;C:\Users\MacBook\AppData\Roaming\npm;D:\大学\Microsoft VS Code\bin;.]
2019-04-28 11:46:18.757 INFO [main]o.a.catalina.core.ContainerBase.[Tomcat].[localhost].[/].log:173 -Initializing Spring embedded WebApplicationContext
2019-04-28 11:46:18.758 INFO [main]org.springframework.web.context.ContextLoader.prepareWebApplicationContext:296 -Root WebApplicationContext: initialization completed in 3513 ms
2019-04-28 11:46:20.729 INFO [main]o.s.scheduling.concurrent.ThreadPoolTaskExecutor.initialize:171 -Initializing ExecutorService 'applicationTaskExecutor'
2019-04-28 11:46:21.283 INFO [main]s.d.spring.web.plugins.DocumentationPluginsBootstrapper.start:120 -Context refreshed
2019-04-28 11:46:21.310 INFO [main]s.d.spring.web.plugins.DocumentationPluginsBootstrapper.start:123 -Found 1 custom documentation plugin(s)
2019-04-28 11:46:21.332 INFO [main]s.d.spring.web.scanners.ApiListingReferenceScanner.scan:41 -Scanning for api listing references
2019-04-28 11:46:21.628 INFO [main]org.apache.coyote.http11.Http11NioProtocol.log:173 -Starting ProtocolHandler ["http-nio-8080"]
2019-04-28 11:46:21.680 INFO [main]o.s.boot.web.embedded.tomcat.TomcatWebServer.start:204 -Tomcat started on port(s): 8080 (http) with context path ''
2019-04-28 11:46:21.687 INFO [main]edu.uni.UniApplication.logStarted:59 -Started UniApplication in 8.317 seconds (JVM running for 10.195)
2019-04-28 11:46:25.678 INFO [http-nio-8080-exec-2]o.a.catalina.core.ContainerBase.[Tomcat].[localhost].[/].log:173 -Initializing Spring DispatcherServlet 'dispatcherServlet'
2019-04-28 11:46:25.678 INFO [http-nio-8080-exec-2]org.springframework.web.servlet.DispatcherServlet.initServletBean:524 -Initializing Servlet 'dispatcherServlet'
2019-04-28 11:46:25.690 INFO [http-nio-8080-exec-2]org.springframework.web.servlet.DispatcherServlet.initServletBean:546 -Completed initialization in 12 ms
2019-04-28 11:47:29.480 INFO [http-nio-8080-exec-4]io.lettuce.core.EpollProvider.<clinit>:68 -Starting without optional epoll library
2019-04-28 11:47:29.483 INFO [http-nio-8080-exec-4]io.lettuce.core.KqueueProvider.<clinit>:70 -Starting without optional kqueue library
2019-04-28 11:57:39.703 INFO [main]edu.uni.UniApplication.logStarting:50 -Starting UniApplication on wcx with PID 8316 (C:\Users\MacBook\Desktop\软件项目管理作业\uniProject\uni\target\classes started by MacBook in C:\Users\MacBook\Desktop\软件项目管理作业\uniProject\uni)
2019-04-28 11:57:39.711 INFO [main]edu.uni.UniApplication.logStartupProfileInfo:675 -No active profile set, falling back to default profiles: default
2019-04-28 11:57:41.524 INFO [main]o.s.d.repository.config.RepositoryConfigurationDelegate.multipleStoresDetected:244 -Multiple Spring Data modules found, entering strict repository configuration mode!
2019-04-28 11:57:41.534 INFO [main]o.s.d.repository.config.RepositoryConfigurationDelegate.registerRepositoriesIn:126 -Bootstrapping Spring Data repositories in DEFAULT mode.
2019-04-28 11:57:41.594 INFO [main]o.s.d.repository.config.RepositoryConfigurationDelegate.registerRepositoriesIn:182 -Finished Spring Data repository scanning in 40ms. Found 0 repository interfaces.
2019-04-28 11:57:41.889 INFO [main]o.s.c.s.PostProcessorRegistrationDelegate$BeanPostProcessorChecker.postProcessAfterInitialization:330 -Bean 'druidConfiguration' of type [edu.uni.config.DruidConfiguration$$EnhancerBySpringCGLIB$$57475c22] is not eligible for getting processed by all BeanPostProcessors (for example: not eligible for auto-proxying)
2019-04-28 11:57:41.949 INFO [main]o.s.c.s.PostProcessorRegistrationDelegate$BeanPostProcessorChecker.postProcessAfterInitialization:330 -Bean 'org.springframework.transaction.annotation.ProxyTransactionManagementConfiguration' of type [org.springframework.transaction.annotation.ProxyTransactionManagementConfiguration$$EnhancerBySpringCGLIB$$7c4db3d3] is not eligible for getting processed by all BeanPostProcessors (for example: not eligible for auto-proxying)
2019-04-28 11:57:42.367 INFO [main]o.s.boot.web.embedded.tomcat.TomcatWebServer.initialize:90 -Tomcat initialized with port(s): 8080 (http)
2019-04-28 11:57:42.387 INFO [main]org.apache.coyote.http11.Http11NioProtocol.log:173 -Initializing ProtocolHandler ["http-nio-8080"]
2019-04-28 11:57:42.397 INFO [main]org.apache.catalina.core.StandardService.log:173 -Starting service [Tomcat]
2019-04-28 11:57:42.397 INFO [main]org.apache.catalina.core.StandardEngine.log:173 -Starting Servlet engine: [Apache Tomcat/9.0.16]
2019-04-28 11:57:42.407 INFO [main]org.apache.catalina.core.AprLifecycleListener.log:173 -The APR based Apache Tomcat Native library which allows optimal performance in production environments was not found on the java.library.path: [C:\Program Files\Java\jdk-9.0.4\bin;C:\Windows\Sun\Java\bin;C:\Windows\system32;C:\Windows;D:\app\MacBook\product\11.2.0\dbhome_1\bin;C:\ProgramData\Oracle\Java\javapath;C:\Program Files\Java\jdk-9.0.4\bin;C:\Windows\system32;C:\Windows;C:\Windows\System32\Wbem;C:\Windows\System32\WindowsPowerShell\v1.0\;C:\Program Files\Microsoft SQL Server\Client SDK\ODBC\110\Tools\Binn\;C:\Program Files (x86)\Microsoft SQL Server\120\Tools\Binn\;C:\Program Files\Microsoft SQL Server\120\Tools\Binn\;C:\Program Files\Microsoft SQL Server\120\DTS\Binn\;C:\Program Files (x86)\Microsoft SQL Server\120\Tools\Binn\ManagementStudio\;C:\Program Files (x86)\Microsoft SQL Server\120\DTS\Binn\;D:\大学\Node.js;%;YSQL_HOME%\bin;D:\大学\MySQL\bin;;;D:\study\Git\cmd;D:\大学\pict测试工具\;D:\大学\Node.js\;D:\大学\apache-maven-3.6.0-bin\apache-maven-3.6.0\bin\;D:\cmder;C:\Users\MacBook\AppData\Local\GitHubDesktop\bin;C:\Users\MacBook\AppData\Roaming\npm;D:\大学\Microsoft VS Code\bin;.]
2019-04-28 11:57:42.527 INFO [main]o.a.catalina.core.ContainerBase.[Tomcat].[localhost].[/].log:173 -Initializing Spring embedded WebApplicationContext
2019-04-28 11:57:42.527 INFO [main]org.springframework.web.context.ContextLoader.prepareWebApplicationContext:296 -Root WebApplicationContext: initialization completed in 2742 ms
2019-04-28 11:57:44.008 INFO [main]o.s.scheduling.concurrent.ThreadPoolTaskExecutor.initialize:171 -Initializing ExecutorService 'applicationTaskExecutor'
2019-04-28 11:57:44.389 INFO [main]s.d.spring.web.plugins.DocumentationPluginsBootstrapper.start:120 -Context refreshed
2019-04-28 11:57:44.399 INFO [main]s.d.spring.web.plugins.DocumentationPluginsBootstrapper.start:123 -Found 1 custom documentation plugin(s)
2019-04-28 11:57:44.449 INFO [main]s.d.spring.web.scanners.ApiListingReferenceScanner.scan:41 -Scanning for api listing references
2019-04-28 11:57:44.639 INFO [main]org.apache.coyote.http11.Http11NioProtocol.log:173 -Starting ProtocolHandler ["http-nio-8080"]
2019-04-28 11:57:44.680 INFO [main]o.s.boot.web.embedded.tomcat.TomcatWebServer.start:204 -Tomcat started on port(s): 8080 (http) with context path ''
2019-04-28 11:57:44.689 INFO [main]edu.uni.UniApplication.logStarted:59 -Started UniApplication in 6.015 seconds (JVM running for 7.566)
2019-04-28 11:57:50.224 INFO [http-nio-8080-exec-1]o.a.catalina.core.ContainerBase.[Tomcat].[localhost].[/].log:173 -Initializing Spring DispatcherServlet 'dispatcherServlet'
2019-04-28 11:57:50.225 INFO [http-nio-8080-exec-1]org.springframework.web.servlet.DispatcherServlet.initServletBean:524 -Initializing Servlet 'dispatcherServlet'
2019-04-28 11:57:50.243 INFO [http-nio-8080-exec-1]org.springframework.web.servlet.DispatcherServlet.initServletBean:546 -Completed initialization in 17 ms
2019-04-28 11:59:19.154 INFO [http-nio-8080-exec-10]com.alibaba.druid.pool.DruidDataSource.init:922 -{dataSource-1} inited
2019-04-28 11:59:19.904 INFO [http-nio-8080-exec-10]io.lettuce.core.EpollProvider.<clinit>:68 -Starting without optional epoll library
2019-04-28 11:59:19.906 INFO [http-nio-8080-exec-10]io.lettuce.core.KqueueProvider.<clinit>:70 -Starting without optional kqueue library
2019-04-28 15:20:03.599 INFO [main]edu.uni.UniApplication.logStarting:50 -Starting UniApplication on wcx with PID 13784 (C:\Users\MacBook\Desktop\软件项目管理作业\uniProject\uni\target\classes started by MacBook in C:\Users\MacBook\Desktop\软件项目管理作业\uniProject\uni)
2019-04-28 15:20:03.599 INFO [main]edu.uni.UniApplication.logStartupProfileInfo:675 -No active profile set, falling back to default profiles: default
2019-04-28 15:20:05.782 INFO [main]o.s.d.repository.config.RepositoryConfigurationDelegate.multipleStoresDetected:244 -Multiple Spring Data modules found, entering strict repository configuration mode!
2019-04-28 15:20:05.792 INFO [main]o.s.d.repository.config.RepositoryConfigurationDelegate.registerRepositoriesIn:126 -Bootstrapping Spring Data repositories in DEFAULT mode.
2019-04-28 15:20:05.892 INFO [main]o.s.d.repository.config.RepositoryConfigurationDelegate.registerRepositoriesIn:182 -Finished Spring Data repository scanning in 80ms. Found 0 repository interfaces.
2019-04-28 15:20:06.279 INFO [main]o.s.c.s.PostProcessorRegistrationDelegate$BeanPostProcessorChecker.postProcessAfterInitialization:330 -Bean 'druidConfiguration' of type [edu.uni.config.DruidConfiguration$$EnhancerBySpringCGLIB$$54debbf5] is not eligible for getting processed by all BeanPostProcessors (for example: not eligible for auto-proxying)
2019-04-28 15:20:06.359 INFO [main]o.s.c.s.PostProcessorRegistrationDelegate$BeanPostProcessorChecker.postProcessAfterInitialization:330 -Bean 'org.springframework.transaction.annotation.ProxyTransactionManagementConfiguration' of type [org.springframework.transaction.annotation.ProxyTransactionManagementConfiguration$$EnhancerBySpringCGLIB$$79e513a6] is not eligible for getting processed by all BeanPostProcessors (for example: not eligible for auto-proxying)
2019-04-28 15:20:06.859 INFO [main]o.s.boot.web.embedded.tomcat.TomcatWebServer.initialize:90 -Tomcat initialized with port(s): 8080 (http)
2019-04-28 15:20:06.879 INFO [main]org.apache.coyote.http11.Http11NioProtocol.log:173 -Initializing ProtocolHandler ["http-nio-8080"]
2019-04-28 15:20:06.899 INFO [main]org.apache.catalina.core.StandardService.log:173 -Starting service [Tomcat]
2019-04-28 15:20:06.899 INFO [main]org.apache.catalina.core.StandardEngine.log:173 -Starting Servlet engine: [Apache Tomcat/9.0.16]
2019-04-28 15:20:06.899 INFO [main]org.apache.catalina.core.AprLifecycleListener.log:173 -The APR based Apache Tomcat Native library which allows optimal performance in production environments was not found on the java.library.path: [C:\Program Files\Java\jdk-9.0.4\bin;C:\Windows\Sun\Java\bin;C:\Windows\system32;C:\Windows;D:\app\MacBook\product\11.2.0\dbhome_1\bin;C:\ProgramData\Oracle\Java\javapath;C:\Program Files\Java\jdk-9.0.4\bin;C:\Windows\system32;C:\Windows;C:\Windows\System32\Wbem;C:\Windows\System32\WindowsPowerShell\v1.0\;C:\Program Files\Microsoft SQL Server\Client SDK\ODBC\110\Tools\Binn\;C:\Program Files (x86)\Microsoft SQL Server\120\Tools\Binn\;C:\Program Files\Microsoft SQL Server\120\Tools\Binn\;C:\Program Files\Microsoft SQL Server\120\DTS\Binn\;C:\Program Files (x86)\Microsoft SQL Server\120\Tools\Binn\ManagementStudio\;C:\Program Files (x86)\Microsoft SQL Server\120\DTS\Binn\;D:\大学\Node.js;%;YSQL_HOME%\bin;D:\大学\MySQL\bin;;;D:\study\Git\cmd;D:\大学\pict测试工具\;D:\大学\Node.js\;D:\大学\apache-maven-3.6.0-bin\apache-maven-3.6.0\bin\;D:\cmder;C:\Users\MacBook\AppData\Local\GitHubDesktop\bin;C:\Users\MacBook\AppData\Roaming\npm;D:\大学\Microsoft VS Code\bin;.]
2019-04-28 15:20:07.029 INFO [main]o.a.catalina.core.ContainerBase.[Tomcat].[localhost].[/].log:173 -Initializing Spring embedded WebApplicationContext
2019-04-28 15:20:07.029 INFO [main]org.springframework.web.context.ContextLoader.prepareWebApplicationContext:296 -Root WebApplicationContext: initialization completed in 3370 ms
2019-04-28 15:20:08.681 INFO [main]o.s.scheduling.concurrent.ThreadPoolTaskExecutor.initialize:171 -Initializing ExecutorService 'applicationTaskExecutor'
2019-04-28 15:20:09.092 INFO [main]s.d.spring.web.plugins.DocumentationPluginsBootstrapper.start:120 -Context refreshed
2019-04-28 15:20:09.112 INFO [main]s.d.spring.web.plugins.DocumentationPluginsBootstrapper.start:123 -Found 1 custom documentation plugin(s)
2019-04-28 15:20:09.132 INFO [main]s.d.spring.web.scanners.ApiListingReferenceScanner.scan:41 -Scanning for api listing references
2019-04-28 15:20:09.343 INFO [main]org.apache.coyote.http11.Http11NioProtocol.log:173 -Starting ProtocolHandler ["http-nio-8080"]
2019-04-28 15:20:09.373 INFO [main]o.s.boot.web.embedded.tomcat.TomcatWebServer.start:204 -Tomcat started on port(s): 8080 (http) with context path ''
2019-04-28 15:20:09.383 INFO [main]edu.uni.UniApplication.logStarted:59 -Started UniApplication in 6.759 seconds (JVM running for 8.428)
2019-04-28 15:20:15.644 INFO [http-nio-8080-exec-2]o.a.catalina.core.ContainerBase.[Tomcat].[localhost].[/].log:173 -Initializing Spring DispatcherServlet 'dispatcherServlet'
2019-04-28 15:20:15.645 INFO [http-nio-8080-exec-2]org.springframework.web.servlet.DispatcherServlet.initServletBean:524 -Initializing Servlet 'dispatcherServlet'
2019-04-28 15:20:15.654 INFO [http-nio-8080-exec-2]org.springframework.web.servlet.DispatcherServlet.initServletBean:546 -Completed initialization in 9 ms
2019-04-28 15:59:08.007 INFO [main]edu.uni.UniApplication.logStarting:50 -Starting UniApplication on wcx with PID 13828 (C:\Users\MacBook\Desktop\软件项目管理作业\uniProject\uni\target\classes started by MacBook in C:\Users\MacBook\Desktop\软件项目管理作业\uniProject\uni)
2019-04-28 15:59:08.014 INFO [main]edu.uni.UniApplication.logStartupProfileInfo:675 -No active profile set, falling back to default profiles: default
2019-04-28 15:59:11.361 INFO [main]o.s.d.repository.config.RepositoryConfigurationDelegate.multipleStoresDetected:244 -Multiple Spring Data modules found, entering strict repository configuration mode!
2019-04-28 15:59:11.367 INFO [main]o.s.d.repository.config.RepositoryConfigurationDelegate.registerRepositoriesIn:126 -Bootstrapping Spring Data repositories in DEFAULT mode.
2019-04-28 15:59:11.562 INFO [main]o.s.d.repository.config.RepositoryConfigurationDelegate.registerRepositoriesIn:182 -Finished Spring Data repository scanning in 162ms. Found 0 repository interfaces.
2019-04-28 15:59:12.213 INFO [main]o.s.c.s.PostProcessorRegistrationDelegate$BeanPostProcessorChecker.postProcessAfterInitialization:330 -Bean 'druidConfiguration' of type [edu.uni.config.DruidConfiguration$$EnhancerBySpringCGLIB$$4130ae6a] is not eligible for getting processed by all BeanPostProcessors (for example: not eligible for auto-proxying)
2019-04-28 15:59:12.337 INFO [main]o.s.c.s.PostProcessorRegistrationDelegate$BeanPostProcessorChecker.postProcessAfterInitialization:330 -Bean 'org.springframework.transaction.annotation.ProxyTransactionManagementConfiguration' of type [org.springframework.transaction.annotation.ProxyTransactionManagementConfiguration$$EnhancerBySpringCGLIB$$6637061b] is not eligible for getting processed by all BeanPostProcessors (for example: not eligible for auto-proxying)
2019-04-28 15:59:13.670 INFO [main]o.s.boot.web.embedded.tomcat.TomcatWebServer.initialize:90 -Tomcat initialized with port(s): 8080 (http)
2019-04-28 15:59:13.707 INFO [main]org.apache.coyote.http11.Http11NioProtocol.log:173 -Initializing ProtocolHandler ["http-nio-8080"]
2019-04-28 15:59:13.743 INFO [main]org.apache.catalina.core.StandardService.log:173 -Starting service [Tomcat]
2019-04-28 15:59:13.848 INFO [main]org.apache.catalina.core.StandardEngine.log:173 -Starting Servlet engine: [Apache Tomcat/9.0.16]
2019-04-28 15:59:13.956 INFO [main]org.apache.catalina.core.AprLifecycleListener.log:173 -The APR based Apache Tomcat Native library which allows optimal performance in production environments was not found on the java.library.path: [C:\Program Files\Java\jdk-9.0.4\bin;C:\Windows\Sun\Java\bin;C:\Windows\system32;C:\Windows;D:\app\MacBook\product\11.2.0\dbhome_1\bin;C:\ProgramData\Oracle\Java\javapath;C:\Program Files\Java\jdk-9.0.4\bin;C:\Windows\system32;C:\Windows;C:\Windows\System32\Wbem;C:\Windows\System32\WindowsPowerShell\v1.0\;C:\Program Files\Microsoft SQL Server\Client SDK\ODBC\110\Tools\Binn\;C:\Program Files (x86)\Microsoft SQL Server\120\Tools\Binn\;C:\Program Files\Microsoft SQL Server\120\Tools\Binn\;C:\Program Files\Microsoft SQL Server\120\DTS\Binn\;C:\Program Files (x86)\Microsoft SQL Server\120\Tools\Binn\ManagementStudio\;C:\Program Files (x86)\Microsoft SQL Server\120\DTS\Binn\;D:\大学\Node.js;%;YSQL_HOME%\bin;D:\大学\MySQL\bin;;;D:\study\Git\cmd;D:\大学\pict测试工具\;D:\大学\Node.js\;D:\大学\apache-maven-3.6.0-bin\apache-maven-3.6.0\bin\;D:\cmder;C:\Users\MacBook\AppData\Local\GitHubDesktop\bin;C:\Users\MacBook\AppData\Roaming\npm;D:\大学\Microsoft VS Code\bin;.]
2019-04-28 15:59:14.409 INFO [main]o.a.catalina.core.ContainerBase.[Tomcat].[localhost].[/].log:173 -Initializing Spring embedded WebApplicationContext
2019-04-28 15:59:14.409 INFO [main]org.springframework.web.context.ContextLoader.prepareWebApplicationContext:296 -Root WebApplicationContext: initialization completed in 5954 ms
2019-04-28 15:59:18.007 INFO [main]o.s.scheduling.concurrent.ThreadPoolTaskExecutor.initialize:171 -Initializing ExecutorService 'applicationTaskExecutor'
2019-04-28 15:59:18.937 INFO [main]s.d.spring.web.plugins.DocumentationPluginsBootstrapper.start:120 -Context refreshed
2019-04-28 15:59:18.970 INFO [main]s.d.spring.web.plugins.DocumentationPluginsBootstrapper.start:123 -Found 1 custom documentation plugin(s)
2019-04-28 15:59:18.997 INFO [main]s.d.spring.web.scanners.ApiListingReferenceScanner.scan:41 -Scanning for api listing references
2019-04-28 15:59:19.460 INFO [main]org.apache.coyote.http11.Http11NioProtocol.log:173 -Starting ProtocolHandler ["http-nio-8080"]
2019-04-28 15:59:19.561 INFO [main]o.s.boot.web.embedded.tomcat.TomcatWebServer.start:204 -Tomcat started on port(s): 8080 (http) with context path ''
2019-04-28 15:59:19.572 INFO [main]edu.uni.UniApplication.logStarted:59 -Started UniApplication in 13.178 seconds (JVM running for 16.877)
2019-04-28 15:59:20.205 INFO [http-nio-8080-exec-1]o.a.catalina.core.ContainerBase.[Tomcat].[localhost].[/].log:173 -Initializing Spring DispatcherServlet 'dispatcherServlet'
2019-04-28 15:59:20.206 INFO [http-nio-8080-exec-1]org.springframework.web.servlet.DispatcherServlet.initServletBean:524 -Initializing Servlet 'dispatcherServlet'
2019-04-28 15:59:20.249 INFO [http-nio-8080-exec-1]org.springframework.web.servlet.DispatcherServlet.initServletBean:546 -Completed initialization in 43 ms
2019-04-28 16:03:02.588 INFO [http-nio-8080-exec-3]com.alibaba.druid.pool.DruidDataSource.init:922 -{dataSource-1} inited
2019-04-28 16:03:03.206 INFO [http-nio-8080-exec-3]io.lettuce.core.EpollProvider.<clinit>:68 -Starting without optional epoll library
2019-04-28 16:03:03.208 INFO [http-nio-8080-exec-3]io.lettuce.core.KqueueProvider.<clinit>:70 -Starting without optional kqueue library
