2019-04-29 00:09:46.069 INFO [main]edu.uni.UniApplication.logStarting:50 -Starting UniApplication on wcx with PID 13564 (C:\Users\MacBook\Desktop\软件项目管理作业\uniProject\uni\target\classes started by MacBook in C:\Users\MacBook\Desktop\软件项目管理作业\uniProject\uni)
2019-04-29 00:09:46.097 INFO [main]edu.uni.UniApplication.logStartupProfileInfo:675 -No active profile set, falling back to default profiles: default
2019-04-29 00:09:48.061 INFO [main]o.s.d.repository.config.RepositoryConfigurationDelegate.multipleStoresDetected:244 -Multiple Spring Data modules found, entering strict repository configuration mode!
2019-04-29 00:09:48.064 INFO [main]o.s.d.repository.config.RepositoryConfigurationDelegate.registerRepositoriesIn:126 -Bootstrapping Spring Data repositories in DEFAULT mode.
2019-04-29 00:09:48.134 INFO [main]o.s.d.repository.config.RepositoryConfigurationDelegate.registerRepositoriesIn:182 -Finished Spring Data repository scanning in 48ms. Found 0 repository interfaces.
2019-04-29 00:09:48.545 INFO [main]o.s.c.s.PostProcessorRegistrationDelegate$BeanPostProcessorChecker.postProcessAfterInitialization:330 -Bean 'druidConfiguration' of type [edu.uni.config.DruidConfiguration$$EnhancerBySpringCGLIB$$559aff53] is not eligible for getting processed by all BeanPostProcessors (for example: not eligible for auto-proxying)
2019-04-29 00:09:48.634 INFO [main]o.s.c.s.PostProcessorRegistrationDelegate$BeanPostProcessorChecker.postProcessAfterInitialization:330 -Bean 'org.springframework.transaction.annotation.ProxyTransactionManagementConfiguration' of type [org.springframework.transaction.annotation.ProxyTransactionManagementConfiguration$$EnhancerBySpringCGLIB$$7aa15704] is not eligible for getting processed by all BeanPostProcessors (for example: not eligible for auto-proxying)
2019-04-29 00:09:49.162 INFO [main]o.s.boot.web.embedded.tomcat.TomcatWebServer.initialize:90 -Tomcat initialized with port(s): 8080 (http)
2019-04-29 00:09:49.185 INFO [main]org.apache.coyote.http11.Http11NioProtocol.log:173 -Initializing ProtocolHandler ["http-nio-8080"]
2019-04-29 00:09:49.203 INFO [main]org.apache.catalina.core.StandardService.log:173 -Starting service [Tomcat]
2019-04-29 00:09:49.204 INFO [main]org.apache.catalina.core.StandardEngine.log:173 -Starting Servlet engine: [Apache Tomcat/9.0.16]
2019-04-29 00:09:49.218 INFO [main]org.apache.catalina.core.AprLifecycleListener.log:173 -The APR based Apache Tomcat Native library which allows optimal performance in production environments was not found on the java.library.path: [C:\Program Files\Java\jdk-9.0.4\bin;C:\Windows\Sun\Java\bin;C:\Windows\system32;C:\Windows;D:\app\MacBook\product\11.2.0\dbhome_1\bin;C:\ProgramData\Oracle\Java\javapath;C:\Program Files\Java\jdk-9.0.4\bin;C:\Windows\system32;C:\Windows;C:\Windows\System32\Wbem;C:\Windows\System32\WindowsPowerShell\v1.0\;C:\Program Files\Microsoft SQL Server\Client SDK\ODBC\110\Tools\Binn\;C:\Program Files (x86)\Microsoft SQL Server\120\Tools\Binn\;C:\Program Files\Microsoft SQL Server\120\Tools\Binn\;C:\Program Files\Microsoft SQL Server\120\DTS\Binn\;C:\Program Files (x86)\Microsoft SQL Server\120\Tools\Binn\ManagementStudio\;C:\Program Files (x86)\Microsoft SQL Server\120\DTS\Binn\;D:\大学\Node.js;%;YSQL_HOME%\bin;D:\大学\MySQL\bin;;;D:\study\Git\cmd;D:\大学\pict测试工具\;D:\大学\Node.js\;D:\大学\apache-maven-3.6.0-bin\apache-maven-3.6.0\bin\;D:\cmder;C:\Users\MacBook\AppData\Local\GitHubDesktop\bin;C:\Users\MacBook\AppData\Roaming\npm;D:\大学\Microsoft VS Code\bin;.]
2019-04-29 00:09:49.384 INFO [main]o.a.catalina.core.ContainerBase.[Tomcat].[localhost].[/].log:173 -Initializing Spring embedded WebApplicationContext
2019-04-29 00:09:49.384 INFO [main]org.springframework.web.context.ContextLoader.prepareWebApplicationContext:296 -Root WebApplicationContext: initialization completed in 3055 ms
2019-04-29 00:09:51.113 INFO [main]o.s.scheduling.concurrent.ThreadPoolTaskExecutor.initialize:171 -Initializing ExecutorService 'applicationTaskExecutor'
2019-04-29 00:09:51.512 INFO [main]s.d.spring.web.plugins.DocumentationPluginsBootstrapper.start:120 -Context refreshed
2019-04-29 00:09:51.531 INFO [main]s.d.spring.web.plugins.DocumentationPluginsBootstrapper.start:123 -Found 1 custom documentation plugin(s)
2019-04-29 00:09:51.544 INFO [main]s.d.spring.web.scanners.ApiListingReferenceScanner.scan:41 -Scanning for api listing references
2019-04-29 00:09:51.740 INFO [main]org.apache.coyote.http11.Http11NioProtocol.log:173 -Starting ProtocolHandler ["http-nio-8080"]
2019-04-29 00:09:51.780 INFO [main]o.s.boot.web.embedded.tomcat.TomcatWebServer.start:204 -Tomcat started on port(s): 8080 (http) with context path ''
2019-04-29 00:09:51.785 INFO [main]edu.uni.UniApplication.logStarted:59 -Started UniApplication in 6.839 seconds (JVM running for 9.021)
2019-04-29 00:09:56.608 INFO [http-nio-8080-exec-1]o.a.catalina.core.ContainerBase.[Tomcat].[localhost].[/].log:173 -Initializing Spring DispatcherServlet 'dispatcherServlet'
2019-04-29 00:09:56.609 INFO [http-nio-8080-exec-1]org.springframework.web.servlet.DispatcherServlet.initServletBean:524 -Initializing Servlet 'dispatcherServlet'
2019-04-29 00:09:56.623 INFO [http-nio-8080-exec-1]org.springframework.web.servlet.DispatcherServlet.initServletBean:546 -Completed initialization in 13 ms
2019-04-29 00:11:02.115 INFO [http-nio-8080-exec-6]io.lettuce.core.EpollProvider.<clinit>:68 -Starting without optional epoll library
2019-04-29 00:11:02.119 INFO [http-nio-8080-exec-6]io.lettuce.core.KqueueProvider.<clinit>:70 -Starting without optional kqueue library
2019-04-29 00:14:07.848 INFO [http-nio-8080-exec-3]com.alibaba.druid.pool.DruidDataSource.init:922 -{dataSource-1} inited
2019-04-29 01:34:17.299 INFO [main]edu.uni.UniApplication.logStarting:50 -Starting UniApplication on wcx with PID 15664 (C:\Users\MacBook\Desktop\软件项目管理作业\uniProject\uni\target\classes started by MacBook in C:\Users\MacBook\Desktop\软件项目管理作业\uniProject\uni)
2019-04-29 01:34:17.304 INFO [main]edu.uni.UniApplication.logStartupProfileInfo:675 -No active profile set, falling back to default profiles: default
2019-04-29 01:34:19.346 INFO [main]o.s.d.repository.config.RepositoryConfigurationDelegate.multipleStoresDetected:244 -Multiple Spring Data modules found, entering strict repository configuration mode!
2019-04-29 01:34:19.349 INFO [main]o.s.d.repository.config.RepositoryConfigurationDelegate.registerRepositoriesIn:126 -Bootstrapping Spring Data repositories in DEFAULT mode.
2019-04-29 01:34:19.412 INFO [main]o.s.d.repository.config.RepositoryConfigurationDelegate.registerRepositoriesIn:182 -Finished Spring Data repository scanning in 46ms. Found 0 repository interfaces.
2019-04-29 01:34:19.688 INFO [main]o.s.c.s.PostProcessorRegistrationDelegate$BeanPostProcessorChecker.postProcessAfterInitialization:330 -Bean 'druidConfiguration' of type [edu.uni.config.DruidConfiguration$$EnhancerBySpringCGLIB$$e40cc7da] is not eligible for getting processed by all BeanPostProcessors (for example: not eligible for auto-proxying)
2019-04-29 01:34:19.770 INFO [main]o.s.c.s.PostProcessorRegistrationDelegate$BeanPostProcessorChecker.postProcessAfterInitialization:330 -Bean 'org.springframework.transaction.annotation.ProxyTransactionManagementConfiguration' of type [org.springframework.transaction.annotation.ProxyTransactionManagementConfiguration$$EnhancerBySpringCGLIB$$9131f8b] is not eligible for getting processed by all BeanPostProcessors (for example: not eligible for auto-proxying)
2019-04-29 01:34:20.131 INFO [main]o.s.boot.web.embedded.tomcat.TomcatWebServer.initialize:90 -Tomcat initialized with port(s): 8080 (http)
2019-04-29 01:34:20.157 INFO [main]org.apache.coyote.http11.Http11NioProtocol.log:173 -Initializing ProtocolHandler ["http-nio-8080"]
2019-04-29 01:34:20.175 INFO [main]org.apache.catalina.core.StandardService.log:173 -Starting service [Tomcat]
2019-04-29 01:34:20.176 INFO [main]org.apache.catalina.core.StandardEngine.log:173 -Starting Servlet engine: [Apache Tomcat/9.0.16]
2019-04-29 01:34:20.203 INFO [main]org.apache.catalina.core.AprLifecycleListener.log:173 -The APR based Apache Tomcat Native library which allows optimal performance in production environments was not found on the java.library.path: [C:\Program Files\Java\jdk-9.0.4\bin;C:\Windows\Sun\Java\bin;C:\Windows\system32;C:\Windows;D:\app\MacBook\product\11.2.0\dbhome_1\bin;C:\ProgramData\Oracle\Java\javapath;C:\Program Files\Java\jdk-9.0.4\bin;C:\Windows\system32;C:\Windows;C:\Windows\System32\Wbem;C:\Windows\System32\WindowsPowerShell\v1.0\;C:\Program Files\Microsoft SQL Server\Client SDK\ODBC\110\Tools\Binn\;C:\Program Files (x86)\Microsoft SQL Server\120\Tools\Binn\;C:\Program Files\Microsoft SQL Server\120\Tools\Binn\;C:\Program Files\Microsoft SQL Server\120\DTS\Binn\;C:\Program Files (x86)\Microsoft SQL Server\120\Tools\Binn\ManagementStudio\;C:\Program Files (x86)\Microsoft SQL Server\120\DTS\Binn\;D:\大学\Node.js;%;YSQL_HOME%\bin;D:\大学\MySQL\bin;;;D:\study\Git\cmd;D:\大学\pict测试工具\;D:\大学\Node.js\;D:\大学\apache-maven-3.6.0-bin\apache-maven-3.6.0\bin\;D:\cmder;C:\Users\MacBook\AppData\Local\GitHubDesktop\bin;C:\Users\MacBook\AppData\Roaming\npm;D:\大学\Microsoft VS Code\bin;.]
2019-04-29 01:34:20.332 INFO [main]o.a.catalina.core.ContainerBase.[Tomcat].[localhost].[/].log:173 -Initializing Spring embedded WebApplicationContext
2019-04-29 01:34:20.333 INFO [main]org.springframework.web.context.ContextLoader.prepareWebApplicationContext:296 -Root WebApplicationContext: initialization completed in 2920 ms
2019-04-29 01:34:21.839 INFO [main]o.s.scheduling.concurrent.ThreadPoolTaskExecutor.initialize:171 -Initializing ExecutorService 'applicationTaskExecutor'
2019-04-29 01:34:22.334 INFO [main]s.d.spring.web.plugins.DocumentationPluginsBootstrapper.start:120 -Context refreshed
2019-04-29 01:34:22.349 INFO [main]s.d.spring.web.plugins.DocumentationPluginsBootstrapper.start:123 -Found 1 custom documentation plugin(s)
2019-04-29 01:34:22.362 INFO [main]s.d.spring.web.scanners.ApiListingReferenceScanner.scan:41 -Scanning for api listing references
2019-04-29 01:34:22.624 INFO [main]org.apache.coyote.http11.Http11NioProtocol.log:173 -Starting ProtocolHandler ["http-nio-8080"]
2019-04-29 01:34:22.671 INFO [main]o.s.boot.web.embedded.tomcat.TomcatWebServer.start:204 -Tomcat started on port(s): 8080 (http) with context path ''
2019-04-29 01:34:22.677 INFO [main]edu.uni.UniApplication.logStarted:59 -Started UniApplication in 6.082 seconds (JVM running for 7.736)
2019-04-29 01:34:24.566 INFO [http-nio-8080-exec-2]o.a.catalina.core.ContainerBase.[Tomcat].[localhost].[/].log:173 -Initializing Spring DispatcherServlet 'dispatcherServlet'
2019-04-29 01:34:24.567 INFO [http-nio-8080-exec-2]org.springframework.web.servlet.DispatcherServlet.initServletBean:524 -Initializing Servlet 'dispatcherServlet'
2019-04-29 01:34:24.577 INFO [http-nio-8080-exec-2]org.springframework.web.servlet.DispatcherServlet.initServletBean:546 -Completed initialization in 10 ms
2019-04-29 01:35:36.746 INFO [http-nio-8080-exec-7]io.lettuce.core.EpollProvider.<clinit>:68 -Starting without optional epoll library
2019-04-29 01:35:36.748 INFO [http-nio-8080-exec-7]io.lettuce.core.KqueueProvider.<clinit>:70 -Starting without optional kqueue library
