2019-05-11 14:14:33.075 INFO [main]edu.uni.UniApplication.logStarting:50 -Starting UniApplication on wcx with PID 13080 (C:\Users\MacBook\Desktop\软件项目管理作业\uniProject\uni\target\classes started by MacBook in C:\Users\MacBook\Desktop\软件项目管理作业\uniProject\uni)
2019-05-11 14:14:33.079 INFO [main]edu.uni.UniApplication.logStartupProfileInfo:675 -No active profile set, falling back to default profiles: default
2019-05-11 14:14:35.685 INFO [main]o.s.d.repository.config.RepositoryConfigurationDelegate.multipleStoresDetected:244 -Multiple Spring Data modules found, entering strict repository configuration mode!
2019-05-11 14:14:35.693 INFO [main]o.s.d.repository.config.RepositoryConfigurationDelegate.registerRepositoriesIn:126 -Bootstrapping Spring Data repositories in DEFAULT mode.
2019-05-11 14:14:35.819 INFO [main]o.s.d.repository.config.RepositoryConfigurationDelegate.registerRepositoriesIn:182 -Finished Spring Data repository scanning in 98ms. Found 0 repository interfaces.
2019-05-11 14:14:36.382 INFO [main]o.s.c.s.PostProcessorRegistrationDelegate$BeanPostProcessorChecker.postProcessAfterInitialization:330 -Bean 'druidConfiguration' of type [edu.uni.config.DruidConfiguration$$EnhancerBySpringCGLIB$$e2d6cb57] is not eligible for getting processed by all BeanPostProcessors (for example: not eligible for auto-proxying)
2019-05-11 14:14:36.479 INFO [main]o.s.c.s.PostProcessorRegistrationDelegate$BeanPostProcessorChecker.postProcessAfterInitialization:330 -Bean 'org.springframework.transaction.annotation.ProxyTransactionManagementConfiguration' of type [org.springframework.transaction.annotation.ProxyTransactionManagementConfiguration$$EnhancerBySpringCGLIB$$7dd2308] is not eligible for getting processed by all BeanPostProcessors (for example: not eligible for auto-proxying)
2019-05-11 14:14:37.189 INFO [main]o.s.boot.web.embedded.tomcat.TomcatWebServer.initialize:90 -Tomcat initialized with port(s): 8080 (http)
2019-05-11 14:14:37.208 INFO [main]org.apache.coyote.http11.Http11NioProtocol.log:173 -Initializing ProtocolHandler ["http-nio-8080"]
2019-05-11 14:14:37.227 INFO [main]org.apache.catalina.core.StandardService.log:173 -Starting service [Tomcat]
2019-05-11 14:14:37.228 INFO [main]org.apache.catalina.core.StandardEngine.log:173 -Starting Servlet engine: [Apache Tomcat/9.0.16]
2019-05-11 14:14:37.237 INFO [main]org.apache.catalina.core.AprLifecycleListener.log:173 -The APR based Apache Tomcat Native library which allows optimal performance in production environments was not found on the java.library.path: [C:\Program Files\Java\jdk-9.0.4\bin;C:\Windows\Sun\Java\bin;C:\Windows\system32;C:\Windows;D:\app\MacBook\product\11.2.0\dbhome_1\bin;C:\ProgramData\Oracle\Java\javapath;C:\Program Files\Java\jdk-9.0.4\bin;C:\Windows\system32;C:\Windows;C:\Windows\System32\Wbem;C:\Windows\System32\WindowsPowerShell\v1.0\;C:\Program Files\Microsoft SQL Server\Client SDK\ODBC\110\Tools\Binn\;C:\Program Files (x86)\Microsoft SQL Server\120\Tools\Binn\;C:\Program Files\Microsoft SQL Server\120\Tools\Binn\;C:\Program Files\Microsoft SQL Server\120\DTS\Binn\;C:\Program Files (x86)\Microsoft SQL Server\120\Tools\Binn\ManagementStudio\;C:\Program Files (x86)\Microsoft SQL Server\120\DTS\Binn\;D:\大学\Node.js;%;YSQL_HOME%\bin;D:\大学\MySQL\bin;D:\study\Git\cmd;D:\大学\pict测试工具\;D:\大学\Node.js\;D:\大学\apache-maven-3.6.0-bin\apache-maven-3.6.0\bin\;D:\cmder;D:\study\nvm;D:\Program Files\nodejs;C:\Users\MacBook\AppData\Local\GitHubDesktop\bin;C:\Users\MacBook\AppData\Roaming\npm;D:\大学\Microsoft VS Code\bin;D:\study\nvm;D:\Program Files\nodejs;.]
2019-05-11 14:14:37.410 INFO [main]o.a.catalina.core.ContainerBase.[Tomcat].[localhost].[/].log:173 -Initializing Spring embedded WebApplicationContext
2019-05-11 14:14:37.410 INFO [main]org.springframework.web.context.ContextLoader.prepareWebApplicationContext:296 -Root WebApplicationContext: initialization completed in 4136 ms
2019-05-11 14:14:39.958 INFO [main]o.s.scheduling.concurrent.ThreadPoolTaskExecutor.initialize:171 -Initializing ExecutorService 'applicationTaskExecutor'
2019-05-11 14:14:40.609 INFO [main]s.d.spring.web.plugins.DocumentationPluginsBootstrapper.start:120 -Context refreshed
2019-05-11 14:14:40.669 INFO [main]s.d.spring.web.plugins.DocumentationPluginsBootstrapper.start:123 -Found 1 custom documentation plugin(s)
2019-05-11 14:14:40.684 INFO [main]s.d.spring.web.scanners.ApiListingReferenceScanner.scan:41 -Scanning for api listing references
2019-05-11 14:14:40.936 INFO [main]s.d.s.w.readers.operation.CachingOperationNameGenerator.startingWith:40 -Generating unique operation named: createUsingPOST_1
2019-05-11 14:14:40.939 INFO [main]s.d.s.w.readers.operation.CachingOperationNameGenerator.startingWith:40 -Generating unique operation named: destroyUsingDELETE_1
2019-05-11 14:14:40.948 INFO [main]s.d.s.w.readers.operation.CachingOperationNameGenerator.startingWith:40 -Generating unique operation named: updateUsingPUT_1
2019-05-11 14:14:41.016 INFO [main]s.d.s.w.readers.operation.CachingOperationNameGenerator.startingWith:40 -Generating unique operation named: createUsingPOST_2
2019-05-11 14:14:41.020 INFO [main]s.d.s.w.readers.operation.CachingOperationNameGenerator.startingWith:40 -Generating unique operation named: destroyUsingDELETE_2
2019-05-11 14:14:41.028 INFO [main]s.d.s.w.readers.operation.CachingOperationNameGenerator.startingWith:40 -Generating unique operation named: updateUsingPUT_2
2019-05-11 14:14:41.046 INFO [main]s.d.s.w.readers.operation.CachingOperationNameGenerator.startingWith:40 -Generating unique operation named: createUsingPOST_3
2019-05-11 14:14:41.050 INFO [main]s.d.s.w.readers.operation.CachingOperationNameGenerator.startingWith:40 -Generating unique operation named: destroyUsingDELETE_3
2019-05-11 14:14:41.059 INFO [main]s.d.s.w.readers.operation.CachingOperationNameGenerator.startingWith:40 -Generating unique operation named: receiveBaseUsingGET_1
2019-05-11 14:14:41.064 INFO [main]s.d.s.w.readers.operation.CachingOperationNameGenerator.startingWith:40 -Generating unique operation named: updateUsingPUT_3
2019-05-11 14:14:41.089 INFO [main]org.apache.coyote.http11.Http11NioProtocol.log:173 -Starting ProtocolHandler ["http-nio-8080"]
2019-05-11 14:14:41.131 INFO [main]o.s.boot.web.embedded.tomcat.TomcatWebServer.start:204 -Tomcat started on port(s): 8080 (http) with context path ''
2019-05-11 14:14:41.137 INFO [main]edu.uni.UniApplication.logStarted:59 -Started UniApplication in 9.764 seconds (JVM running for 14.49)
2019-05-11 14:14:55.769 INFO [http-nio-8080-exec-1]o.a.catalina.core.ContainerBase.[Tomcat].[localhost].[/].log:173 -Initializing Spring DispatcherServlet 'dispatcherServlet'
2019-05-11 14:14:55.770 INFO [http-nio-8080-exec-1]org.springframework.web.servlet.DispatcherServlet.initServletBean:524 -Initializing Servlet 'dispatcherServlet'
2019-05-11 14:14:55.801 INFO [http-nio-8080-exec-1]org.springframework.web.servlet.DispatcherServlet.initServletBean:546 -Completed initialization in 31 ms
2019-05-11 14:15:04.536 INFO [http-nio-8080-exec-1]io.lettuce.core.EpollProvider.<clinit>:68 -Starting without optional epoll library
2019-05-11 14:15:04.539 INFO [http-nio-8080-exec-1]io.lettuce.core.KqueueProvider.<clinit>:70 -Starting without optional kqueue library
2019-05-11 14:15:49.665 INFO [http-nio-8080-exec-9]com.alibaba.druid.pool.DruidDataSource.init:922 -{dataSource-1} inited
2019-05-11 15:10:25.838 INFO [main]edu.uni.UniApplication.logStarting:50 -Starting UniApplication on wcx with PID 7324 (C:\Users\MacBook\Desktop\软件项目管理作业\uniProject\uni\target\classes started by MacBook in C:\Users\MacBook\Desktop\软件项目管理作业\uniProject\uni)
2019-05-11 15:10:25.842 INFO [main]edu.uni.UniApplication.logStartupProfileInfo:675 -No active profile set, falling back to default profiles: default
2019-05-11 15:10:31.104 INFO [main]o.s.d.repository.config.RepositoryConfigurationDelegate.multipleStoresDetected:244 -Multiple Spring Data modules found, entering strict repository configuration mode!
2019-05-11 15:10:31.106 INFO [main]o.s.d.repository.config.RepositoryConfigurationDelegate.registerRepositoriesIn:126 -Bootstrapping Spring Data repositories in DEFAULT mode.
2019-05-11 15:10:31.229 INFO [main]o.s.d.repository.config.RepositoryConfigurationDelegate.registerRepositoriesIn:182 -Finished Spring Data repository scanning in 96ms. Found 0 repository interfaces.
2019-05-11 15:10:31.725 INFO [main]o.s.c.s.PostProcessorRegistrationDelegate$BeanPostProcessorChecker.postProcessAfterInitialization:330 -Bean 'druidConfiguration' of type [edu.uni.config.DruidConfiguration$$EnhancerBySpringCGLIB$$af2ffb2a] is not eligible for getting processed by all BeanPostProcessors (for example: not eligible for auto-proxying)
2019-05-11 15:10:31.851 INFO [main]o.s.c.s.PostProcessorRegistrationDelegate$BeanPostProcessorChecker.postProcessAfterInitialization:330 -Bean 'org.springframework.transaction.annotation.ProxyTransactionManagementConfiguration' of type [org.springframework.transaction.annotation.ProxyTransactionManagementConfiguration$$EnhancerBySpringCGLIB$$d43652db] is not eligible for getting processed by all BeanPostProcessors (for example: not eligible for auto-proxying)
2019-05-11 15:10:33.299 INFO [main]o.s.boot.web.embedded.tomcat.TomcatWebServer.initialize:90 -Tomcat initialized with port(s): 8080 (http)
2019-05-11 15:10:33.339 INFO [main]org.apache.coyote.http11.Http11NioProtocol.log:173 -Initializing ProtocolHandler ["http-nio-8080"]
2019-05-11 15:10:33.401 INFO [main]org.apache.catalina.core.StandardService.log:173 -Starting service [Tomcat]
2019-05-11 15:10:33.402 INFO [main]org.apache.catalina.core.StandardEngine.log:173 -Starting Servlet engine: [Apache Tomcat/9.0.16]
2019-05-11 15:10:33.419 INFO [main]org.apache.catalina.core.AprLifecycleListener.log:173 -The APR based Apache Tomcat Native library which allows optimal performance in production environments was not found on the java.library.path: [C:\Program Files\Java\jdk-9.0.4\bin;C:\Windows\Sun\Java\bin;C:\Windows\system32;C:\Windows;D:\app\MacBook\product\11.2.0\dbhome_1\bin;C:\ProgramData\Oracle\Java\javapath;C:\Program Files\Java\jdk-9.0.4\bin;C:\Windows\system32;C:\Windows;C:\Windows\System32\Wbem;C:\Windows\System32\WindowsPowerShell\v1.0\;C:\Program Files\Microsoft SQL Server\Client SDK\ODBC\110\Tools\Binn\;C:\Program Files (x86)\Microsoft SQL Server\120\Tools\Binn\;C:\Program Files\Microsoft SQL Server\120\Tools\Binn\;C:\Program Files\Microsoft SQL Server\120\DTS\Binn\;C:\Program Files (x86)\Microsoft SQL Server\120\Tools\Binn\ManagementStudio\;C:\Program Files (x86)\Microsoft SQL Server\120\DTS\Binn\;D:\大学\Node.js;%;YSQL_HOME%\bin;D:\大学\MySQL\bin;D:\study\Git\cmd;D:\大学\pict测试工具\;D:\大学\Node.js\;D:\大学\apache-maven-3.6.0-bin\apache-maven-3.6.0\bin\;D:\cmder;D:\study\nvm;D:\Program Files\nodejs;C:\Users\MacBook\AppData\Local\GitHubDesktop\bin;C:\Users\MacBook\AppData\Roaming\npm;D:\大学\Microsoft VS Code\bin;D:\study\nvm;D:\Program Files\nodejs;.]
2019-05-11 15:10:33.566 INFO [main]o.a.catalina.core.ContainerBase.[Tomcat].[localhost].[/].log:173 -Initializing Spring embedded WebApplicationContext
2019-05-11 15:10:33.566 INFO [main]org.springframework.web.context.ContextLoader.prepareWebApplicationContext:296 -Root WebApplicationContext: initialization completed in 6627 ms
2019-05-11 15:10:37.398 INFO [main]o.s.scheduling.concurrent.ThreadPoolTaskExecutor.initialize:171 -Initializing ExecutorService 'applicationTaskExecutor'
2019-05-11 15:10:38.173 INFO [main]s.d.spring.web.plugins.DocumentationPluginsBootstrapper.start:120 -Context refreshed
2019-05-11 15:10:38.228 INFO [main]s.d.spring.web.plugins.DocumentationPluginsBootstrapper.start:123 -Found 1 custom documentation plugin(s)
2019-05-11 15:10:38.244 INFO [main]s.d.spring.web.scanners.ApiListingReferenceScanner.scan:41 -Scanning for api listing references
2019-05-11 15:11:47.494 INFO [main]edu.uni.UniApplication.logStarting:50 -Starting UniApplication on wcx with PID 7328 (C:\Users\MacBook\Desktop\软件项目管理作业\uniProject\uni\target\classes started by MacBook in C:\Users\MacBook\Desktop\软件项目管理作业\uniProject\uni)
2019-05-11 15:11:47.518 INFO [main]edu.uni.UniApplication.logStartupProfileInfo:675 -No active profile set, falling back to default profiles: default
2019-05-11 15:11:49.458 INFO [main]o.s.d.repository.config.RepositoryConfigurationDelegate.multipleStoresDetected:244 -Multiple Spring Data modules found, entering strict repository configuration mode!
2019-05-11 15:11:49.461 INFO [main]o.s.d.repository.config.RepositoryConfigurationDelegate.registerRepositoriesIn:126 -Bootstrapping Spring Data repositories in DEFAULT mode.
2019-05-11 15:11:49.550 INFO [main]o.s.d.repository.config.RepositoryConfigurationDelegate.registerRepositoriesIn:182 -Finished Spring Data repository scanning in 70ms. Found 0 repository interfaces.
2019-05-11 15:11:49.916 INFO [main]o.s.c.s.PostProcessorRegistrationDelegate$BeanPostProcessorChecker.postProcessAfterInitialization:330 -Bean 'druidConfiguration' of type [edu.uni.config.DruidConfiguration$$EnhancerBySpringCGLIB$$377b8fcd] is not eligible for getting processed by all BeanPostProcessors (for example: not eligible for auto-proxying)
2019-05-11 15:11:50.006 INFO [main]o.s.c.s.PostProcessorRegistrationDelegate$BeanPostProcessorChecker.postProcessAfterInitialization:330 -Bean 'org.springframework.transaction.annotation.ProxyTransactionManagementConfiguration' of type [org.springframework.transaction.annotation.ProxyTransactionManagementConfiguration$$EnhancerBySpringCGLIB$$5c81e77e] is not eligible for getting processed by all BeanPostProcessors (for example: not eligible for auto-proxying)
2019-05-11 15:11:50.548 INFO [main]o.s.boot.web.embedded.tomcat.TomcatWebServer.initialize:90 -Tomcat initialized with port(s): 8080 (http)
2019-05-11 15:11:50.572 INFO [main]org.apache.coyote.http11.Http11NioProtocol.log:173 -Initializing ProtocolHandler ["http-nio-8080"]
2019-05-11 15:11:50.596 INFO [main]org.apache.catalina.core.StandardService.log:173 -Starting service [Tomcat]
2019-05-11 15:11:50.596 INFO [main]org.apache.catalina.core.StandardEngine.log:173 -Starting Servlet engine: [Apache Tomcat/9.0.16]
2019-05-11 15:11:50.606 INFO [main]org.apache.catalina.core.AprLifecycleListener.log:173 -The APR based Apache Tomcat Native library which allows optimal performance in production environments was not found on the java.library.path: [C:\Program Files\Java\jdk-9.0.4\bin;C:\Windows\Sun\Java\bin;C:\Windows\system32;C:\Windows;D:\app\MacBook\product\11.2.0\dbhome_1\bin;C:\ProgramData\Oracle\Java\javapath;C:\Program Files\Java\jdk-9.0.4\bin;C:\Windows\system32;C:\Windows;C:\Windows\System32\Wbem;C:\Windows\System32\WindowsPowerShell\v1.0\;C:\Program Files\Microsoft SQL Server\Client SDK\ODBC\110\Tools\Binn\;C:\Program Files (x86)\Microsoft SQL Server\120\Tools\Binn\;C:\Program Files\Microsoft SQL Server\120\Tools\Binn\;C:\Program Files\Microsoft SQL Server\120\DTS\Binn\;C:\Program Files (x86)\Microsoft SQL Server\120\Tools\Binn\ManagementStudio\;C:\Program Files (x86)\Microsoft SQL Server\120\DTS\Binn\;D:\大学\Node.js;%;YSQL_HOME%\bin;D:\大学\MySQL\bin;D:\study\Git\cmd;D:\大学\pict测试工具\;D:\大学\Node.js\;D:\大学\apache-maven-3.6.0-bin\apache-maven-3.6.0\bin\;D:\cmder;D:\study\nvm;D:\Program Files\nodejs;C:\Users\MacBook\AppData\Local\GitHubDesktop\bin;C:\Users\MacBook\AppData\Roaming\npm;D:\大学\Microsoft VS Code\bin;D:\study\nvm;D:\Program Files\nodejs;.]
2019-05-11 15:11:50.780 INFO [main]o.a.catalina.core.ContainerBase.[Tomcat].[localhost].[/].log:173 -Initializing Spring embedded WebApplicationContext
2019-05-11 15:11:50.782 INFO [main]org.springframework.web.context.ContextLoader.prepareWebApplicationContext:296 -Root WebApplicationContext: initialization completed in 3076 ms
2019-05-11 15:11:52.816 INFO [main]o.s.scheduling.concurrent.ThreadPoolTaskExecutor.initialize:171 -Initializing ExecutorService 'applicationTaskExecutor'
2019-05-11 15:11:53.256 INFO [main]s.d.spring.web.plugins.DocumentationPluginsBootstrapper.start:120 -Context refreshed
2019-05-11 15:11:53.278 INFO [main]s.d.spring.web.plugins.DocumentationPluginsBootstrapper.start:123 -Found 1 custom documentation plugin(s)
2019-05-11 15:11:53.295 INFO [main]s.d.spring.web.scanners.ApiListingReferenceScanner.scan:41 -Scanning for api listing references
2019-05-11 15:11:53.636 INFO [main]s.d.s.w.readers.operation.CachingOperationNameGenerator.startingWith:40 -Generating unique operation named: createUsingPOST_1
2019-05-11 15:11:53.644 INFO [main]s.d.s.w.readers.operation.CachingOperationNameGenerator.startingWith:40 -Generating unique operation named: destroyUsingDELETE_1
2019-05-11 15:11:53.657 INFO [main]s.d.s.w.readers.operation.CachingOperationNameGenerator.startingWith:40 -Generating unique operation named: updateUsingPUT_1
2019-05-11 15:11:53.748 INFO [main]s.d.s.w.readers.operation.CachingOperationNameGenerator.startingWith:40 -Generating unique operation named: createUsingPOST_2
2019-05-11 15:11:53.753 INFO [main]s.d.s.w.readers.operation.CachingOperationNameGenerator.startingWith:40 -Generating unique operation named: destroyUsingDELETE_2
2019-05-11 15:11:53.762 INFO [main]s.d.s.w.readers.operation.CachingOperationNameGenerator.startingWith:40 -Generating unique operation named: updateUsingPUT_2
2019-05-11 15:11:53.810 INFO [main]s.d.s.w.readers.operation.CachingOperationNameGenerator.startingWith:40 -Generating unique operation named: createUsingPOST_3
2019-05-11 15:11:53.815 INFO [main]s.d.s.w.readers.operation.CachingOperationNameGenerator.startingWith:40 -Generating unique operation named: destroyUsingDELETE_3
2019-05-11 15:11:53.828 INFO [main]s.d.s.w.readers.operation.CachingOperationNameGenerator.startingWith:40 -Generating unique operation named: receiveBaseUsingGET_1
2019-05-11 15:11:53.834 INFO [main]s.d.s.w.readers.operation.CachingOperationNameGenerator.startingWith:40 -Generating unique operation named: updateUsingPUT_3
2019-05-11 15:11:53.922 INFO [main]org.apache.coyote.http11.Http11NioProtocol.log:173 -Starting ProtocolHandler ["http-nio-8080"]
2019-05-11 15:11:53.973 INFO [main]o.s.boot.web.embedded.tomcat.TomcatWebServer.start:204 -Tomcat started on port(s): 8080 (http) with context path ''
2019-05-11 15:11:53.979 INFO [main]edu.uni.UniApplication.logStarted:59 -Started UniApplication in 7.448 seconds (JVM running for 9.054)
2019-05-11 15:12:11.814 INFO [http-nio-8080-exec-1]o.a.catalina.core.ContainerBase.[Tomcat].[localhost].[/].log:173 -Initializing Spring DispatcherServlet 'dispatcherServlet'
2019-05-11 15:12:11.814 INFO [http-nio-8080-exec-1]org.springframework.web.servlet.DispatcherServlet.initServletBean:524 -Initializing Servlet 'dispatcherServlet'
2019-05-11 15:12:11.842 INFO [http-nio-8080-exec-1]org.springframework.web.servlet.DispatcherServlet.initServletBean:546 -Completed initialization in 27 ms
2019-05-11 15:12:26.964 INFO [http-nio-8080-exec-8]io.lettuce.core.EpollProvider.<clinit>:68 -Starting without optional epoll library
2019-05-11 15:12:26.968 INFO [http-nio-8080-exec-8]io.lettuce.core.KqueueProvider.<clinit>:70 -Starting without optional kqueue library
2019-05-11 15:14:26.023 INFO [http-nio-8080-exec-1]com.alibaba.druid.pool.DruidDataSource.init:922 -{dataSource-1} inited
2019-05-11 15:24:44.377 INFO [main]edu.uni.UniApplication.logStarting:50 -Starting UniApplication on wcx with PID 2596 (C:\Users\MacBook\Desktop\软件项目管理作业\uniProject\uni\target\classes started by MacBook in C:\Users\MacBook\Desktop\软件项目管理作业\uniProject\uni)
2019-05-11 15:24:44.383 INFO [main]edu.uni.UniApplication.logStartupProfileInfo:675 -No active profile set, falling back to default profiles: default
2019-05-11 15:24:46.692 INFO [main]o.s.d.repository.config.RepositoryConfigurationDelegate.multipleStoresDetected:244 -Multiple Spring Data modules found, entering strict repository configuration mode!
2019-05-11 15:24:46.695 INFO [main]o.s.d.repository.config.RepositoryConfigurationDelegate.registerRepositoriesIn:126 -Bootstrapping Spring Data repositories in DEFAULT mode.
2019-05-11 15:24:46.767 INFO [main]o.s.d.repository.config.RepositoryConfigurationDelegate.registerRepositoriesIn:182 -Finished Spring Data repository scanning in 57ms. Found 0 repository interfaces.
2019-05-11 15:24:47.087 INFO [main]o.s.c.s.PostProcessorRegistrationDelegate$BeanPostProcessorChecker.postProcessAfterInitialization:330 -Bean 'druidConfiguration' of type [edu.uni.config.DruidConfiguration$$EnhancerBySpringCGLIB$$d4ccf19] is not eligible for getting processed by all BeanPostProcessors (for example: not eligible for auto-proxying)
2019-05-11 15:24:47.160 INFO [main]o.s.c.s.PostProcessorRegistrationDelegate$BeanPostProcessorChecker.postProcessAfterInitialization:330 -Bean 'org.springframework.transaction.annotation.ProxyTransactionManagementConfiguration' of type [org.springframework.transaction.annotation.ProxyTransactionManagementConfiguration$$EnhancerBySpringCGLIB$$325326ca] is not eligible for getting processed by all BeanPostProcessors (for example: not eligible for auto-proxying)
2019-05-11 15:24:47.545 INFO [main]o.s.boot.web.embedded.tomcat.TomcatWebServer.initialize:90 -Tomcat initialized with port(s): 8080 (http)
2019-05-11 15:24:47.564 INFO [main]org.apache.coyote.http11.Http11NioProtocol.log:173 -Initializing ProtocolHandler ["http-nio-8080"]
2019-05-11 15:24:47.579 INFO [main]org.apache.catalina.core.StandardService.log:173 -Starting service [Tomcat]
2019-05-11 15:24:47.579 INFO [main]org.apache.catalina.core.StandardEngine.log:173 -Starting Servlet engine: [Apache Tomcat/9.0.16]
2019-05-11 15:24:47.586 INFO [main]org.apache.catalina.core.AprLifecycleListener.log:173 -The APR based Apache Tomcat Native library which allows optimal performance in production environments was not found on the java.library.path: [C:\Program Files\Java\jdk-9.0.4\bin;C:\Windows\Sun\Java\bin;C:\Windows\system32;C:\Windows;D:\app\MacBook\product\11.2.0\dbhome_1\bin;C:\ProgramData\Oracle\Java\javapath;C:\Program Files\Java\jdk-9.0.4\bin;C:\Windows\system32;C:\Windows;C:\Windows\System32\Wbem;C:\Windows\System32\WindowsPowerShell\v1.0\;C:\Program Files\Microsoft SQL Server\Client SDK\ODBC\110\Tools\Binn\;C:\Program Files (x86)\Microsoft SQL Server\120\Tools\Binn\;C:\Program Files\Microsoft SQL Server\120\Tools\Binn\;C:\Program Files\Microsoft SQL Server\120\DTS\Binn\;C:\Program Files (x86)\Microsoft SQL Server\120\Tools\Binn\ManagementStudio\;C:\Program Files (x86)\Microsoft SQL Server\120\DTS\Binn\;D:\大学\Node.js;%;YSQL_HOME%\bin;D:\大学\MySQL\bin;D:\study\Git\cmd;D:\大学\pict测试工具\;D:\大学\Node.js\;D:\大学\apache-maven-3.6.0-bin\apache-maven-3.6.0\bin\;D:\cmder;D:\study\nvm;D:\Program Files\nodejs;C:\Users\MacBook\AppData\Local\GitHubDesktop\bin;C:\Users\MacBook\AppData\Roaming\npm;D:\大学\Microsoft VS Code\bin;D:\study\nvm;D:\Program Files\nodejs;.]
2019-05-11 15:24:47.716 INFO [main]o.a.catalina.core.ContainerBase.[Tomcat].[localhost].[/].log:173 -Initializing Spring embedded WebApplicationContext
2019-05-11 15:24:47.716 INFO [main]org.springframework.web.context.ContextLoader.prepareWebApplicationContext:296 -Root WebApplicationContext: initialization completed in 2972 ms
2019-05-11 15:24:49.922 INFO [main]o.s.scheduling.concurrent.ThreadPoolTaskExecutor.initialize:171 -Initializing ExecutorService 'applicationTaskExecutor'
2019-05-11 15:24:50.348 INFO [main]s.d.spring.web.plugins.DocumentationPluginsBootstrapper.start:120 -Context refreshed
2019-05-11 15:24:50.364 INFO [main]s.d.spring.web.plugins.DocumentationPluginsBootstrapper.start:123 -Found 1 custom documentation plugin(s)
2019-05-11 15:24:50.379 INFO [main]s.d.spring.web.scanners.ApiListingReferenceScanner.scan:41 -Scanning for api listing references
2019-05-11 15:24:50.656 INFO [main]s.d.s.w.readers.operation.CachingOperationNameGenerator.startingWith:40 -Generating unique operation named: createUsingPOST_1
2019-05-11 15:24:50.662 INFO [main]s.d.s.w.readers.operation.CachingOperationNameGenerator.startingWith:40 -Generating unique operation named: destroyUsingDELETE_1
2019-05-11 15:24:50.673 INFO [main]s.d.s.w.readers.operation.CachingOperationNameGenerator.startingWith:40 -Generating unique operation named: updateUsingPUT_1
2019-05-11 15:24:50.745 INFO [main]s.d.s.w.readers.operation.CachingOperationNameGenerator.startingWith:40 -Generating unique operation named: createUsingPOST_2
2019-05-11 15:24:50.750 INFO [main]s.d.s.w.readers.operation.CachingOperationNameGenerator.startingWith:40 -Generating unique operation named: destroyUsingDELETE_2
2019-05-11 15:24:50.757 INFO [main]s.d.s.w.readers.operation.CachingOperationNameGenerator.startingWith:40 -Generating unique operation named: updateUsingPUT_2
2019-05-11 15:24:50.782 INFO [main]s.d.s.w.readers.operation.CachingOperationNameGenerator.startingWith:40 -Generating unique operation named: createUsingPOST_3
2019-05-11 15:24:50.788 INFO [main]s.d.s.w.readers.operation.CachingOperationNameGenerator.startingWith:40 -Generating unique operation named: destroyUsingDELETE_3
2019-05-11 15:24:50.798 INFO [main]s.d.s.w.readers.operation.CachingOperationNameGenerator.startingWith:40 -Generating unique operation named: receiveBaseUsingGET_1
2019-05-11 15:24:50.805 INFO [main]s.d.s.w.readers.operation.CachingOperationNameGenerator.startingWith:40 -Generating unique operation named: updateUsingPUT_3
2019-05-11 15:24:50.835 INFO [main]org.apache.coyote.http11.Http11NioProtocol.log:173 -Starting ProtocolHandler ["http-nio-8080"]
2019-05-11 15:24:50.889 INFO [main]o.s.boot.web.embedded.tomcat.TomcatWebServer.start:204 -Tomcat started on port(s): 8080 (http) with context path ''
2019-05-11 15:24:50.898 INFO [main]edu.uni.UniApplication.logStarted:59 -Started UniApplication in 7.424 seconds (JVM running for 9.192)
2019-05-11 15:24:53.869 INFO [http-nio-8080-exec-1]o.a.catalina.core.ContainerBase.[Tomcat].[localhost].[/].log:173 -Initializing Spring DispatcherServlet 'dispatcherServlet'
2019-05-11 15:24:53.869 INFO [http-nio-8080-exec-1]org.springframework.web.servlet.DispatcherServlet.initServletBean:524 -Initializing Servlet 'dispatcherServlet'
2019-05-11 15:24:53.881 INFO [http-nio-8080-exec-1]org.springframework.web.servlet.DispatcherServlet.initServletBean:546 -Completed initialization in 11 ms
2019-05-11 15:24:54.338 INFO [http-nio-8080-exec-1]com.alibaba.druid.pool.DruidDataSource.init:922 -{dataSource-1} inited
2019-05-11 15:29:46.942 INFO [main]edu.uni.UniApplication.logStarting:50 -Starting UniApplication on wcx with PID 8100 (C:\Users\MacBook\Desktop\软件项目管理作业\uniProject\uni\target\classes started by MacBook in C:\Users\MacBook\Desktop\软件项目管理作业\uniProject\uni)
2019-05-11 15:29:46.985 INFO [main]edu.uni.UniApplication.logStartupProfileInfo:675 -No active profile set, falling back to default profiles: default
2019-05-11 15:29:49.502 INFO [main]o.s.d.repository.config.RepositoryConfigurationDelegate.multipleStoresDetected:244 -Multiple Spring Data modules found, entering strict repository configuration mode!
2019-05-11 15:29:49.505 INFO [main]o.s.d.repository.config.RepositoryConfigurationDelegate.registerRepositoriesIn:126 -Bootstrapping Spring Data repositories in DEFAULT mode.
2019-05-11 15:29:49.607 INFO [main]o.s.d.repository.config.RepositoryConfigurationDelegate.registerRepositoriesIn:182 -Finished Spring Data repository scanning in 84ms. Found 0 repository interfaces.
2019-05-11 15:29:49.998 INFO [main]o.s.c.s.PostProcessorRegistrationDelegate$BeanPostProcessorChecker.postProcessAfterInitialization:330 -Bean 'druidConfiguration' of type [edu.uni.config.DruidConfiguration$$EnhancerBySpringCGLIB$$69a9e1b8] is not eligible for getting processed by all BeanPostProcessors (for example: not eligible for auto-proxying)
2019-05-11 15:29:50.096 INFO [main]o.s.c.s.PostProcessorRegistrationDelegate$BeanPostProcessorChecker.postProcessAfterInitialization:330 -Bean 'org.springframework.transaction.annotation.ProxyTransactionManagementConfiguration' of type [org.springframework.transaction.annotation.ProxyTransactionManagementConfiguration$$EnhancerBySpringCGLIB$$8eb03969] is not eligible for getting processed by all BeanPostProcessors (for example: not eligible for auto-proxying)
2019-05-11 15:29:50.618 INFO [main]o.s.boot.web.embedded.tomcat.TomcatWebServer.initialize:90 -Tomcat initialized with port(s): 8080 (http)
2019-05-11 15:29:50.639 INFO [main]org.apache.coyote.http11.Http11NioProtocol.log:173 -Initializing ProtocolHandler ["http-nio-8080"]
2019-05-11 15:29:50.659 INFO [main]org.apache.catalina.core.StandardService.log:173 -Starting service [Tomcat]
2019-05-11 15:29:50.660 INFO [main]org.apache.catalina.core.StandardEngine.log:173 -Starting Servlet engine: [Apache Tomcat/9.0.16]
2019-05-11 15:29:50.672 INFO [main]org.apache.catalina.core.AprLifecycleListener.log:173 -The APR based Apache Tomcat Native library which allows optimal performance in production environments was not found on the java.library.path: [C:\Program Files\Java\jdk-9.0.4\bin;C:\Windows\Sun\Java\bin;C:\Windows\system32;C:\Windows;D:\app\MacBook\product\11.2.0\dbhome_1\bin;C:\ProgramData\Oracle\Java\javapath;C:\Program Files\Java\jdk-9.0.4\bin;C:\Windows\system32;C:\Windows;C:\Windows\System32\Wbem;C:\Windows\System32\WindowsPowerShell\v1.0\;C:\Program Files\Microsoft SQL Server\Client SDK\ODBC\110\Tools\Binn\;C:\Program Files (x86)\Microsoft SQL Server\120\Tools\Binn\;C:\Program Files\Microsoft SQL Server\120\Tools\Binn\;C:\Program Files\Microsoft SQL Server\120\DTS\Binn\;C:\Program Files (x86)\Microsoft SQL Server\120\Tools\Binn\ManagementStudio\;C:\Program Files (x86)\Microsoft SQL Server\120\DTS\Binn\;D:\大学\Node.js;%;YSQL_HOME%\bin;D:\大学\MySQL\bin;D:\study\Git\cmd;D:\大学\pict测试工具\;D:\大学\Node.js\;D:\大学\apache-maven-3.6.0-bin\apache-maven-3.6.0\bin\;D:\cmder;D:\study\nvm;D:\Program Files\nodejs;C:\Users\MacBook\AppData\Local\GitHubDesktop\bin;C:\Users\MacBook\AppData\Roaming\npm;D:\大学\Microsoft VS Code\bin;D:\study\nvm;D:\Program Files\nodejs;.]
2019-05-11 15:29:50.833 INFO [main]o.a.catalina.core.ContainerBase.[Tomcat].[localhost].[/].log:173 -Initializing Spring embedded WebApplicationContext
2019-05-11 15:29:50.834 INFO [main]org.springframework.web.context.ContextLoader.prepareWebApplicationContext:296 -Root WebApplicationContext: initialization completed in 3514 ms
2019-05-11 15:29:53.025 INFO [main]o.s.scheduling.concurrent.ThreadPoolTaskExecutor.initialize:171 -Initializing ExecutorService 'applicationTaskExecutor'
2019-05-11 15:29:53.726 INFO [main]s.d.spring.web.plugins.DocumentationPluginsBootstrapper.start:120 -Context refreshed
2019-05-11 15:29:53.748 INFO [main]s.d.spring.web.plugins.DocumentationPluginsBootstrapper.start:123 -Found 1 custom documentation plugin(s)
2019-05-11 15:29:53.770 INFO [main]s.d.spring.web.scanners.ApiListingReferenceScanner.scan:41 -Scanning for api listing references
2019-05-11 15:29:54.188 INFO [main]s.d.s.w.readers.operation.CachingOperationNameGenerator.startingWith:40 -Generating unique operation named: createUsingPOST_1
2019-05-11 15:29:54.196 INFO [main]s.d.s.w.readers.operation.CachingOperationNameGenerator.startingWith:40 -Generating unique operation named: destroyUsingDELETE_1
2019-05-11 15:29:54.214 INFO [main]s.d.s.w.readers.operation.CachingOperationNameGenerator.startingWith:40 -Generating unique operation named: updateUsingPUT_1
2019-05-11 15:29:54.322 INFO [main]s.d.s.w.readers.operation.CachingOperationNameGenerator.startingWith:40 -Generating unique operation named: createUsingPOST_2
2019-05-11 15:29:54.328 INFO [main]s.d.s.w.readers.operation.CachingOperationNameGenerator.startingWith:40 -Generating unique operation named: destroyUsingDELETE_2
2019-05-11 15:29:54.338 INFO [main]s.d.s.w.readers.operation.CachingOperationNameGenerator.startingWith:40 -Generating unique operation named: updateUsingPUT_2
2019-05-11 15:29:54.368 INFO [main]s.d.s.w.readers.operation.CachingOperationNameGenerator.startingWith:40 -Generating unique operation named: createUsingPOST_3
2019-05-11 15:29:54.374 INFO [main]s.d.s.w.readers.operation.CachingOperationNameGenerator.startingWith:40 -Generating unique operation named: destroyUsingDELETE_3
2019-05-11 15:29:54.390 INFO [main]s.d.s.w.readers.operation.CachingOperationNameGenerator.startingWith:40 -Generating unique operation named: receiveBaseUsingGET_1
2019-05-11 15:29:54.405 INFO [main]s.d.s.w.readers.operation.CachingOperationNameGenerator.startingWith:40 -Generating unique operation named: updateUsingPUT_3
2019-05-11 15:29:54.498 INFO [main]org.apache.coyote.http11.Http11NioProtocol.log:173 -Starting ProtocolHandler ["http-nio-8080"]
2019-05-11 15:29:54.550 INFO [main]o.s.boot.web.embedded.tomcat.TomcatWebServer.start:204 -Tomcat started on port(s): 8080 (http) with context path ''
2019-05-11 15:29:54.556 INFO [main]edu.uni.UniApplication.logStarted:59 -Started UniApplication in 8.773 seconds (JVM running for 10.432)
2019-05-11 15:30:00.531 INFO [http-nio-8080-exec-1]o.a.catalina.core.ContainerBase.[Tomcat].[localhost].[/].log:173 -Initializing Spring DispatcherServlet 'dispatcherServlet'
2019-05-11 15:30:00.532 INFO [http-nio-8080-exec-1]org.springframework.web.servlet.DispatcherServlet.initServletBean:524 -Initializing Servlet 'dispatcherServlet'
2019-05-11 15:30:00.543 INFO [http-nio-8080-exec-1]org.springframework.web.servlet.DispatcherServlet.initServletBean:546 -Completed initialization in 11 ms
2019-05-11 15:30:01.169 INFO [http-nio-8080-exec-1]com.alibaba.druid.pool.DruidDataSource.init:922 -{dataSource-1} inited
2019-05-11 16:50:01.183 INFO [main]edu.uni.UniApplication.logStarting:50 -Starting UniApplication on wcx with PID 3512 (C:\Users\MacBook\Desktop\软件项目管理作业\uniProject\uni\target\classes started by MacBook in C:\Users\MacBook\Desktop\软件项目管理作业\uniProject\uni)
2019-05-11 16:50:01.183 INFO [main]edu.uni.UniApplication.logStartupProfileInfo:675 -No active profile set, falling back to default profiles: default
2019-05-11 16:50:04.123 INFO [main]o.s.d.repository.config.RepositoryConfigurationDelegate.multipleStoresDetected:244 -Multiple Spring Data modules found, entering strict repository configuration mode!
2019-05-11 16:50:04.133 INFO [main]o.s.d.repository.config.RepositoryConfigurationDelegate.registerRepositoriesIn:126 -Bootstrapping Spring Data repositories in DEFAULT mode.
2019-05-11 16:50:04.253 INFO [main]o.s.d.repository.config.RepositoryConfigurationDelegate.registerRepositoriesIn:182 -Finished Spring Data repository scanning in 100ms. Found 0 repository interfaces.
2019-05-11 16:50:04.783 INFO [main]o.s.c.s.PostProcessorRegistrationDelegate$BeanPostProcessorChecker.postProcessAfterInitialization:330 -Bean 'druidConfiguration' of type [edu.uni.config.DruidConfiguration$$EnhancerBySpringCGLIB$$2a2ab83b] is not eligible for getting processed by all BeanPostProcessors (for example: not eligible for auto-proxying)
2019-05-11 16:50:04.873 INFO [main]o.s.c.s.PostProcessorRegistrationDelegate$BeanPostProcessorChecker.postProcessAfterInitialization:330 -Bean 'org.springframework.transaction.annotation.ProxyTransactionManagementConfiguration' of type [org.springframework.transaction.annotation.ProxyTransactionManagementConfiguration$$EnhancerBySpringCGLIB$$4f310fec] is not eligible for getting processed by all BeanPostProcessors (for example: not eligible for auto-proxying)
2019-05-11 16:50:05.653 INFO [main]o.s.boot.web.embedded.tomcat.TomcatWebServer.initialize:90 -Tomcat initialized with port(s): 8080 (http)
2019-05-11 16:50:05.673 INFO [main]org.apache.coyote.http11.Http11NioProtocol.log:173 -Initializing ProtocolHandler ["http-nio-8080"]
2019-05-11 16:50:05.713 INFO [main]org.apache.catalina.core.StandardService.log:173 -Starting service [Tomcat]
2019-05-11 16:50:05.713 INFO [main]org.apache.catalina.core.StandardEngine.log:173 -Starting Servlet engine: [Apache Tomcat/9.0.16]
2019-05-11 16:50:05.743 INFO [main]org.apache.catalina.core.AprLifecycleListener.log:173 -The APR based Apache Tomcat Native library which allows optimal performance in production environments was not found on the java.library.path: [C:\Program Files\Java\jdk-9.0.4\bin;C:\Windows\Sun\Java\bin;C:\Windows\system32;C:\Windows;D:\app\MacBook\product\11.2.0\dbhome_1\bin;C:\ProgramData\Oracle\Java\javapath;C:\Program Files\Java\jdk-9.0.4\bin;C:\Windows\system32;C:\Windows;C:\Windows\System32\Wbem;C:\Windows\System32\WindowsPowerShell\v1.0\;C:\Program Files\Microsoft SQL Server\Client SDK\ODBC\110\Tools\Binn\;C:\Program Files (x86)\Microsoft SQL Server\120\Tools\Binn\;C:\Program Files\Microsoft SQL Server\120\Tools\Binn\;C:\Program Files\Microsoft SQL Server\120\DTS\Binn\;C:\Program Files (x86)\Microsoft SQL Server\120\Tools\Binn\ManagementStudio\;C:\Program Files (x86)\Microsoft SQL Server\120\DTS\Binn\;D:\大学\Node.js;%;YSQL_HOME%\bin;D:\大学\MySQL\bin;D:\study\Git\cmd;D:\大学\pict测试工具\;D:\大学\Node.js\;D:\大学\apache-maven-3.6.0-bin\apache-maven-3.6.0\bin\;D:\cmder;D:\study\nvm;D:\Program Files\nodejs;C:\Users\MacBook\AppData\Local\GitHubDesktop\bin;C:\Users\MacBook\AppData\Roaming\npm;D:\大学\Microsoft VS Code\bin;D:\study\nvm;D:\Program Files\nodejs;.]
2019-05-11 16:50:05.973 INFO [main]o.a.catalina.core.ContainerBase.[Tomcat].[localhost].[/].log:173 -Initializing Spring embedded WebApplicationContext
2019-05-11 16:50:05.983 INFO [main]org.springframework.web.context.ContextLoader.prepareWebApplicationContext:296 -Root WebApplicationContext: initialization completed in 4700 ms
2019-05-11 16:50:08.613 INFO [main]o.s.scheduling.concurrent.ThreadPoolTaskExecutor.initialize:171 -Initializing ExecutorService 'applicationTaskExecutor'
2019-05-11 16:50:09.393 INFO [main]s.d.spring.web.plugins.DocumentationPluginsBootstrapper.start:120 -Context refreshed
2019-05-11 16:50:09.453 INFO [main]s.d.spring.web.plugins.DocumentationPluginsBootstrapper.start:123 -Found 1 custom documentation plugin(s)
2019-05-11 16:50:09.473 INFO [main]s.d.spring.web.scanners.ApiListingReferenceScanner.scan:41 -Scanning for api listing references
2019-05-11 16:50:09.713 INFO [main]s.d.s.w.readers.operation.CachingOperationNameGenerator.startingWith:40 -Generating unique operation named: createUsingPOST_1
2019-05-11 16:50:09.713 INFO [main]s.d.s.w.readers.operation.CachingOperationNameGenerator.startingWith:40 -Generating unique operation named: destroyUsingDELETE_1
2019-05-11 16:50:09.723 INFO [main]s.d.s.w.readers.operation.CachingOperationNameGenerator.startingWith:40 -Generating unique operation named: updateUsingPUT_1
2019-05-11 16:50:09.783 INFO [main]s.d.s.w.readers.operation.CachingOperationNameGenerator.startingWith:40 -Generating unique operation named: createUsingPOST_2
2019-05-11 16:50:09.793 INFO [main]s.d.s.w.readers.operation.CachingOperationNameGenerator.startingWith:40 -Generating unique operation named: destroyUsingDELETE_2
2019-05-11 16:50:09.803 INFO [main]s.d.s.w.readers.operation.CachingOperationNameGenerator.startingWith:40 -Generating unique operation named: updateUsingPUT_2
2019-05-11 16:50:09.833 INFO [main]s.d.s.w.readers.operation.CachingOperationNameGenerator.startingWith:40 -Generating unique operation named: createUsingPOST_3
2019-05-11 16:50:09.843 INFO [main]s.d.s.w.readers.operation.CachingOperationNameGenerator.startingWith:40 -Generating unique operation named: destroyUsingDELETE_3
2019-05-11 16:50:09.853 INFO [main]s.d.s.w.readers.operation.CachingOperationNameGenerator.startingWith:40 -Generating unique operation named: receiveBaseUsingGET_1
2019-05-11 16:50:09.853 INFO [main]s.d.s.w.readers.operation.CachingOperationNameGenerator.startingWith:40 -Generating unique operation named: updateUsingPUT_3
2019-05-11 16:50:09.883 INFO [main]org.apache.coyote.http11.Http11NioProtocol.log:173 -Starting ProtocolHandler ["http-nio-8080"]
2019-05-11 16:50:09.923 INFO [main]o.s.boot.web.embedded.tomcat.TomcatWebServer.start:204 -Tomcat started on port(s): 8080 (http) with context path ''
2019-05-11 16:50:09.923 INFO [main]edu.uni.UniApplication.logStarted:59 -Started UniApplication in 12.56 seconds (JVM running for 16.638)
2019-05-11 16:50:14.797 INFO [http-nio-8080-exec-1]o.a.catalina.core.ContainerBase.[Tomcat].[localhost].[/].log:173 -Initializing Spring DispatcherServlet 'dispatcherServlet'
2019-05-11 16:50:14.801 INFO [http-nio-8080-exec-1]org.springframework.web.servlet.DispatcherServlet.initServletBean:524 -Initializing Servlet 'dispatcherServlet'
2019-05-11 16:50:14.829 INFO [http-nio-8080-exec-1]org.springframework.web.servlet.DispatcherServlet.initServletBean:546 -Completed initialization in 28 ms
2019-05-11 16:50:26.341 INFO [http-nio-8080-exec-10]com.alibaba.druid.pool.DruidDataSource.init:922 -{dataSource-1} inited
2019-05-11 19:24:08.125 INFO [main]edu.uni.UniApplication.logStarting:50 -Starting UniApplication on wcx with PID 7860 (C:\Users\MacBook\Desktop\软件项目管理作业\uniProject\uni\target\classes started by MacBook in C:\Users\MacBook\Desktop\软件项目管理作业\uniProject\uni)
2019-05-11 19:24:08.129 INFO [main]edu.uni.UniApplication.logStartupProfileInfo:675 -No active profile set, falling back to default profiles: default
2019-05-11 19:24:10.610 INFO [main]o.s.d.repository.config.RepositoryConfigurationDelegate.multipleStoresDetected:244 -Multiple Spring Data modules found, entering strict repository configuration mode!
2019-05-11 19:24:10.613 INFO [main]o.s.d.repository.config.RepositoryConfigurationDelegate.registerRepositoriesIn:126 -Bootstrapping Spring Data repositories in DEFAULT mode.
2019-05-11 19:24:10.753 INFO [main]o.s.d.repository.config.RepositoryConfigurationDelegate.registerRepositoriesIn:182 -Finished Spring Data repository scanning in 105ms. Found 0 repository interfaces.
2019-05-11 19:24:11.278 INFO [main]o.s.c.s.PostProcessorRegistrationDelegate$BeanPostProcessorChecker.postProcessAfterInitialization:330 -Bean 'druidConfiguration' of type [edu.uni.config.DruidConfiguration$$EnhancerBySpringCGLIB$$d4466ffd] is not eligible for getting processed by all BeanPostProcessors (for example: not eligible for auto-proxying)
2019-05-11 19:24:11.375 INFO [main]o.s.c.s.PostProcessorRegistrationDelegate$BeanPostProcessorChecker.postProcessAfterInitialization:330 -Bean 'org.springframework.transaction.annotation.ProxyTransactionManagementConfiguration' of type [org.springframework.transaction.annotation.ProxyTransactionManagementConfiguration$$EnhancerBySpringCGLIB$$f94cc7ae] is not eligible for getting processed by all BeanPostProcessors (for example: not eligible for auto-proxying)
2019-05-11 19:24:12.139 INFO [main]o.s.boot.web.embedded.tomcat.TomcatWebServer.initialize:90 -Tomcat initialized with port(s): 8080 (http)
2019-05-11 19:24:12.177 INFO [main]org.apache.coyote.http11.Http11NioProtocol.log:173 -Initializing ProtocolHandler ["http-nio-8080"]
2019-05-11 19:24:12.196 INFO [main]org.apache.catalina.core.StandardService.log:173 -Starting service [Tomcat]
2019-05-11 19:24:12.196 INFO [main]org.apache.catalina.core.StandardEngine.log:173 -Starting Servlet engine: [Apache Tomcat/9.0.16]
2019-05-11 19:24:12.205 INFO [main]org.apache.catalina.core.AprLifecycleListener.log:173 -The APR based Apache Tomcat Native library which allows optimal performance in production environments was not found on the java.library.path: [C:\Program Files\Java\jdk-9.0.4\bin;C:\Windows\Sun\Java\bin;C:\Windows\system32;C:\Windows;D:\app\MacBook\product\11.2.0\dbhome_1\bin;C:\ProgramData\Oracle\Java\javapath;C:\Program Files\Java\jdk-9.0.4\bin;C:\Windows\system32;C:\Windows;C:\Windows\System32\Wbem;C:\Windows\System32\WindowsPowerShell\v1.0\;C:\Program Files\Microsoft SQL Server\Client SDK\ODBC\110\Tools\Binn\;C:\Program Files (x86)\Microsoft SQL Server\120\Tools\Binn\;C:\Program Files\Microsoft SQL Server\120\Tools\Binn\;C:\Program Files\Microsoft SQL Server\120\DTS\Binn\;C:\Program Files (x86)\Microsoft SQL Server\120\Tools\Binn\ManagementStudio\;C:\Program Files (x86)\Microsoft SQL Server\120\DTS\Binn\;D:\大学\Node.js;%;YSQL_HOME%\bin;D:\大学\MySQL\bin;D:\study\Git\cmd;D:\大学\pict测试工具\;D:\大学\Node.js\;D:\大学\apache-maven-3.6.0-bin\apache-maven-3.6.0\bin\;D:\cmder;D:\study\nvm;D:\Program Files\nodejs;C:\Users\MacBook\AppData\Local\GitHubDesktop\bin;C:\Users\MacBook\AppData\Roaming\npm;D:\大学\Microsoft VS Code\bin;D:\study\nvm;D:\Program Files\nodejs;.]
2019-05-11 19:24:12.380 INFO [main]o.a.catalina.core.ContainerBase.[Tomcat].[localhost].[/].log:173 -Initializing Spring embedded WebApplicationContext
2019-05-11 19:24:12.381 INFO [main]org.springframework.web.context.ContextLoader.prepareWebApplicationContext:296 -Root WebApplicationContext: initialization completed in 4125 ms
2019-05-11 19:24:14.960 INFO [main]o.s.scheduling.concurrent.ThreadPoolTaskExecutor.initialize:171 -Initializing ExecutorService 'applicationTaskExecutor'
2019-05-11 19:24:15.581 INFO [main]s.d.spring.web.plugins.DocumentationPluginsBootstrapper.start:120 -Context refreshed
2019-05-11 19:24:15.642 INFO [main]s.d.spring.web.plugins.DocumentationPluginsBootstrapper.start:123 -Found 1 custom documentation plugin(s)
2019-05-11 19:24:15.656 INFO [main]s.d.spring.web.scanners.ApiListingReferenceScanner.scan:41 -Scanning for api listing references
2019-05-11 19:24:15.900 INFO [main]s.d.s.w.readers.operation.CachingOperationNameGenerator.startingWith:40 -Generating unique operation named: destroyUsingDELETE_1
2019-05-11 19:24:15.909 INFO [main]s.d.s.w.readers.operation.CachingOperationNameGenerator.startingWith:40 -Generating unique operation named: createUsingPOST_1
2019-05-11 19:24:15.915 INFO [main]s.d.s.w.readers.operation.CachingOperationNameGenerator.startingWith:40 -Generating unique operation named: destroyUsingDELETE_2
2019-05-11 19:24:15.923 INFO [main]s.d.s.w.readers.operation.CachingOperationNameGenerator.startingWith:40 -Generating unique operation named: updateUsingPUT_1
2019-05-11 19:24:15.981 INFO [main]s.d.s.w.readers.operation.CachingOperationNameGenerator.startingWith:40 -Generating unique operation named: createUsingPOST_2
2019-05-11 19:24:15.984 INFO [main]s.d.s.w.readers.operation.CachingOperationNameGenerator.startingWith:40 -Generating unique operation named: destroyUsingDELETE_3
2019-05-11 19:24:15.991 INFO [main]s.d.s.w.readers.operation.CachingOperationNameGenerator.startingWith:40 -Generating unique operation named: updateUsingPUT_2
2019-05-11 19:24:16.009 INFO [main]s.d.s.w.readers.operation.CachingOperationNameGenerator.startingWith:40 -Generating unique operation named: createUsingPOST_3
2019-05-11 19:24:16.014 INFO [main]s.d.s.w.readers.operation.CachingOperationNameGenerator.startingWith:40 -Generating unique operation named: destroyUsingDELETE_4
2019-05-11 19:24:16.027 INFO [main]s.d.s.w.readers.operation.CachingOperationNameGenerator.startingWith:40 -Generating unique operation named: receiveBaseUsingGET_1
2019-05-11 19:24:16.031 INFO [main]s.d.s.w.readers.operation.CachingOperationNameGenerator.startingWith:40 -Generating unique operation named: updateUsingPUT_3
2019-05-11 19:24:16.055 INFO [main]org.apache.coyote.http11.Http11NioProtocol.log:173 -Starting ProtocolHandler ["http-nio-8080"]
2019-05-11 19:24:16.095 INFO [main]o.s.boot.web.embedded.tomcat.TomcatWebServer.start:204 -Tomcat started on port(s): 8080 (http) with context path ''
2019-05-11 19:24:16.101 INFO [main]edu.uni.UniApplication.logStarted:59 -Started UniApplication in 9.722 seconds (JVM running for 11.998)
2019-05-11 19:24:49.074 INFO [http-nio-8080-exec-3]o.a.catalina.core.ContainerBase.[Tomcat].[localhost].[/].log:173 -Initializing Spring DispatcherServlet 'dispatcherServlet'
2019-05-11 19:24:49.075 INFO [http-nio-8080-exec-3]org.springframework.web.servlet.DispatcherServlet.initServletBean:524 -Initializing Servlet 'dispatcherServlet'
2019-05-11 19:24:49.098 INFO [http-nio-8080-exec-3]org.springframework.web.servlet.DispatcherServlet.initServletBean:546 -Completed initialization in 23 ms
2019-05-11 19:25:08.900 INFO [http-nio-8080-exec-2]com.alibaba.druid.pool.DruidDataSource.init:922 -{dataSource-1} inited
2019-05-11 19:25:09.661 INFO [http-nio-8080-exec-2]io.lettuce.core.EpollProvider.<clinit>:68 -Starting without optional epoll library
2019-05-11 19:25:09.663 INFO [http-nio-8080-exec-2]io.lettuce.core.KqueueProvider.<clinit>:70 -Starting without optional kqueue library
2019-05-11 19:39:00.689 INFO [main]edu.uni.UniApplication.logStarting:50 -Starting UniApplication on wcx with PID 4088 (C:\Users\MacBook\Desktop\软件项目管理作业\uniProject\uni\target\classes started by MacBook in C:\Users\MacBook\Desktop\软件项目管理作业\uniProject\uni)
2019-05-11 19:39:00.695 INFO [main]edu.uni.UniApplication.logStartupProfileInfo:675 -No active profile set, falling back to default profiles: default
2019-05-11 19:39:02.956 INFO [main]o.s.d.repository.config.RepositoryConfigurationDelegate.multipleStoresDetected:244 -Multiple Spring Data modules found, entering strict repository configuration mode!
2019-05-11 19:39:02.959 INFO [main]o.s.d.repository.config.RepositoryConfigurationDelegate.registerRepositoriesIn:126 -Bootstrapping Spring Data repositories in DEFAULT mode.
2019-05-11 19:39:03.032 INFO [main]o.s.d.repository.config.RepositoryConfigurationDelegate.registerRepositoriesIn:182 -Finished Spring Data repository scanning in 58ms. Found 0 repository interfaces.
2019-05-11 19:39:03.332 INFO [main]o.s.c.s.PostProcessorRegistrationDelegate$BeanPostProcessorChecker.postProcessAfterInitialization:330 -Bean 'druidConfiguration' of type [edu.uni.config.DruidConfiguration$$EnhancerBySpringCGLIB$$6972e9c8] is not eligible for getting processed by all BeanPostProcessors (for example: not eligible for auto-proxying)
2019-05-11 19:39:03.424 INFO [main]o.s.c.s.PostProcessorRegistrationDelegate$BeanPostProcessorChecker.postProcessAfterInitialization:330 -Bean 'org.springframework.transaction.annotation.ProxyTransactionManagementConfiguration' of type [org.springframework.transaction.annotation.ProxyTransactionManagementConfiguration$$EnhancerBySpringCGLIB$$8e794179] is not eligible for getting processed by all BeanPostProcessors (for example: not eligible for auto-proxying)
2019-05-11 19:39:03.916 INFO [main]o.s.boot.web.embedded.tomcat.TomcatWebServer.initialize:90 -Tomcat initialized with port(s): 8080 (http)
2019-05-11 19:39:03.936 INFO [main]org.apache.coyote.http11.Http11NioProtocol.log:173 -Initializing ProtocolHandler ["http-nio-8080"]
2019-05-11 19:39:03.951 INFO [main]org.apache.catalina.core.StandardService.log:173 -Starting service [Tomcat]
2019-05-11 19:39:03.951 INFO [main]org.apache.catalina.core.StandardEngine.log:173 -Starting Servlet engine: [Apache Tomcat/9.0.16]
2019-05-11 19:39:03.961 INFO [main]org.apache.catalina.core.AprLifecycleListener.log:173 -The APR based Apache Tomcat Native library which allows optimal performance in production environments was not found on the java.library.path: [C:\Program Files\Java\jdk-9.0.4\bin;C:\Windows\Sun\Java\bin;C:\Windows\system32;C:\Windows;D:\app\MacBook\product\11.2.0\dbhome_1\bin;C:\ProgramData\Oracle\Java\javapath;C:\Program Files\Java\jdk-9.0.4\bin;C:\Windows\system32;C:\Windows;C:\Windows\System32\Wbem;C:\Windows\System32\WindowsPowerShell\v1.0\;C:\Program Files\Microsoft SQL Server\Client SDK\ODBC\110\Tools\Binn\;C:\Program Files (x86)\Microsoft SQL Server\120\Tools\Binn\;C:\Program Files\Microsoft SQL Server\120\Tools\Binn\;C:\Program Files\Microsoft SQL Server\120\DTS\Binn\;C:\Program Files (x86)\Microsoft SQL Server\120\Tools\Binn\ManagementStudio\;C:\Program Files (x86)\Microsoft SQL Server\120\DTS\Binn\;D:\大学\Node.js;%;YSQL_HOME%\bin;D:\大学\MySQL\bin;D:\study\Git\cmd;D:\大学\pict测试工具\;D:\大学\Node.js\;D:\大学\apache-maven-3.6.0-bin\apache-maven-3.6.0\bin\;D:\cmder;D:\study\nvm;D:\Program Files\nodejs;C:\Users\MacBook\AppData\Local\GitHubDesktop\bin;C:\Users\MacBook\AppData\Roaming\npm;D:\大学\Microsoft VS Code\bin;D:\study\nvm;D:\Program Files\nodejs;.]
2019-05-11 19:39:04.089 INFO [main]o.a.catalina.core.ContainerBase.[Tomcat].[localhost].[/].log:173 -Initializing Spring embedded WebApplicationContext
2019-05-11 19:39:04.089 INFO [main]org.springframework.web.context.ContextLoader.prepareWebApplicationContext:296 -Root WebApplicationContext: initialization completed in 3135 ms
2019-05-11 19:39:05.793 INFO [main]o.s.scheduling.concurrent.ThreadPoolTaskExecutor.initialize:171 -Initializing ExecutorService 'applicationTaskExecutor'
2019-05-11 19:39:06.148 INFO [main]s.d.spring.web.plugins.DocumentationPluginsBootstrapper.start:120 -Context refreshed
2019-05-11 19:39:06.167 INFO [main]s.d.spring.web.plugins.DocumentationPluginsBootstrapper.start:123 -Found 1 custom documentation plugin(s)
2019-05-11 19:39:06.181 INFO [main]s.d.spring.web.scanners.ApiListingReferenceScanner.scan:41 -Scanning for api listing references
2019-05-11 19:39:06.447 INFO [main]s.d.s.w.readers.operation.CachingOperationNameGenerator.startingWith:40 -Generating unique operation named: createUsingPOST_1
2019-05-11 19:39:06.451 INFO [main]s.d.s.w.readers.operation.CachingOperationNameGenerator.startingWith:40 -Generating unique operation named: destroyUsingDELETE_1
2019-05-11 19:39:06.464 INFO [main]s.d.s.w.readers.operation.CachingOperationNameGenerator.startingWith:40 -Generating unique operation named: createUsingPOST_2
2019-05-11 19:39:06.470 INFO [main]s.d.s.w.readers.operation.CachingOperationNameGenerator.startingWith:40 -Generating unique operation named: destroyUsingDELETE_2
2019-05-11 19:39:06.481 INFO [main]s.d.s.w.readers.operation.CachingOperationNameGenerator.startingWith:40 -Generating unique operation named: updateUsingPUT_1
2019-05-11 19:39:06.547 INFO [main]s.d.s.w.readers.operation.CachingOperationNameGenerator.startingWith:40 -Generating unique operation named: createUsingPOST_3
2019-05-11 19:39:06.550 INFO [main]s.d.s.w.readers.operation.CachingOperationNameGenerator.startingWith:40 -Generating unique operation named: destroyUsingDELETE_3
2019-05-11 19:39:06.558 INFO [main]s.d.s.w.readers.operation.CachingOperationNameGenerator.startingWith:40 -Generating unique operation named: updateUsingPUT_2
2019-05-11 19:39:06.579 INFO [main]s.d.s.w.readers.operation.CachingOperationNameGenerator.startingWith:40 -Generating unique operation named: createUsingPOST_4
2019-05-11 19:39:06.584 INFO [main]s.d.s.w.readers.operation.CachingOperationNameGenerator.startingWith:40 -Generating unique operation named: destroyUsingDELETE_4
2019-05-11 19:39:06.601 INFO [main]s.d.s.w.readers.operation.CachingOperationNameGenerator.startingWith:40 -Generating unique operation named: receiveBaseUsingGET_1
2019-05-11 19:39:06.606 INFO [main]s.d.s.w.readers.operation.CachingOperationNameGenerator.startingWith:40 -Generating unique operation named: updateUsingPUT_3
2019-05-11 19:39:06.639 INFO [main]org.apache.coyote.http11.Http11NioProtocol.log:173 -Starting ProtocolHandler ["http-nio-8080"]
2019-05-11 19:39:06.696 INFO [main]o.s.boot.web.embedded.tomcat.TomcatWebServer.start:204 -Tomcat started on port(s): 8080 (http) with context path ''
2019-05-11 19:39:06.701 INFO [main]edu.uni.UniApplication.logStarted:59 -Started UniApplication in 6.876 seconds (JVM running for 8.845)
2019-05-11 19:39:12.039 INFO [http-nio-8080-exec-2]o.a.catalina.core.ContainerBase.[Tomcat].[localhost].[/].log:173 -Initializing Spring DispatcherServlet 'dispatcherServlet'
2019-05-11 19:39:12.040 INFO [http-nio-8080-exec-2]org.springframework.web.servlet.DispatcherServlet.initServletBean:524 -Initializing Servlet 'dispatcherServlet'
2019-05-11 19:39:12.058 INFO [http-nio-8080-exec-2]org.springframework.web.servlet.DispatcherServlet.initServletBean:546 -Completed initialization in 18 ms
2019-05-11 19:41:32.535 INFO [http-nio-8080-exec-9]com.alibaba.druid.pool.DruidDataSource.init:922 -{dataSource-1} inited
2019-05-11 19:41:33.011 INFO [http-nio-8080-exec-9]io.lettuce.core.EpollProvider.<clinit>:68 -Starting without optional epoll library
2019-05-11 19:41:33.013 INFO [http-nio-8080-exec-9]io.lettuce.core.KqueueProvider.<clinit>:70 -Starting without optional kqueue library
2019-05-11 20:01:20.236 INFO [main]edu.uni.UniApplication.logStarting:50 -Starting UniApplication on wcx with PID 7936 (C:\Users\MacBook\Desktop\软件项目管理作业\uniProject\uni\target\classes started by MacBook in C:\Users\MacBook\Desktop\软件项目管理作业\uniProject\uni)
2019-05-11 20:01:20.241 INFO [main]edu.uni.UniApplication.logStartupProfileInfo:675 -No active profile set, falling back to default profiles: default
2019-05-11 20:01:22.186 INFO [main]o.s.d.repository.config.RepositoryConfigurationDelegate.multipleStoresDetected:244 -Multiple Spring Data modules found, entering strict repository configuration mode!
2019-05-11 20:01:22.188 INFO [main]o.s.d.repository.config.RepositoryConfigurationDelegate.registerRepositoriesIn:126 -Bootstrapping Spring Data repositories in DEFAULT mode.
2019-05-11 20:01:22.270 INFO [main]o.s.d.repository.config.RepositoryConfigurationDelegate.registerRepositoriesIn:182 -Finished Spring Data repository scanning in 70ms. Found 0 repository interfaces.
2019-05-11 20:01:22.625 INFO [main]o.s.c.s.PostProcessorRegistrationDelegate$BeanPostProcessorChecker.postProcessAfterInitialization:330 -Bean 'druidConfiguration' of type [edu.uni.config.DruidConfiguration$$EnhancerBySpringCGLIB$$68afa5e4] is not eligible for getting processed by all BeanPostProcessors (for example: not eligible for auto-proxying)
2019-05-11 20:01:22.707 INFO [main]o.s.c.s.PostProcessorRegistrationDelegate$BeanPostProcessorChecker.postProcessAfterInitialization:330 -Bean 'org.springframework.transaction.annotation.ProxyTransactionManagementConfiguration' of type [org.springframework.transaction.annotation.ProxyTransactionManagementConfiguration$$EnhancerBySpringCGLIB$$8db5fd95] is not eligible for getting processed by all BeanPostProcessors (for example: not eligible for auto-proxying)
2019-05-11 20:01:23.138 INFO [main]o.s.boot.web.embedded.tomcat.TomcatWebServer.initialize:90 -Tomcat initialized with port(s): 8080 (http)
2019-05-11 20:01:23.166 INFO [main]org.apache.coyote.http11.Http11NioProtocol.log:173 -Initializing ProtocolHandler ["http-nio-8080"]
2019-05-11 20:01:23.187 INFO [main]org.apache.catalina.core.StandardService.log:173 -Starting service [Tomcat]
2019-05-11 20:01:23.188 INFO [main]org.apache.catalina.core.StandardEngine.log:173 -Starting Servlet engine: [Apache Tomcat/9.0.16]
2019-05-11 20:01:23.198 INFO [main]org.apache.catalina.core.AprLifecycleListener.log:173 -The APR based Apache Tomcat Native library which allows optimal performance in production environments was not found on the java.library.path: [C:\Program Files\Java\jdk-9.0.4\bin;C:\Windows\Sun\Java\bin;C:\Windows\system32;C:\Windows;D:\app\MacBook\product\11.2.0\dbhome_1\bin;C:\ProgramData\Oracle\Java\javapath;C:\Program Files\Java\jdk-9.0.4\bin;C:\Windows\system32;C:\Windows;C:\Windows\System32\Wbem;C:\Windows\System32\WindowsPowerShell\v1.0\;C:\Program Files\Microsoft SQL Server\Client SDK\ODBC\110\Tools\Binn\;C:\Program Files (x86)\Microsoft SQL Server\120\Tools\Binn\;C:\Program Files\Microsoft SQL Server\120\Tools\Binn\;C:\Program Files\Microsoft SQL Server\120\DTS\Binn\;C:\Program Files (x86)\Microsoft SQL Server\120\Tools\Binn\ManagementStudio\;C:\Program Files (x86)\Microsoft SQL Server\120\DTS\Binn\;D:\大学\Node.js;%;YSQL_HOME%\bin;D:\大学\MySQL\bin;D:\study\Git\cmd;D:\大学\pict测试工具\;D:\大学\Node.js\;D:\大学\apache-maven-3.6.0-bin\apache-maven-3.6.0\bin\;D:\cmder;D:\study\nvm;D:\Program Files\nodejs;C:\Users\MacBook\AppData\Local\GitHubDesktop\bin;C:\Users\MacBook\AppData\Roaming\npm;D:\大学\Microsoft VS Code\bin;D:\study\nvm;D:\Program Files\nodejs;.]
2019-05-11 20:01:23.370 INFO [main]o.a.catalina.core.ContainerBase.[Tomcat].[localhost].[/].log:173 -Initializing Spring embedded WebApplicationContext
2019-05-11 20:01:23.371 INFO [main]org.springframework.web.context.ContextLoader.prepareWebApplicationContext:296 -Root WebApplicationContext: initialization completed in 2927 ms
2019-05-11 20:01:25.092 INFO [main]o.s.scheduling.concurrent.ThreadPoolTaskExecutor.initialize:171 -Initializing ExecutorService 'applicationTaskExecutor'
2019-05-11 20:01:25.524 INFO [main]s.d.spring.web.plugins.DocumentationPluginsBootstrapper.start:120 -Context refreshed
2019-05-11 20:01:25.541 INFO [main]s.d.spring.web.plugins.DocumentationPluginsBootstrapper.start:123 -Found 1 custom documentation plugin(s)
2019-05-11 20:01:25.556 INFO [main]s.d.spring.web.scanners.ApiListingReferenceScanner.scan:41 -Scanning for api listing references
2019-05-11 20:01:25.753 INFO [main]s.d.s.w.readers.operation.CachingOperationNameGenerator.startingWith:40 -Generating unique operation named: createUsingPOST_1
2019-05-11 20:01:25.757 INFO [main]s.d.s.w.readers.operation.CachingOperationNameGenerator.startingWith:40 -Generating unique operation named: destroyUsingDELETE_1
2019-05-11 20:01:25.768 INFO [main]s.d.s.w.readers.operation.CachingOperationNameGenerator.startingWith:40 -Generating unique operation named: createUsingPOST_2
2019-05-11 20:01:25.775 INFO [main]s.d.s.w.readers.operation.CachingOperationNameGenerator.startingWith:40 -Generating unique operation named: destroyUsingDELETE_2
2019-05-11 20:01:25.784 INFO [main]s.d.s.w.readers.operation.CachingOperationNameGenerator.startingWith:40 -Generating unique operation named: updateUsingPUT_1
2019-05-11 20:01:25.850 INFO [main]s.d.s.w.readers.operation.CachingOperationNameGenerator.startingWith:40 -Generating unique operation named: createUsingPOST_3
2019-05-11 20:01:25.855 INFO [main]s.d.s.w.readers.operation.CachingOperationNameGenerator.startingWith:40 -Generating unique operation named: destroyUsingDELETE_3
2019-05-11 20:01:25.863 INFO [main]s.d.s.w.readers.operation.CachingOperationNameGenerator.startingWith:40 -Generating unique operation named: updateUsingPUT_2
2019-05-11 20:01:25.909 INFO [main]s.d.s.w.readers.operation.CachingOperationNameGenerator.startingWith:40 -Generating unique operation named: createUsingPOST_4
2019-05-11 20:01:25.915 INFO [main]s.d.s.w.readers.operation.CachingOperationNameGenerator.startingWith:40 -Generating unique operation named: destroyUsingDELETE_4
2019-05-11 20:01:25.928 INFO [main]s.d.s.w.readers.operation.CachingOperationNameGenerator.startingWith:40 -Generating unique operation named: receiveBaseUsingGET_1
2019-05-11 20:01:25.932 INFO [main]s.d.s.w.readers.operation.CachingOperationNameGenerator.startingWith:40 -Generating unique operation named: updateUsingPUT_3
2019-05-11 20:01:25.955 INFO [main]org.apache.coyote.http11.Http11NioProtocol.log:173 -Starting ProtocolHandler ["http-nio-8080"]
2019-05-11 20:01:26.000 INFO [main]o.s.boot.web.embedded.tomcat.TomcatWebServer.start:204 -Tomcat started on port(s): 8080 (http) with context path ''
2019-05-11 20:01:26.008 INFO [main]edu.uni.UniApplication.logStarted:59 -Started UniApplication in 6.587 seconds (JVM running for 8.124)
2019-05-11 20:01:29.380 INFO [http-nio-8080-exec-1]o.a.catalina.core.ContainerBase.[Tomcat].[localhost].[/].log:173 -Initializing Spring DispatcherServlet 'dispatcherServlet'
2019-05-11 20:01:29.381 INFO [http-nio-8080-exec-1]org.springframework.web.servlet.DispatcherServlet.initServletBean:524 -Initializing Servlet 'dispatcherServlet'
2019-05-11 20:01:29.406 INFO [http-nio-8080-exec-1]org.springframework.web.servlet.DispatcherServlet.initServletBean:546 -Completed initialization in 24 ms
2019-05-11 20:12:22.190 INFO [main]edu.uni.UniApplication.logStarting:50 -Starting UniApplication on wcx with PID 6960 (C:\Users\MacBook\Desktop\软件项目管理作业\uniProject\uni\target\classes started by MacBook in C:\Users\MacBook\Desktop\软件项目管理作业\uniProject\uni)
2019-05-11 20:12:22.236 INFO [main]edu.uni.UniApplication.logStartupProfileInfo:675 -No active profile set, falling back to default profiles: default
2019-05-11 20:12:24.412 INFO [main]o.s.d.repository.config.RepositoryConfigurationDelegate.multipleStoresDetected:244 -Multiple Spring Data modules found, entering strict repository configuration mode!
2019-05-11 20:12:24.415 INFO [main]o.s.d.repository.config.RepositoryConfigurationDelegate.registerRepositoriesIn:126 -Bootstrapping Spring Data repositories in DEFAULT mode.
2019-05-11 20:12:24.481 INFO [main]o.s.d.repository.config.RepositoryConfigurationDelegate.registerRepositoriesIn:182 -Finished Spring Data repository scanning in 53ms. Found 0 repository interfaces.
2019-05-11 20:12:24.774 INFO [main]o.s.c.s.PostProcessorRegistrationDelegate$BeanPostProcessorChecker.postProcessAfterInitialization:330 -Bean 'druidConfiguration' of type [edu.uni.config.DruidConfiguration$$EnhancerBySpringCGLIB$$2253d49c] is not eligible for getting processed by all BeanPostProcessors (for example: not eligible for auto-proxying)
2019-05-11 20:12:24.849 INFO [main]o.s.c.s.PostProcessorRegistrationDelegate$BeanPostProcessorChecker.postProcessAfterInitialization:330 -Bean 'org.springframework.transaction.annotation.ProxyTransactionManagementConfiguration' of type [org.springframework.transaction.annotation.ProxyTransactionManagementConfiguration$$EnhancerBySpringCGLIB$$475a2c4d] is not eligible for getting processed by all BeanPostProcessors (for example: not eligible for auto-proxying)
2019-05-11 20:12:25.254 INFO [main]o.s.boot.web.embedded.tomcat.TomcatWebServer.initialize:90 -Tomcat initialized with port(s): 8080 (http)
2019-05-11 20:12:25.272 INFO [main]org.apache.coyote.http11.Http11NioProtocol.log:173 -Initializing ProtocolHandler ["http-nio-8080"]
2019-05-11 20:12:25.288 INFO [main]org.apache.catalina.core.StandardService.log:173 -Starting service [Tomcat]
2019-05-11 20:12:25.289 INFO [main]org.apache.catalina.core.StandardEngine.log:173 -Starting Servlet engine: [Apache Tomcat/9.0.16]
2019-05-11 20:12:25.299 INFO [main]org.apache.catalina.core.AprLifecycleListener.log:173 -The APR based Apache Tomcat Native library which allows optimal performance in production environments was not found on the java.library.path: [C:\Program Files\Java\jdk-9.0.4\bin;C:\Windows\Sun\Java\bin;C:\Windows\system32;C:\Windows;D:\app\MacBook\product\11.2.0\dbhome_1\bin;C:\ProgramData\Oracle\Java\javapath;C:\Program Files\Java\jdk-9.0.4\bin;C:\Windows\system32;C:\Windows;C:\Windows\System32\Wbem;C:\Windows\System32\WindowsPowerShell\v1.0\;C:\Program Files\Microsoft SQL Server\Client SDK\ODBC\110\Tools\Binn\;C:\Program Files (x86)\Microsoft SQL Server\120\Tools\Binn\;C:\Program Files\Microsoft SQL Server\120\Tools\Binn\;C:\Program Files\Microsoft SQL Server\120\DTS\Binn\;C:\Program Files (x86)\Microsoft SQL Server\120\Tools\Binn\ManagementStudio\;C:\Program Files (x86)\Microsoft SQL Server\120\DTS\Binn\;D:\大学\Node.js;%;YSQL_HOME%\bin;D:\大学\MySQL\bin;D:\study\Git\cmd;D:\大学\pict测试工具\;D:\大学\Node.js\;D:\大学\apache-maven-3.6.0-bin\apache-maven-3.6.0\bin\;D:\cmder;D:\study\nvm;D:\Program Files\nodejs;C:\Users\MacBook\AppData\Local\GitHubDesktop\bin;C:\Users\MacBook\AppData\Roaming\npm;D:\大学\Microsoft VS Code\bin;D:\study\nvm;D:\Program Files\nodejs;.]
2019-05-11 20:12:25.410 INFO [main]o.a.catalina.core.ContainerBase.[Tomcat].[localhost].[/].log:173 -Initializing Spring embedded WebApplicationContext
2019-05-11 20:12:25.411 INFO [main]org.springframework.web.context.ContextLoader.prepareWebApplicationContext:296 -Root WebApplicationContext: initialization completed in 3036 ms
2019-05-11 20:12:27.292 INFO [main]o.s.scheduling.concurrent.ThreadPoolTaskExecutor.initialize:171 -Initializing ExecutorService 'applicationTaskExecutor'
2019-05-11 20:12:27.651 INFO [main]s.d.spring.web.plugins.DocumentationPluginsBootstrapper.start:120 -Context refreshed
2019-05-11 20:12:27.668 INFO [main]s.d.spring.web.plugins.DocumentationPluginsBootstrapper.start:123 -Found 1 custom documentation plugin(s)
2019-05-11 20:12:27.683 INFO [main]s.d.spring.web.scanners.ApiListingReferenceScanner.scan:41 -Scanning for api listing references
2019-05-11 20:12:27.910 INFO [main]s.d.s.w.readers.operation.CachingOperationNameGenerator.startingWith:40 -Generating unique operation named: createUsingPOST_1
2019-05-11 20:12:27.914 INFO [main]s.d.s.w.readers.operation.CachingOperationNameGenerator.startingWith:40 -Generating unique operation named: destroyUsingDELETE_1
2019-05-11 20:12:27.924 INFO [main]s.d.s.w.readers.operation.CachingOperationNameGenerator.startingWith:40 -Generating unique operation named: createUsingPOST_2
2019-05-11 20:12:27.929 INFO [main]s.d.s.w.readers.operation.CachingOperationNameGenerator.startingWith:40 -Generating unique operation named: destroyUsingDELETE_2
2019-05-11 20:12:27.936 INFO [main]s.d.s.w.readers.operation.CachingOperationNameGenerator.startingWith:40 -Generating unique operation named: updateUsingPUT_1
2019-05-11 20:12:27.995 INFO [main]s.d.s.w.readers.operation.CachingOperationNameGenerator.startingWith:40 -Generating unique operation named: createUsingPOST_3
2019-05-11 20:12:27.998 INFO [main]s.d.s.w.readers.operation.CachingOperationNameGenerator.startingWith:40 -Generating unique operation named: destroyUsingDELETE_3
2019-05-11 20:12:28.006 INFO [main]s.d.s.w.readers.operation.CachingOperationNameGenerator.startingWith:40 -Generating unique operation named: updateUsingPUT_2
2019-05-11 20:12:28.024 INFO [main]s.d.s.w.readers.operation.CachingOperationNameGenerator.startingWith:40 -Generating unique operation named: createUsingPOST_4
2019-05-11 20:12:28.028 INFO [main]s.d.s.w.readers.operation.CachingOperationNameGenerator.startingWith:40 -Generating unique operation named: destroyUsingDELETE_4
2019-05-11 20:12:28.041 INFO [main]s.d.s.w.readers.operation.CachingOperationNameGenerator.startingWith:40 -Generating unique operation named: receiveBaseUsingGET_1
2019-05-11 20:12:28.047 INFO [main]s.d.s.w.readers.operation.CachingOperationNameGenerator.startingWith:40 -Generating unique operation named: updateUsingPUT_3
2019-05-11 20:12:28.072 INFO [main]org.apache.coyote.http11.Http11NioProtocol.log:173 -Starting ProtocolHandler ["http-nio-8080"]
2019-05-11 20:12:28.109 INFO [main]o.s.boot.web.embedded.tomcat.TomcatWebServer.start:204 -Tomcat started on port(s): 8080 (http) with context path ''
2019-05-11 20:12:28.116 INFO [main]edu.uni.UniApplication.logStarted:59 -Started UniApplication in 6.702 seconds (JVM running for 8.199)
2019-05-11 20:18:28.266 INFO [http-nio-8080-exec-1]o.a.catalina.core.ContainerBase.[Tomcat].[localhost].[/].log:173 -Initializing Spring DispatcherServlet 'dispatcherServlet'
2019-05-11 20:18:28.267 INFO [http-nio-8080-exec-1]org.springframework.web.servlet.DispatcherServlet.initServletBean:524 -Initializing Servlet 'dispatcherServlet'
2019-05-11 20:18:28.279 INFO [http-nio-8080-exec-1]org.springframework.web.servlet.DispatcherServlet.initServletBean:546 -Completed initialization in 12 ms
2019-05-11 20:19:42.851 INFO [http-nio-8080-exec-9]com.alibaba.druid.pool.DruidDataSource.init:922 -{dataSource-1} inited
2019-05-11 20:20:41.590 INFO [http-nio-8080-exec-1]io.lettuce.core.EpollProvider.<clinit>:68 -Starting without optional epoll library
2019-05-11 20:20:41.593 INFO [http-nio-8080-exec-1]io.lettuce.core.KqueueProvider.<clinit>:70 -Starting without optional kqueue library
2019-05-11 21:00:01.442 INFO [main]edu.uni.UniApplication.logStarting:50 -Starting UniApplication on wcx with PID 1284 (C:\Users\MacBook\Desktop\软件项目管理作业\uniProject\uni\target\classes started by MacBook in C:\Users\MacBook\Desktop\软件项目管理作业\uniProject\uni)
2019-05-11 21:00:01.452 INFO [main]edu.uni.UniApplication.logStartupProfileInfo:675 -No active profile set, falling back to default profiles: default
2019-05-11 21:00:03.250 INFO [main]o.s.d.repository.config.RepositoryConfigurationDelegate.multipleStoresDetected:244 -Multiple Spring Data modules found, entering strict repository configuration mode!
2019-05-11 21:00:03.253 INFO [main]o.s.d.repository.config.RepositoryConfigurationDelegate.registerRepositoriesIn:126 -Bootstrapping Spring Data repositories in DEFAULT mode.
2019-05-11 21:00:03.330 INFO [main]o.s.d.repository.config.RepositoryConfigurationDelegate.registerRepositoriesIn:182 -Finished Spring Data repository scanning in 64ms. Found 0 repository interfaces.
2019-05-11 21:00:03.606 INFO [main]o.s.c.s.PostProcessorRegistrationDelegate$BeanPostProcessorChecker.postProcessAfterInitialization:330 -Bean 'druidConfiguration' of type [edu.uni.config.DruidConfiguration$$EnhancerBySpringCGLIB$$95511d4a] is not eligible for getting processed by all BeanPostProcessors (for example: not eligible for auto-proxying)
2019-05-11 21:00:03.680 INFO [main]o.s.c.s.PostProcessorRegistrationDelegate$BeanPostProcessorChecker.postProcessAfterInitialization:330 -Bean 'org.springframework.transaction.annotation.ProxyTransactionManagementConfiguration' of type [org.springframework.transaction.annotation.ProxyTransactionManagementConfiguration$$EnhancerBySpringCGLIB$$ba5774fb] is not eligible for getting processed by all BeanPostProcessors (for example: not eligible for auto-proxying)
2019-05-11 21:00:04.081 INFO [main]o.s.boot.web.embedded.tomcat.TomcatWebServer.initialize:90 -Tomcat initialized with port(s): 8080 (http)
2019-05-11 21:00:04.100 INFO [main]org.apache.coyote.http11.Http11NioProtocol.log:173 -Initializing ProtocolHandler ["http-nio-8080"]
2019-05-11 21:00:04.118 INFO [main]org.apache.catalina.core.StandardService.log:173 -Starting service [Tomcat]
2019-05-11 21:00:04.119 INFO [main]org.apache.catalina.core.StandardEngine.log:173 -Starting Servlet engine: [Apache Tomcat/9.0.16]
2019-05-11 21:00:04.127 INFO [main]org.apache.catalina.core.AprLifecycleListener.log:173 -The APR based Apache Tomcat Native library which allows optimal performance in production environments was not found on the java.library.path: [C:\Program Files\Java\jdk-9.0.4\bin;C:\Windows\Sun\Java\bin;C:\Windows\system32;C:\Windows;D:\app\MacBook\product\11.2.0\dbhome_1\bin;C:\ProgramData\Oracle\Java\javapath;C:\Program Files\Java\jdk-9.0.4\bin;C:\Windows\system32;C:\Windows;C:\Windows\System32\Wbem;C:\Windows\System32\WindowsPowerShell\v1.0\;C:\Program Files\Microsoft SQL Server\Client SDK\ODBC\110\Tools\Binn\;C:\Program Files (x86)\Microsoft SQL Server\120\Tools\Binn\;C:\Program Files\Microsoft SQL Server\120\Tools\Binn\;C:\Program Files\Microsoft SQL Server\120\DTS\Binn\;C:\Program Files (x86)\Microsoft SQL Server\120\Tools\Binn\ManagementStudio\;C:\Program Files (x86)\Microsoft SQL Server\120\DTS\Binn\;D:\大学\Node.js;%;YSQL_HOME%\bin;D:\大学\MySQL\bin;D:\study\Git\cmd;D:\大学\pict测试工具\;D:\大学\Node.js\;D:\大学\apache-maven-3.6.0-bin\apache-maven-3.6.0\bin\;D:\cmder;D:\study\nvm;D:\Program Files\nodejs;C:\Users\MacBook\AppData\Local\GitHubDesktop\bin;C:\Users\MacBook\AppData\Roaming\npm;D:\大学\Microsoft VS Code\bin;D:\study\nvm;D:\Program Files\nodejs;.]
2019-05-11 21:00:04.251 INFO [main]o.a.catalina.core.ContainerBase.[Tomcat].[localhost].[/].log:173 -Initializing Spring embedded WebApplicationContext
2019-05-11 21:00:04.252 INFO [main]org.springframework.web.context.ContextLoader.prepareWebApplicationContext:296 -Root WebApplicationContext: initialization completed in 2567 ms
2019-05-11 21:00:05.953 INFO [main]o.s.scheduling.concurrent.ThreadPoolTaskExecutor.initialize:171 -Initializing ExecutorService 'applicationTaskExecutor'
2019-05-11 21:00:06.316 INFO [main]s.d.spring.web.plugins.DocumentationPluginsBootstrapper.start:120 -Context refreshed
2019-05-11 21:00:06.332 INFO [main]s.d.spring.web.plugins.DocumentationPluginsBootstrapper.start:123 -Found 1 custom documentation plugin(s)
2019-05-11 21:00:06.345 INFO [main]s.d.spring.web.scanners.ApiListingReferenceScanner.scan:41 -Scanning for api listing references
2019-05-11 21:00:06.526 INFO [main]s.d.s.w.readers.operation.CachingOperationNameGenerator.startingWith:40 -Generating unique operation named: createUsingPOST_1
2019-05-11 21:00:06.530 INFO [main]s.d.s.w.readers.operation.CachingOperationNameGenerator.startingWith:40 -Generating unique operation named: destroyUsingDELETE_1
2019-05-11 21:00:06.544 INFO [main]s.d.s.w.readers.operation.CachingOperationNameGenerator.startingWith:40 -Generating unique operation named: createUsingPOST_2
2019-05-11 21:00:06.547 INFO [main]s.d.s.w.readers.operation.CachingOperationNameGenerator.startingWith:40 -Generating unique operation named: destroyUsingDELETE_2
2019-05-11 21:00:06.556 INFO [main]s.d.s.w.readers.operation.CachingOperationNameGenerator.startingWith:40 -Generating unique operation named: updateUsingPUT_1
2019-05-11 21:00:06.616 INFO [main]s.d.s.w.readers.operation.CachingOperationNameGenerator.startingWith:40 -Generating unique operation named: createUsingPOST_3
2019-05-11 21:00:06.620 INFO [main]s.d.s.w.readers.operation.CachingOperationNameGenerator.startingWith:40 -Generating unique operation named: destroyUsingDELETE_3
2019-05-11 21:00:06.626 INFO [main]s.d.s.w.readers.operation.CachingOperationNameGenerator.startingWith:40 -Generating unique operation named: updateUsingPUT_2
2019-05-11 21:00:06.646 INFO [main]s.d.s.w.readers.operation.CachingOperationNameGenerator.startingWith:40 -Generating unique operation named: createUsingPOST_4
2019-05-11 21:00:06.650 INFO [main]s.d.s.w.readers.operation.CachingOperationNameGenerator.startingWith:40 -Generating unique operation named: destroyUsingDELETE_4
2019-05-11 21:00:06.662 INFO [main]s.d.s.w.readers.operation.CachingOperationNameGenerator.startingWith:40 -Generating unique operation named: receiveBaseUsingGET_1
2019-05-11 21:00:06.666 INFO [main]s.d.s.w.readers.operation.CachingOperationNameGenerator.startingWith:40 -Generating unique operation named: updateUsingPUT_3
2019-05-11 21:00:06.688 INFO [main]org.apache.coyote.http11.Http11NioProtocol.log:173 -Starting ProtocolHandler ["http-nio-8080"]
2019-05-11 21:00:06.756 INFO [main]o.s.boot.web.embedded.tomcat.TomcatWebServer.start:204 -Tomcat started on port(s): 8080 (http) with context path ''
2019-05-11 21:00:06.767 INFO [main]edu.uni.UniApplication.logStarted:59 -Started UniApplication in 6.251 seconds (JVM running for 7.973)
2019-05-11 21:01:28.435 INFO [http-nio-8080-exec-2]o.a.catalina.core.ContainerBase.[Tomcat].[localhost].[/].log:173 -Initializing Spring DispatcherServlet 'dispatcherServlet'
2019-05-11 21:01:28.436 INFO [http-nio-8080-exec-2]org.springframework.web.servlet.DispatcherServlet.initServletBean:524 -Initializing Servlet 'dispatcherServlet'
2019-05-11 21:01:28.455 INFO [http-nio-8080-exec-2]org.springframework.web.servlet.DispatcherServlet.initServletBean:546 -Completed initialization in 18 ms
2019-05-11 21:01:36.113 INFO [http-nio-8080-exec-9]com.alibaba.druid.pool.DruidDataSource.init:922 -{dataSource-1} inited
2019-05-11 21:06:17.962 INFO [http-nio-8080-exec-7]io.lettuce.core.EpollProvider.<clinit>:68 -Starting without optional epoll library
2019-05-11 21:06:17.964 INFO [http-nio-8080-exec-7]io.lettuce.core.KqueueProvider.<clinit>:70 -Starting without optional kqueue library
