2019-04-30 14:53:46.673 INFO [main]edu.uni.UniApplication.logStarting:50 -Starting UniApplication on wcx with PID 11776 (C:\Users\MacBook\Desktop\软件项目管理作业\uniProject\uni\target\classes started by MacBook in C:\Users\MacBook\Desktop\软件项目管理作业\uniProject\uni)
2019-04-30 14:53:46.730 INFO [main]edu.uni.UniApplication.logStartupProfileInfo:675 -No active profile set, falling back to default profiles: default
2019-04-30 14:53:52.385 INFO [main]o.s.d.repository.config.RepositoryConfigurationDelegate.multipleStoresDetected:244 -Multiple Spring Data modules found, entering strict repository configuration mode!
2019-04-30 14:53:52.405 INFO [main]o.s.d.repository.config.RepositoryConfigurationDelegate.registerRepositoriesIn:126 -Bootstrapping Spring Data repositories in DEFAULT mode.
2019-04-30 14:53:52.692 INFO [main]o.s.d.repository.config.RepositoryConfigurationDelegate.registerRepositoriesIn:182 -Finished Spring Data repository scanning in 227ms. Found 0 repository interfaces.
2019-04-30 14:53:54.058 INFO [main]o.s.c.s.PostProcessorRegistrationDelegate$BeanPostProcessorChecker.postProcessAfterInitialization:330 -Bean 'druidConfiguration' of type [edu.uni.config.DruidConfiguration$$EnhancerBySpringCGLIB$$7b57ca06] is not eligible for getting processed by all BeanPostProcessors (for example: not eligible for auto-proxying)
2019-04-30 14:53:54.594 INFO [main]o.s.c.s.PostProcessorRegistrationDelegate$BeanPostProcessorChecker.postProcessAfterInitialization:330 -Bean 'org.springframework.transaction.annotation.ProxyTransactionManagementConfiguration' of type [org.springframework.transaction.annotation.ProxyTransactionManagementConfiguration$$EnhancerBySpringCGLIB$$a05e21b7] is not eligible for getting processed by all BeanPostProcessors (for example: not eligible for auto-proxying)
2019-04-30 14:53:56.856 INFO [main]o.s.boot.web.embedded.tomcat.TomcatWebServer.initialize:90 -Tomcat initialized with port(s): 8080 (http)
2019-04-30 14:53:56.909 INFO [main]org.apache.coyote.http11.Http11NioProtocol.log:173 -Initializing ProtocolHandler ["http-nio-8080"]
2019-04-30 14:53:56.945 INFO [main]org.apache.catalina.core.StandardService.log:173 -Starting service [Tomcat]
2019-04-30 14:53:56.946 INFO [main]org.apache.catalina.core.StandardEngine.log:173 -Starting Servlet engine: [Apache Tomcat/9.0.16]
2019-04-30 14:53:56.978 INFO [main]org.apache.catalina.core.AprLifecycleListener.log:173 -The APR based Apache Tomcat Native library which allows optimal performance in production environments was not found on the java.library.path: [C:\Program Files\Java\jdk-9.0.4\bin;C:\Windows\Sun\Java\bin;C:\Windows\system32;C:\Windows;D:\app\MacBook\product\11.2.0\dbhome_1\bin;C:\ProgramData\Oracle\Java\javapath;C:\Program Files\Java\jdk-9.0.4\bin;C:\Windows\system32;C:\Windows;C:\Windows\System32\Wbem;C:\Windows\System32\WindowsPowerShell\v1.0\;C:\Program Files\Microsoft SQL Server\Client SDK\ODBC\110\Tools\Binn\;C:\Program Files (x86)\Microsoft SQL Server\120\Tools\Binn\;C:\Program Files\Microsoft SQL Server\120\Tools\Binn\;C:\Program Files\Microsoft SQL Server\120\DTS\Binn\;C:\Program Files (x86)\Microsoft SQL Server\120\Tools\Binn\ManagementStudio\;C:\Program Files (x86)\Microsoft SQL Server\120\DTS\Binn\;D:\大学\Node.js;%;YSQL_HOME%\bin;D:\大学\MySQL\bin;;;D:\study\Git\cmd;D:\大学\pict测试工具\;D:\大学\Node.js\;D:\大学\apache-maven-3.6.0-bin\apache-maven-3.6.0\bin\;D:\cmder;C:\Users\MacBook\AppData\Local\GitHubDesktop\bin;C:\Users\MacBook\AppData\Roaming\npm;D:\大学\Microsoft VS Code\bin;.]
2019-04-30 14:53:57.251 INFO [main]o.a.catalina.core.ContainerBase.[Tomcat].[localhost].[/].log:173 -Initializing Spring embedded WebApplicationContext
2019-04-30 14:53:57.252 INFO [main]org.springframework.web.context.ContextLoader.prepareWebApplicationContext:296 -Root WebApplicationContext: initialization completed in 9972 ms
2019-04-30 14:54:01.493 WARN [main]o.s.b.w.s.c.AnnotationConfigServletWebServerApplicationContext.refresh:557 -Exception encountered during context initialization - cancelling refresh attempt: org.springframework.beans.factory.UnsatisfiedDependencyException: Error creating bean with name 'documentationPluginsBootstrapper' defined in URL [jar:file:/D:/大学/apache-maven-3.6.0-bin/maven-repository/io/springfox/springfox-spring-web/2.6.1/springfox-spring-web-2.6.1.jar!/springfox/documentation/spring/web/plugins/DocumentationPluginsBootstrapper.class]: Unsatisfied dependency expressed through constructor parameter 1; nested exception is org.springframework.beans.factory.UnsatisfiedDependencyException: Error creating bean with name 'webMvcRequestHandlerProvider' defined in URL [jar:file:/D:/大学/apache-maven-3.6.0-bin/maven-repository/io/springfox/springfox-spring-web/2.6.1/springfox-spring-web-2.6.1.jar!/springfox/documentation/spring/web/plugins/WebMvcRequestHandlerProvider.class]: Unsatisfied dependency expressed through constructor parameter 0; nested exception is org.springframework.beans.factory.BeanCreationException: Error creating bean with name 'requestMappingHandlerMapping' defined in class path resource [org/springframework/boot/autoconfigure/web/servlet/WebMvcAutoConfiguration$EnableWebMvcConfiguration.class]: Invocation of init method failed; nested exception is java.lang.IllegalStateException: Ambiguous mapping. Cannot map 'studentController' method 
public void edu.uni.userBaseInfo2.controller.StudentController.receive(java.lang.Long,javax.servlet.http.HttpServletResponse) throws java.io.IOException
to {GET /json/userBaseInfo2/student/{id}}: There is already 'studentController' bean method
public void edu.uni.userBaseInfo2.controller.StudentController.select(java.lang.Long,javax.servlet.http.HttpServletResponse) throws java.io.IOException mapped.
2019-04-30 14:54:01.571 INFO [main]org.apache.catalina.core.StandardService.log:173 -Stopping service [Tomcat]
2019-04-30 14:54:01.660 INFO [main]o.s.b.a.logging.ConditionEvaluationReportLoggingListener.logMessage:142 -

Error starting ApplicationContext. To display the conditions report re-run your application with 'debug' enabled.
2019-04-30 14:55:34.182 INFO [main]edu.uni.UniApplication.logStarting:50 -Starting UniApplication on wcx with PID 12040 (C:\Users\MacBook\Desktop\软件项目管理作业\uniProject\uni\target\classes started by MacBook in C:\Users\MacBook\Desktop\软件项目管理作业\uniProject\uni)
2019-04-30 14:55:34.188 INFO [main]edu.uni.UniApplication.logStartupProfileInfo:675 -No active profile set, falling back to default profiles: default
2019-04-30 14:55:37.522 INFO [main]o.s.d.repository.config.RepositoryConfigurationDelegate.multipleStoresDetected:244 -Multiple Spring Data modules found, entering strict repository configuration mode!
2019-04-30 14:55:37.525 INFO [main]o.s.d.repository.config.RepositoryConfigurationDelegate.registerRepositoriesIn:126 -Bootstrapping Spring Data repositories in DEFAULT mode.
2019-04-30 14:55:37.606 INFO [main]o.s.d.repository.config.RepositoryConfigurationDelegate.registerRepositoriesIn:182 -Finished Spring Data repository scanning in 61ms. Found 0 repository interfaces.
2019-04-30 14:55:38.196 INFO [main]o.s.c.s.PostProcessorRegistrationDelegate$BeanPostProcessorChecker.postProcessAfterInitialization:330 -Bean 'druidConfiguration' of type [edu.uni.config.DruidConfiguration$$EnhancerBySpringCGLIB$$a141b8d7] is not eligible for getting processed by all BeanPostProcessors (for example: not eligible for auto-proxying)
2019-04-30 14:55:38.350 INFO [main]o.s.c.s.PostProcessorRegistrationDelegate$BeanPostProcessorChecker.postProcessAfterInitialization:330 -Bean 'org.springframework.transaction.annotation.ProxyTransactionManagementConfiguration' of type [org.springframework.transaction.annotation.ProxyTransactionManagementConfiguration$$EnhancerBySpringCGLIB$$c6481088] is not eligible for getting processed by all BeanPostProcessors (for example: not eligible for auto-proxying)
2019-04-30 14:55:39.057 INFO [main]o.s.boot.web.embedded.tomcat.TomcatWebServer.initialize:90 -Tomcat initialized with port(s): 8080 (http)
2019-04-30 14:55:39.100 INFO [main]org.apache.coyote.http11.Http11NioProtocol.log:173 -Initializing ProtocolHandler ["http-nio-8080"]
2019-04-30 14:55:39.125 INFO [main]org.apache.catalina.core.StandardService.log:173 -Starting service [Tomcat]
2019-04-30 14:55:39.127 INFO [main]org.apache.catalina.core.StandardEngine.log:173 -Starting Servlet engine: [Apache Tomcat/9.0.16]
2019-04-30 14:55:39.142 INFO [main]org.apache.catalina.core.AprLifecycleListener.log:173 -The APR based Apache Tomcat Native library which allows optimal performance in production environments was not found on the java.library.path: [C:\Program Files\Java\jdk-9.0.4\bin;C:\Windows\Sun\Java\bin;C:\Windows\system32;C:\Windows;D:\app\MacBook\product\11.2.0\dbhome_1\bin;C:\ProgramData\Oracle\Java\javapath;C:\Program Files\Java\jdk-9.0.4\bin;C:\Windows\system32;C:\Windows;C:\Windows\System32\Wbem;C:\Windows\System32\WindowsPowerShell\v1.0\;C:\Program Files\Microsoft SQL Server\Client SDK\ODBC\110\Tools\Binn\;C:\Program Files (x86)\Microsoft SQL Server\120\Tools\Binn\;C:\Program Files\Microsoft SQL Server\120\Tools\Binn\;C:\Program Files\Microsoft SQL Server\120\DTS\Binn\;C:\Program Files (x86)\Microsoft SQL Server\120\Tools\Binn\ManagementStudio\;C:\Program Files (x86)\Microsoft SQL Server\120\DTS\Binn\;D:\大学\Node.js;%;YSQL_HOME%\bin;D:\大学\MySQL\bin;;;D:\study\Git\cmd;D:\大学\pict测试工具\;D:\大学\Node.js\;D:\大学\apache-maven-3.6.0-bin\apache-maven-3.6.0\bin\;D:\cmder;C:\Users\MacBook\AppData\Local\GitHubDesktop\bin;C:\Users\MacBook\AppData\Roaming\npm;D:\大学\Microsoft VS Code\bin;.]
2019-04-30 14:55:39.492 INFO [main]o.a.catalina.core.ContainerBase.[Tomcat].[localhost].[/].log:173 -Initializing Spring embedded WebApplicationContext
2019-04-30 14:55:39.493 INFO [main]org.springframework.web.context.ContextLoader.prepareWebApplicationContext:296 -Root WebApplicationContext: initialization completed in 4999 ms
2019-04-30 14:55:42.591 INFO [main]o.s.scheduling.concurrent.ThreadPoolTaskExecutor.initialize:171 -Initializing ExecutorService 'applicationTaskExecutor'
2019-04-30 14:55:43.477 INFO [main]s.d.spring.web.plugins.DocumentationPluginsBootstrapper.start:120 -Context refreshed
2019-04-30 14:55:43.535 INFO [main]s.d.spring.web.plugins.DocumentationPluginsBootstrapper.start:123 -Found 1 custom documentation plugin(s)
2019-04-30 14:55:43.555 INFO [main]s.d.spring.web.scanners.ApiListingReferenceScanner.scan:41 -Scanning for api listing references
2019-04-30 14:55:43.998 INFO [main]org.apache.coyote.http11.Http11NioProtocol.log:173 -Starting ProtocolHandler ["http-nio-8080"]
2019-04-30 14:55:44.091 INFO [main]o.s.boot.web.embedded.tomcat.TomcatWebServer.start:204 -Tomcat started on port(s): 8080 (http) with context path ''
2019-04-30 14:55:44.102 INFO [main]edu.uni.UniApplication.logStarted:59 -Started UniApplication in 11.886 seconds (JVM running for 16.46)
2019-04-30 14:55:51.370 INFO [http-nio-8080-exec-1]o.a.catalina.core.ContainerBase.[Tomcat].[localhost].[/].log:173 -Initializing Spring DispatcherServlet 'dispatcherServlet'
2019-04-30 14:55:51.370 INFO [http-nio-8080-exec-1]org.springframework.web.servlet.DispatcherServlet.initServletBean:524 -Initializing Servlet 'dispatcherServlet'
2019-04-30 14:55:51.417 INFO [http-nio-8080-exec-1]org.springframework.web.servlet.DispatcherServlet.initServletBean:546 -Completed initialization in 46 ms
2019-04-30 14:56:23.362 INFO [http-nio-8080-exec-9]io.lettuce.core.EpollProvider.<clinit>:68 -Starting without optional epoll library
2019-04-30 14:56:23.367 INFO [http-nio-8080-exec-9]io.lettuce.core.KqueueProvider.<clinit>:70 -Starting without optional kqueue library
